26-Apr-2022 10:43:55.792 INFO [main] org.apache.catalina.startup.VersionLoggerListener.log Server version name:   Apache Tomcat/10.0.18
26-Apr-2022 10:43:55.794 INFO [main] org.apache.catalina.startup.VersionLoggerListener.log Server built:          Mar 9 2022 14:30:15 UTC
26-Apr-2022 10:43:55.795 INFO [main] org.apache.catalina.startup.VersionLoggerListener.log Server version number: 10.0.18.0
26-Apr-2022 10:43:55.795 INFO [main] org.apache.catalina.startup.VersionLoggerListener.log OS Name:               Windows 10
26-Apr-2022 10:43:55.795 INFO [main] org.apache.catalina.startup.VersionLoggerListener.log OS Version:            10.0
26-Apr-2022 10:43:55.795 INFO [main] org.apache.catalina.startup.VersionLoggerListener.log Architecture:          amd64
26-Apr-2022 10:43:55.796 INFO [main] org.apache.catalina.startup.VersionLoggerListener.log Java Home:             C:\Program Files\Java\jdk-17.0.2
26-Apr-2022 10:43:55.796 INFO [main] org.apache.catalina.startup.VersionLoggerListener.log JVM Version:           17.0.2+8-LTS-86
26-Apr-2022 10:43:55.796 INFO [main] org.apache.catalina.startup.VersionLoggerListener.log JVM Vendor:            Oracle Corporation
26-Apr-2022 10:43:55.796 INFO [main] org.apache.catalina.startup.VersionLoggerListener.log CATALINA_BASE:         C:\Users\User\Everything\Suli\Adatb_2\Push\Adatbre_2_allaskereso\Tomcat_10
26-Apr-2022 10:43:55.796 INFO [main] org.apache.catalina.startup.VersionLoggerListener.log CATALINA_HOME:         C:\Users\User\Everything\Suli\Adatb_2\Push\Adatbre_2_allaskereso\Tomcat_10
26-Apr-2022 10:43:55.829 INFO [main] org.apache.catalina.startup.VersionLoggerListener.log Command line argument: --add-opens=java.base/java.lang=ALL-UNNAMED
26-Apr-2022 10:43:55.829 INFO [main] org.apache.catalina.startup.VersionLoggerListener.log Command line argument: --add-opens=java.base/java.io=ALL-UNNAMED
26-Apr-2022 10:43:55.830 INFO [main] org.apache.catalina.startup.VersionLoggerListener.log Command line argument: --add-opens=java.base/java.util=ALL-UNNAMED
26-Apr-2022 10:43:55.830 INFO [main] org.apache.catalina.startup.VersionLoggerListener.log Command line argument: --add-opens=java.base/java.util.concurrent=ALL-UNNAMED
26-Apr-2022 10:43:55.830 INFO [main] org.apache.catalina.startup.VersionLoggerListener.log Command line argument: --add-opens=java.rmi/sun.rmi.transport=ALL-UNNAMED
26-Apr-2022 10:43:55.830 INFO [main] org.apache.catalina.startup.VersionLoggerListener.log Command line argument: -Djava.util.logging.config.file=C:\Users\User\Everything\Suli\Adatb_2\Push\Adatbre_2_allaskereso\Tomcat_10\conf\logging.properties
26-Apr-2022 10:43:55.830 INFO [main] org.apache.catalina.startup.VersionLoggerListener.log Command line argument: -Djava.util.logging.manager=org.apache.juli.ClassLoaderLogManager
26-Apr-2022 10:43:55.830 INFO [main] org.apache.catalina.startup.VersionLoggerListener.log Command line argument: -Djdk.tls.ephemeralDHKeySize=2048
26-Apr-2022 10:43:55.830 INFO [main] org.apache.catalina.startup.VersionLoggerListener.log Command line argument: -Djava.protocol.handler.pkgs=org.apache.catalina.webresources
26-Apr-2022 10:43:55.830 INFO [main] org.apache.catalina.startup.VersionLoggerListener.log Command line argument: -Dignore.endorsed.dirs=
26-Apr-2022 10:43:55.830 INFO [main] org.apache.catalina.startup.VersionLoggerListener.log Command line argument: -Dcatalina.base=C:\Users\User\Everything\Suli\Adatb_2\Push\Adatbre_2_allaskereso\Tomcat_10
26-Apr-2022 10:43:55.831 INFO [main] org.apache.catalina.startup.VersionLoggerListener.log Command line argument: -Dcatalina.home=C:\Users\User\Everything\Suli\Adatb_2\Push\Adatbre_2_allaskereso\Tomcat_10
26-Apr-2022 10:43:55.831 INFO [main] org.apache.catalina.startup.VersionLoggerListener.log Command line argument: -Djava.io.tmpdir=C:\Users\User\Everything\Suli\Adatb_2\Push\Adatbre_2_allaskereso\Tomcat_10\temp
26-Apr-2022 10:43:55.846 INFO [main] org.apache.catalina.core.AprLifecycleListener.lifecycleEvent Loaded Apache Tomcat Native library [1.2.31] using APR version [1.7.0].
26-Apr-2022 10:43:55.847 INFO [main] org.apache.catalina.core.AprLifecycleListener.lifecycleEvent APR capabilities: IPv6 [true], sendfile [true], accept filters [false], random [true], UDS [true].
26-Apr-2022 10:43:55.868 INFO [main] org.apache.catalina.core.AprLifecycleListener.initializeSSL OpenSSL successfully initialized [OpenSSL 1.1.1l  24 Aug 2021]
26-Apr-2022 10:43:56.125 INFO [main] org.apache.coyote.AbstractProtocol.init Initializing ProtocolHandler ["http-nio-8686"]
26-Apr-2022 10:43:56.153 INFO [main] org.apache.catalina.startup.Catalina.load Server initialization in [615] milliseconds
26-Apr-2022 10:43:56.197 INFO [main] org.apache.catalina.core.StandardService.startInternal Starting service [Catalina]
26-Apr-2022 10:43:56.197 INFO [main] org.apache.catalina.core.StandardEngine.startInternal Starting Servlet engine: [Apache Tomcat/10.0.18]
26-Apr-2022 10:43:58.146 INFO [main] org.apache.jasper.servlet.TldScanner.scanJars At least one JAR was scanned for TLDs yet contained no TLDs. Enable debug logging for this logger for a complete list of JARs that were scanned but no TLDs were found in them. Skipping unneeded JARs during scanning can improve startup time and JSP compilation time.
26-Apr-2022 10:43:58.273 INFO [main] org.apache.catalina.startup.HostConfig.deployDirectory Deploying web application directory [C:\Users\User\Everything\Suli\Adatb_2\Push\Adatbre_2_allaskereso\Tomcat_10\webapps\tomcat_control]
26-Apr-2022 10:43:58.323 INFO [main] org.apache.catalina.startup.HostConfig.deployDirectory Deployment of web application directory [C:\Users\User\Everything\Suli\Adatb_2\Push\Adatbre_2_allaskereso\Tomcat_10\webapps\tomcat_control] has finished in [49] ms
26-Apr-2022 10:43:58.323 INFO [main] org.apache.catalina.startup.HostConfig.deployDirectory Deploying web application directory [C:\Users\User\Everything\Suli\Adatb_2\Push\Adatbre_2_allaskereso\Tomcat_10\webapps\Webapp_2]
26-Apr-2022 10:43:58.367 INFO [main] org.apache.catalina.startup.HostConfig.deployDirectory Deployment of web application directory [C:\Users\User\Everything\Suli\Adatb_2\Push\Adatbre_2_allaskereso\Tomcat_10\webapps\Webapp_2] has finished in [44] ms
26-Apr-2022 10:43:58.370 INFO [main] org.apache.coyote.AbstractProtocol.start Starting ProtocolHandler ["http-nio-8686"]
26-Apr-2022 10:43:58.465 INFO [main] org.apache.catalina.startup.Catalina.start Server startup in [2312] milliseconds
26-Apr-2022 11:00:47.016 INFO [main] org.apache.catalina.core.StandardServer.await A valid shutdown command was received via the shutdown port. Stopping the Server instance.
26-Apr-2022 11:00:47.016 INFO [main] org.apache.coyote.AbstractProtocol.pause Pausing ProtocolHandler ["http-nio-8686"]
26-Apr-2022 11:00:47.039 INFO [main] org.apache.catalina.core.StandardService.stopInternal Stopping service [Catalina]
26-Apr-2022 11:00:47.053 INFO [main] org.apache.coyote.AbstractProtocol.stop Stopping ProtocolHandler ["http-nio-8686"]
26-Apr-2022 11:00:47.070 INFO [main] org.apache.coyote.AbstractProtocol.destroy Destroying ProtocolHandler ["http-nio-8686"]
26-Apr-2022 11:01:14.231 INFO [main] org.apache.catalina.startup.VersionLoggerListener.log Server version name:   Apache Tomcat/10.0.18
26-Apr-2022 11:01:14.234 INFO [main] org.apache.catalina.startup.VersionLoggerListener.log Server built:          Mar 9 2022 14:30:15 UTC
26-Apr-2022 11:01:14.234 INFO [main] org.apache.catalina.startup.VersionLoggerListener.log Server version number: 10.0.18.0
26-Apr-2022 11:01:14.234 INFO [main] org.apache.catalina.startup.VersionLoggerListener.log OS Name:               Windows 10
26-Apr-2022 11:01:14.234 INFO [main] org.apache.catalina.startup.VersionLoggerListener.log OS Version:            10.0
26-Apr-2022 11:01:14.234 INFO [main] org.apache.catalina.startup.VersionLoggerListener.log Architecture:          amd64
26-Apr-2022 11:01:14.234 INFO [main] org.apache.catalina.startup.VersionLoggerListener.log Java Home:             C:\Program Files\Java\jdk-17.0.2
26-Apr-2022 11:01:14.235 INFO [main] org.apache.catalina.startup.VersionLoggerListener.log JVM Version:           17.0.2+8-LTS-86
26-Apr-2022 11:01:14.235 INFO [main] org.apache.catalina.startup.VersionLoggerListener.log JVM Vendor:            Oracle Corporation
26-Apr-2022 11:01:14.235 INFO [main] org.apache.catalina.startup.VersionLoggerListener.log CATALINA_BASE:         C:\Users\User\Everything\Suli\Adatb_2\Push\Adatbre_2_allaskereso\Tomcat_10
26-Apr-2022 11:01:14.235 INFO [main] org.apache.catalina.startup.VersionLoggerListener.log CATALINA_HOME:         C:\Users\User\Everything\Suli\Adatb_2\Push\Adatbre_2_allaskereso\Tomcat_10
26-Apr-2022 11:01:14.244 INFO [main] org.apache.catalina.startup.VersionLoggerListener.log Command line argument: --add-opens=java.base/java.lang=ALL-UNNAMED
26-Apr-2022 11:01:14.244 INFO [main] org.apache.catalina.startup.VersionLoggerListener.log Command line argument: --add-opens=java.base/java.io=ALL-UNNAMED
26-Apr-2022 11:01:14.244 INFO [main] org.apache.catalina.startup.VersionLoggerListener.log Command line argument: --add-opens=java.base/java.util=ALL-UNNAMED
26-Apr-2022 11:01:14.244 INFO [main] org.apache.catalina.startup.VersionLoggerListener.log Command line argument: --add-opens=java.base/java.util.concurrent=ALL-UNNAMED
26-Apr-2022 11:01:14.244 INFO [main] org.apache.catalina.startup.VersionLoggerListener.log Command line argument: --add-opens=java.rmi/sun.rmi.transport=ALL-UNNAMED
26-Apr-2022 11:01:14.245 INFO [main] org.apache.catalina.startup.VersionLoggerListener.log Command line argument: -Djava.util.logging.config.file=C:\Users\User\Everything\Suli\Adatb_2\Push\Adatbre_2_allaskereso\Tomcat_10\conf\logging.properties
26-Apr-2022 11:01:14.245 INFO [main] org.apache.catalina.startup.VersionLoggerListener.log Command line argument: -Djava.util.logging.manager=org.apache.juli.ClassLoaderLogManager
26-Apr-2022 11:01:14.245 INFO [main] org.apache.catalina.startup.VersionLoggerListener.log Command line argument: -Djdk.tls.ephemeralDHKeySize=2048
26-Apr-2022 11:01:14.245 INFO [main] org.apache.catalina.startup.VersionLoggerListener.log Command line argument: -Djava.protocol.handler.pkgs=org.apache.catalina.webresources
26-Apr-2022 11:01:14.245 INFO [main] org.apache.catalina.startup.VersionLoggerListener.log Command line argument: -Dignore.endorsed.dirs=
26-Apr-2022 11:01:14.245 INFO [main] org.apache.catalina.startup.VersionLoggerListener.log Command line argument: -Dcatalina.base=C:\Users\User\Everything\Suli\Adatb_2\Push\Adatbre_2_allaskereso\Tomcat_10
26-Apr-2022 11:01:14.245 INFO [main] org.apache.catalina.startup.VersionLoggerListener.log Command line argument: -Dcatalina.home=C:\Users\User\Everything\Suli\Adatb_2\Push\Adatbre_2_allaskereso\Tomcat_10
26-Apr-2022 11:01:14.245 INFO [main] org.apache.catalina.startup.VersionLoggerListener.log Command line argument: -Djava.io.tmpdir=C:\Users\User\Everything\Suli\Adatb_2\Push\Adatbre_2_allaskereso\Tomcat_10\temp
26-Apr-2022 11:01:14.249 INFO [main] org.apache.catalina.core.AprLifecycleListener.lifecycleEvent Loaded Apache Tomcat Native library [1.2.31] using APR version [1.7.0].
26-Apr-2022 11:01:14.250 INFO [main] org.apache.catalina.core.AprLifecycleListener.lifecycleEvent APR capabilities: IPv6 [true], sendfile [true], accept filters [false], random [true], UDS [true].
26-Apr-2022 11:01:14.256 INFO [main] org.apache.catalina.core.AprLifecycleListener.initializeSSL OpenSSL successfully initialized [OpenSSL 1.1.1l  24 Aug 2021]
26-Apr-2022 11:01:14.475 INFO [main] org.apache.coyote.AbstractProtocol.init Initializing ProtocolHandler ["http-nio-8686"]
26-Apr-2022 11:01:14.495 INFO [main] org.apache.catalina.startup.Catalina.load Server initialization in [464] milliseconds
26-Apr-2022 11:01:14.539 INFO [main] org.apache.catalina.core.StandardService.startInternal Starting service [Catalina]
26-Apr-2022 11:01:14.539 INFO [main] org.apache.catalina.core.StandardEngine.startInternal Starting Servlet engine: [Apache Tomcat/10.0.18]
26-Apr-2022 11:01:16.481 INFO [main] org.apache.jasper.servlet.TldScanner.scanJars At least one JAR was scanned for TLDs yet contained no TLDs. Enable debug logging for this logger for a complete list of JARs that were scanned but no TLDs were found in them. Skipping unneeded JARs during scanning can improve startup time and JSP compilation time.
26-Apr-2022 11:01:16.611 INFO [main] org.apache.catalina.startup.HostConfig.deployDirectory Deploying web application directory [C:\Users\User\Everything\Suli\Adatb_2\Push\Adatbre_2_allaskereso\Tomcat_10\webapps\tomcat_control]
26-Apr-2022 11:01:16.660 INFO [main] org.apache.catalina.startup.HostConfig.deployDirectory Deployment of web application directory [C:\Users\User\Everything\Suli\Adatb_2\Push\Adatbre_2_allaskereso\Tomcat_10\webapps\tomcat_control] has finished in [49] ms
26-Apr-2022 11:01:16.661 INFO [main] org.apache.catalina.startup.HostConfig.deployDirectory Deploying web application directory [C:\Users\User\Everything\Suli\Adatb_2\Push\Adatbre_2_allaskereso\Tomcat_10\webapps\Webapp_2]
26-Apr-2022 11:01:16.707 INFO [main] org.apache.catalina.startup.HostConfig.deployDirectory Deployment of web application directory [C:\Users\User\Everything\Suli\Adatb_2\Push\Adatbre_2_allaskereso\Tomcat_10\webapps\Webapp_2] has finished in [46] ms
26-Apr-2022 11:01:16.709 INFO [main] org.apache.coyote.AbstractProtocol.start Starting ProtocolHandler ["http-nio-8686"]
26-Apr-2022 11:01:16.804 INFO [main] org.apache.catalina.startup.Catalina.start Server startup in [2308] milliseconds
26-Apr-2022 11:02:17.904 INFO [main] org.apache.catalina.core.StandardServer.await A valid shutdown command was received via the shutdown port. Stopping the Server instance.
26-Apr-2022 11:02:17.905 INFO [main] org.apache.coyote.AbstractProtocol.pause Pausing ProtocolHandler ["http-nio-8686"]
26-Apr-2022 11:02:17.929 INFO [main] org.apache.catalina.core.StandardService.stopInternal Stopping service [Catalina]
26-Apr-2022 11:02:17.940 INFO [main] org.apache.coyote.AbstractProtocol.stop Stopping ProtocolHandler ["http-nio-8686"]
26-Apr-2022 11:02:17.960 INFO [main] org.apache.coyote.AbstractProtocol.destroy Destroying ProtocolHandler ["http-nio-8686"]
26-Apr-2022 11:02:29.753 INFO [main] org.apache.catalina.startup.VersionLoggerListener.log Server version name:   Apache Tomcat/10.0.18
26-Apr-2022 11:02:29.757 INFO [main] org.apache.catalina.startup.VersionLoggerListener.log Server built:          Mar 9 2022 14:30:15 UTC
26-Apr-2022 11:02:29.757 INFO [main] org.apache.catalina.startup.VersionLoggerListener.log Server version number: 10.0.18.0
26-Apr-2022 11:02:29.757 INFO [main] org.apache.catalina.startup.VersionLoggerListener.log OS Name:               Windows 10
26-Apr-2022 11:02:29.757 INFO [main] org.apache.catalina.startup.VersionLoggerListener.log OS Version:            10.0
26-Apr-2022 11:02:29.757 INFO [main] org.apache.catalina.startup.VersionLoggerListener.log Architecture:          amd64
26-Apr-2022 11:02:29.758 INFO [main] org.apache.catalina.startup.VersionLoggerListener.log Java Home:             C:\Program Files\Java\jdk-17.0.2
26-Apr-2022 11:02:29.758 INFO [main] org.apache.catalina.startup.VersionLoggerListener.log JVM Version:           17.0.2+8-LTS-86
26-Apr-2022 11:02:29.758 INFO [main] org.apache.catalina.startup.VersionLoggerListener.log JVM Vendor:            Oracle Corporation
26-Apr-2022 11:02:29.758 INFO [main] org.apache.catalina.startup.VersionLoggerListener.log CATALINA_BASE:         C:\Users\User\Everything\Suli\Adatb_2\Push\Adatbre_2_allaskereso\Tomcat_10
26-Apr-2022 11:02:29.758 INFO [main] org.apache.catalina.startup.VersionLoggerListener.log CATALINA_HOME:         C:\Users\User\Everything\Suli\Adatb_2\Push\Adatbre_2_allaskereso\Tomcat_10
26-Apr-2022 11:02:29.773 INFO [main] org.apache.catalina.startup.VersionLoggerListener.log Command line argument: --add-opens=java.base/java.lang=ALL-UNNAMED
26-Apr-2022 11:02:29.773 INFO [main] org.apache.catalina.startup.VersionLoggerListener.log Command line argument: --add-opens=java.base/java.io=ALL-UNNAMED
26-Apr-2022 11:02:29.773 INFO [main] org.apache.catalina.startup.VersionLoggerListener.log Command line argument: --add-opens=java.base/java.util=ALL-UNNAMED
26-Apr-2022 11:02:29.773 INFO [main] org.apache.catalina.startup.VersionLoggerListener.log Command line argument: --add-opens=java.base/java.util.concurrent=ALL-UNNAMED
26-Apr-2022 11:02:29.773 INFO [main] org.apache.catalina.startup.VersionLoggerListener.log Command line argument: --add-opens=java.rmi/sun.rmi.transport=ALL-UNNAMED
26-Apr-2022 11:02:29.774 INFO [main] org.apache.catalina.startup.VersionLoggerListener.log Command line argument: -Djava.util.logging.config.file=C:\Users\User\Everything\Suli\Adatb_2\Push\Adatbre_2_allaskereso\Tomcat_10\conf\logging.properties
26-Apr-2022 11:02:29.774 INFO [main] org.apache.catalina.startup.VersionLoggerListener.log Command line argument: -Djava.util.logging.manager=org.apache.juli.ClassLoaderLogManager
26-Apr-2022 11:02:29.774 INFO [main] org.apache.catalina.startup.VersionLoggerListener.log Command line argument: -Djdk.tls.ephemeralDHKeySize=2048
26-Apr-2022 11:02:29.774 INFO [main] org.apache.catalina.startup.VersionLoggerListener.log Command line argument: -Djava.protocol.handler.pkgs=org.apache.catalina.webresources
26-Apr-2022 11:02:29.774 INFO [main] org.apache.catalina.startup.VersionLoggerListener.log Command line argument: -Dignore.endorsed.dirs=
26-Apr-2022 11:02:29.774 INFO [main] org.apache.catalina.startup.VersionLoggerListener.log Command line argument: -Dcatalina.base=C:\Users\User\Everything\Suli\Adatb_2\Push\Adatbre_2_allaskereso\Tomcat_10
26-Apr-2022 11:02:29.774 INFO [main] org.apache.catalina.startup.VersionLoggerListener.log Command line argument: -Dcatalina.home=C:\Users\User\Everything\Suli\Adatb_2\Push\Adatbre_2_allaskereso\Tomcat_10
26-Apr-2022 11:02:29.775 INFO [main] org.apache.catalina.startup.VersionLoggerListener.log Command line argument: -Djava.io.tmpdir=C:\Users\User\Everything\Suli\Adatb_2\Push\Adatbre_2_allaskereso\Tomcat_10\temp
26-Apr-2022 11:02:29.780 INFO [main] org.apache.catalina.core.AprLifecycleListener.lifecycleEvent Loaded Apache Tomcat Native library [1.2.31] using APR version [1.7.0].
26-Apr-2022 11:02:29.780 INFO [main] org.apache.catalina.core.AprLifecycleListener.lifecycleEvent APR capabilities: IPv6 [true], sendfile [true], accept filters [false], random [true], UDS [true].
26-Apr-2022 11:02:29.790 INFO [main] org.apache.catalina.core.AprLifecycleListener.initializeSSL OpenSSL successfully initialized [OpenSSL 1.1.1l  24 Aug 2021]
26-Apr-2022 11:02:30.021 INFO [main] org.apache.coyote.AbstractProtocol.init Initializing ProtocolHandler ["http-nio-8686"]
26-Apr-2022 11:02:30.046 INFO [main] org.apache.catalina.startup.Catalina.load Server initialization in [473] milliseconds
26-Apr-2022 11:02:30.089 INFO [main] org.apache.catalina.core.StandardService.startInternal Starting service [Catalina]
26-Apr-2022 11:02:30.089 INFO [main] org.apache.catalina.core.StandardEngine.startInternal Starting Servlet engine: [Apache Tomcat/10.0.18]
26-Apr-2022 11:02:32.052 INFO [main] org.apache.jasper.servlet.TldScanner.scanJars At least one JAR was scanned for TLDs yet contained no TLDs. Enable debug logging for this logger for a complete list of JARs that were scanned but no TLDs were found in them. Skipping unneeded JARs during scanning can improve startup time and JSP compilation time.
26-Apr-2022 11:02:32.179 INFO [main] org.apache.catalina.startup.HostConfig.deployDirectory Deploying web application directory [C:\Users\User\Everything\Suli\Adatb_2\Push\Adatbre_2_allaskereso\Tomcat_10\webapps\tomcat_control]
26-Apr-2022 11:02:32.228 INFO [main] org.apache.catalina.startup.HostConfig.deployDirectory Deployment of web application directory [C:\Users\User\Everything\Suli\Adatb_2\Push\Adatbre_2_allaskereso\Tomcat_10\webapps\tomcat_control] has finished in [49] ms
26-Apr-2022 11:02:32.229 INFO [main] org.apache.catalina.startup.HostConfig.deployDirectory Deploying web application directory [C:\Users\User\Everything\Suli\Adatb_2\Push\Adatbre_2_allaskereso\Tomcat_10\webapps\Webapp_2]
26-Apr-2022 11:02:32.280 INFO [main] org.apache.catalina.startup.HostConfig.deployDirectory Deployment of web application directory [C:\Users\User\Everything\Suli\Adatb_2\Push\Adatbre_2_allaskereso\Tomcat_10\webapps\Webapp_2] has finished in [51] ms
26-Apr-2022 11:02:32.283 INFO [main] org.apache.coyote.AbstractProtocol.start Starting ProtocolHandler ["http-nio-8686"]
26-Apr-2022 11:02:32.367 INFO [main] org.apache.catalina.startup.Catalina.start Server startup in [2320] milliseconds
26-Apr-2022 11:03:04.957 INFO [main] org.apache.catalina.core.StandardServer.await A valid shutdown command was received via the shutdown port. Stopping the Server instance.
26-Apr-2022 11:03:04.958 INFO [main] org.apache.coyote.AbstractProtocol.pause Pausing ProtocolHandler ["http-nio-8686"]
26-Apr-2022 11:03:04.982 INFO [main] org.apache.catalina.core.StandardService.stopInternal Stopping service [Catalina]
26-Apr-2022 11:03:04.992 INFO [main] org.apache.coyote.AbstractProtocol.stop Stopping ProtocolHandler ["http-nio-8686"]
26-Apr-2022 11:03:05.005 INFO [main] org.apache.coyote.AbstractProtocol.destroy Destroying ProtocolHandler ["http-nio-8686"]
26-Apr-2022 11:03:17.937 INFO [main] org.apache.catalina.startup.VersionLoggerListener.log Server version name:   Apache Tomcat/10.0.18
26-Apr-2022 11:03:17.940 INFO [main] org.apache.catalina.startup.VersionLoggerListener.log Server built:          Mar 9 2022 14:30:15 UTC
26-Apr-2022 11:03:17.940 INFO [main] org.apache.catalina.startup.VersionLoggerListener.log Server version number: 10.0.18.0
26-Apr-2022 11:03:17.940 INFO [main] org.apache.catalina.startup.VersionLoggerListener.log OS Name:               Windows 10
26-Apr-2022 11:03:17.940 INFO [main] org.apache.catalina.startup.VersionLoggerListener.log OS Version:            10.0
26-Apr-2022 11:03:17.940 INFO [main] org.apache.catalina.startup.VersionLoggerListener.log Architecture:          amd64
26-Apr-2022 11:03:17.940 INFO [main] org.apache.catalina.startup.VersionLoggerListener.log Java Home:             C:\Program Files\Java\jdk-17.0.2
26-Apr-2022 11:03:17.941 INFO [main] org.apache.catalina.startup.VersionLoggerListener.log JVM Version:           17.0.2+8-LTS-86
26-Apr-2022 11:03:17.941 INFO [main] org.apache.catalina.startup.VersionLoggerListener.log JVM Vendor:            Oracle Corporation
26-Apr-2022 11:03:17.941 INFO [main] org.apache.catalina.startup.VersionLoggerListener.log CATALINA_BASE:         C:\Users\User\Everything\Suli\Adatb_2\Push\Adatbre_2_allaskereso\Tomcat_10
26-Apr-2022 11:03:17.941 INFO [main] org.apache.catalina.startup.VersionLoggerListener.log CATALINA_HOME:         C:\Users\User\Everything\Suli\Adatb_2\Push\Adatbre_2_allaskereso\Tomcat_10
26-Apr-2022 11:03:17.951 INFO [main] org.apache.catalina.startup.VersionLoggerListener.log Command line argument: --add-opens=java.base/java.lang=ALL-UNNAMED
26-Apr-2022 11:03:17.952 INFO [main] org.apache.catalina.startup.VersionLoggerListener.log Command line argument: --add-opens=java.base/java.io=ALL-UNNAMED
26-Apr-2022 11:03:17.952 INFO [main] org.apache.catalina.startup.VersionLoggerListener.log Command line argument: --add-opens=java.base/java.util=ALL-UNNAMED
26-Apr-2022 11:03:17.952 INFO [main] org.apache.catalina.startup.VersionLoggerListener.log Command line argument: --add-opens=java.base/java.util.concurrent=ALL-UNNAMED
26-Apr-2022 11:03:17.952 INFO [main] org.apache.catalina.startup.VersionLoggerListener.log Command line argument: --add-opens=java.rmi/sun.rmi.transport=ALL-UNNAMED
26-Apr-2022 11:03:17.952 INFO [main] org.apache.catalina.startup.VersionLoggerListener.log Command line argument: -Djava.util.logging.config.file=C:\Users\User\Everything\Suli\Adatb_2\Push\Adatbre_2_allaskereso\Tomcat_10\conf\logging.properties
26-Apr-2022 11:03:17.952 INFO [main] org.apache.catalina.startup.VersionLoggerListener.log Command line argument: -Djava.util.logging.manager=org.apache.juli.ClassLoaderLogManager
26-Apr-2022 11:03:17.953 INFO [main] org.apache.catalina.startup.VersionLoggerListener.log Command line argument: -Djdk.tls.ephemeralDHKeySize=2048
26-Apr-2022 11:03:17.953 INFO [main] org.apache.catalina.startup.VersionLoggerListener.log Command line argument: -Djava.protocol.handler.pkgs=org.apache.catalina.webresources
26-Apr-2022 11:03:17.953 INFO [main] org.apache.catalina.startup.VersionLoggerListener.log Command line argument: -Dignore.endorsed.dirs=
26-Apr-2022 11:03:17.953 INFO [main] org.apache.catalina.startup.VersionLoggerListener.log Command line argument: -Dcatalina.base=C:\Users\User\Everything\Suli\Adatb_2\Push\Adatbre_2_allaskereso\Tomcat_10
26-Apr-2022 11:03:17.953 INFO [main] org.apache.catalina.startup.VersionLoggerListener.log Command line argument: -Dcatalina.home=C:\Users\User\Everything\Suli\Adatb_2\Push\Adatbre_2_allaskereso\Tomcat_10
26-Apr-2022 11:03:17.953 INFO [main] org.apache.catalina.startup.VersionLoggerListener.log Command line argument: -Djava.io.tmpdir=C:\Users\User\Everything\Suli\Adatb_2\Push\Adatbre_2_allaskereso\Tomcat_10\temp
26-Apr-2022 11:03:17.959 INFO [main] org.apache.catalina.core.AprLifecycleListener.lifecycleEvent Loaded Apache Tomcat Native library [1.2.31] using APR version [1.7.0].
26-Apr-2022 11:03:17.959 INFO [main] org.apache.catalina.core.AprLifecycleListener.lifecycleEvent APR capabilities: IPv6 [true], sendfile [true], accept filters [false], random [true], UDS [true].
26-Apr-2022 11:03:17.966 INFO [main] org.apache.catalina.core.AprLifecycleListener.initializeSSL OpenSSL successfully initialized [OpenSSL 1.1.1l  24 Aug 2021]
26-Apr-2022 11:03:18.195 INFO [main] org.apache.coyote.AbstractProtocol.init Initializing ProtocolHandler ["http-nio-8686"]
26-Apr-2022 11:03:18.219 INFO [main] org.apache.catalina.startup.Catalina.load Server initialization in [463] milliseconds
26-Apr-2022 11:03:18.263 INFO [main] org.apache.catalina.core.StandardService.startInternal Starting service [Catalina]
26-Apr-2022 11:03:18.263 INFO [main] org.apache.catalina.core.StandardEngine.startInternal Starting Servlet engine: [Apache Tomcat/10.0.18]
26-Apr-2022 11:03:20.255 INFO [main] org.apache.jasper.servlet.TldScanner.scanJars At least one JAR was scanned for TLDs yet contained no TLDs. Enable debug logging for this logger for a complete list of JARs that were scanned but no TLDs were found in them. Skipping unneeded JARs during scanning can improve startup time and JSP compilation time.
26-Apr-2022 11:03:20.366 INFO [main] org.apache.catalina.startup.HostConfig.deployDirectory Deploying web application directory [C:\Users\User\Everything\Suli\Adatb_2\Push\Adatbre_2_allaskereso\Tomcat_10\webapps\tomcat_control]
26-Apr-2022 11:03:20.410 INFO [main] org.apache.catalina.startup.HostConfig.deployDirectory Deployment of web application directory [C:\Users\User\Everything\Suli\Adatb_2\Push\Adatbre_2_allaskereso\Tomcat_10\webapps\tomcat_control] has finished in [44] ms
26-Apr-2022 11:03:20.411 INFO [main] org.apache.catalina.startup.HostConfig.deployDirectory Deploying web application directory [C:\Users\User\Everything\Suli\Adatb_2\Push\Adatbre_2_allaskereso\Tomcat_10\webapps\Webapp_2]
26-Apr-2022 11:03:20.455 INFO [main] org.apache.catalina.startup.HostConfig.deployDirectory Deployment of web application directory [C:\Users\User\Everything\Suli\Adatb_2\Push\Adatbre_2_allaskereso\Tomcat_10\webapps\Webapp_2] has finished in [43] ms
26-Apr-2022 11:03:20.458 INFO [main] org.apache.coyote.AbstractProtocol.start Starting ProtocolHandler ["http-nio-8686"]
26-Apr-2022 11:03:20.545 INFO [main] org.apache.catalina.startup.Catalina.start Server startup in [2325] milliseconds
26-Apr-2022 11:03:50.069 INFO [main] org.apache.catalina.core.StandardServer.await A valid shutdown command was received via the shutdown port. Stopping the Server instance.
26-Apr-2022 11:03:50.070 INFO [main] org.apache.coyote.AbstractProtocol.pause Pausing ProtocolHandler ["http-nio-8686"]
26-Apr-2022 11:03:50.095 INFO [main] org.apache.catalina.core.StandardService.stopInternal Stopping service [Catalina]
26-Apr-2022 11:03:50.107 INFO [main] org.apache.coyote.AbstractProtocol.stop Stopping ProtocolHandler ["http-nio-8686"]
26-Apr-2022 11:03:50.129 INFO [main] org.apache.coyote.AbstractProtocol.destroy Destroying ProtocolHandler ["http-nio-8686"]
26-Apr-2022 11:04:04.980 INFO [main] org.apache.catalina.startup.VersionLoggerListener.log Server version name:   Apache Tomcat/10.0.18
26-Apr-2022 11:04:04.983 INFO [main] org.apache.catalina.startup.VersionLoggerListener.log Server built:          Mar 9 2022 14:30:15 UTC
26-Apr-2022 11:04:04.983 INFO [main] org.apache.catalina.startup.VersionLoggerListener.log Server version number: 10.0.18.0
26-Apr-2022 11:04:04.983 INFO [main] org.apache.catalina.startup.VersionLoggerListener.log OS Name:               Windows 10
26-Apr-2022 11:04:04.983 INFO [main] org.apache.catalina.startup.VersionLoggerListener.log OS Version:            10.0
26-Apr-2022 11:04:04.983 INFO [main] org.apache.catalina.startup.VersionLoggerListener.log Architecture:          amd64
26-Apr-2022 11:04:04.983 INFO [main] org.apache.catalina.startup.VersionLoggerListener.log Java Home:             C:\Program Files\Java\jdk-17.0.2
26-Apr-2022 11:04:04.984 INFO [main] org.apache.catalina.startup.VersionLoggerListener.log JVM Version:           17.0.2+8-LTS-86
26-Apr-2022 11:04:04.984 INFO [main] org.apache.catalina.startup.VersionLoggerListener.log JVM Vendor:            Oracle Corporation
26-Apr-2022 11:04:04.984 INFO [main] org.apache.catalina.startup.VersionLoggerListener.log CATALINA_BASE:         C:\Users\User\Everything\Suli\Adatb_2\Push\Adatbre_2_allaskereso\Tomcat_10
26-Apr-2022 11:04:04.984 INFO [main] org.apache.catalina.startup.VersionLoggerListener.log CATALINA_HOME:         C:\Users\User\Everything\Suli\Adatb_2\Push\Adatbre_2_allaskereso\Tomcat_10
26-Apr-2022 11:04:04.997 INFO [main] org.apache.catalina.startup.VersionLoggerListener.log Command line argument: --add-opens=java.base/java.lang=ALL-UNNAMED
26-Apr-2022 11:04:04.997 INFO [main] org.apache.catalina.startup.VersionLoggerListener.log Command line argument: --add-opens=java.base/java.io=ALL-UNNAMED
26-Apr-2022 11:04:04.997 INFO [main] org.apache.catalina.startup.VersionLoggerListener.log Command line argument: --add-opens=java.base/java.util=ALL-UNNAMED
26-Apr-2022 11:04:04.997 INFO [main] org.apache.catalina.startup.VersionLoggerListener.log Command line argument: --add-opens=java.base/java.util.concurrent=ALL-UNNAMED
26-Apr-2022 11:04:04.997 INFO [main] org.apache.catalina.startup.VersionLoggerListener.log Command line argument: --add-opens=java.rmi/sun.rmi.transport=ALL-UNNAMED
26-Apr-2022 11:04:04.998 INFO [main] org.apache.catalina.startup.VersionLoggerListener.log Command line argument: -Djava.util.logging.config.file=C:\Users\User\Everything\Suli\Adatb_2\Push\Adatbre_2_allaskereso\Tomcat_10\conf\logging.properties
26-Apr-2022 11:04:04.998 INFO [main] org.apache.catalina.startup.VersionLoggerListener.log Command line argument: -Djava.util.logging.manager=org.apache.juli.ClassLoaderLogManager
26-Apr-2022 11:04:04.998 INFO [main] org.apache.catalina.startup.VersionLoggerListener.log Command line argument: -Djdk.tls.ephemeralDHKeySize=2048
26-Apr-2022 11:04:04.998 INFO [main] org.apache.catalina.startup.VersionLoggerListener.log Command line argument: -Djava.protocol.handler.pkgs=org.apache.catalina.webresources
26-Apr-2022 11:04:04.998 INFO [main] org.apache.catalina.startup.VersionLoggerListener.log Command line argument: -Dignore.endorsed.dirs=
26-Apr-2022 11:04:04.998 INFO [main] org.apache.catalina.startup.VersionLoggerListener.log Command line argument: -Dcatalina.base=C:\Users\User\Everything\Suli\Adatb_2\Push\Adatbre_2_allaskereso\Tomcat_10
26-Apr-2022 11:04:04.999 INFO [main] org.apache.catalina.startup.VersionLoggerListener.log Command line argument: -Dcatalina.home=C:\Users\User\Everything\Suli\Adatb_2\Push\Adatbre_2_allaskereso\Tomcat_10
26-Apr-2022 11:04:04.999 INFO [main] org.apache.catalina.startup.VersionLoggerListener.log Command line argument: -Djava.io.tmpdir=C:\Users\User\Everything\Suli\Adatb_2\Push\Adatbre_2_allaskereso\Tomcat_10\temp
26-Apr-2022 11:04:05.004 INFO [main] org.apache.catalina.core.AprLifecycleListener.lifecycleEvent Loaded Apache Tomcat Native library [1.2.31] using APR version [1.7.0].
26-Apr-2022 11:04:05.005 INFO [main] org.apache.catalina.core.AprLifecycleListener.lifecycleEvent APR capabilities: IPv6 [true], sendfile [true], accept filters [false], random [true], UDS [true].
26-Apr-2022 11:04:05.012 INFO [main] org.apache.catalina.core.AprLifecycleListener.initializeSSL OpenSSL successfully initialized [OpenSSL 1.1.1l  24 Aug 2021]
26-Apr-2022 11:04:05.246 INFO [main] org.apache.coyote.AbstractProtocol.init Initializing ProtocolHandler ["http-nio-8686"]
26-Apr-2022 11:04:05.268 INFO [main] org.apache.catalina.startup.Catalina.load Server initialization in [475] milliseconds
26-Apr-2022 11:04:05.310 INFO [main] org.apache.catalina.core.StandardService.startInternal Starting service [Catalina]
26-Apr-2022 11:04:05.310 INFO [main] org.apache.catalina.core.StandardEngine.startInternal Starting Servlet engine: [Apache Tomcat/10.0.18]
26-Apr-2022 11:04:07.213 INFO [main] org.apache.jasper.servlet.TldScanner.scanJars At least one JAR was scanned for TLDs yet contained no TLDs. Enable debug logging for this logger for a complete list of JARs that were scanned but no TLDs were found in them. Skipping unneeded JARs during scanning can improve startup time and JSP compilation time.
26-Apr-2022 11:04:07.329 INFO [main] org.apache.catalina.startup.HostConfig.deployDirectory Deploying web application directory [C:\Users\User\Everything\Suli\Adatb_2\Push\Adatbre_2_allaskereso\Tomcat_10\webapps\tomcat_control]
26-Apr-2022 11:04:07.381 INFO [main] org.apache.catalina.startup.HostConfig.deployDirectory Deployment of web application directory [C:\Users\User\Everything\Suli\Adatb_2\Push\Adatbre_2_allaskereso\Tomcat_10\webapps\tomcat_control] has finished in [51] ms
26-Apr-2022 11:04:07.381 INFO [main] org.apache.catalina.startup.HostConfig.deployDirectory Deploying web application directory [C:\Users\User\Everything\Suli\Adatb_2\Push\Adatbre_2_allaskereso\Tomcat_10\webapps\Webapp_2]
26-Apr-2022 11:04:07.425 INFO [main] org.apache.catalina.startup.HostConfig.deployDirectory Deployment of web application directory [C:\Users\User\Everything\Suli\Adatb_2\Push\Adatbre_2_allaskereso\Tomcat_10\webapps\Webapp_2] has finished in [44] ms
26-Apr-2022 11:04:07.427 INFO [main] org.apache.coyote.AbstractProtocol.start Starting ProtocolHandler ["http-nio-8686"]
26-Apr-2022 11:04:07.511 INFO [main] org.apache.catalina.startup.Catalina.start Server startup in [2243] milliseconds
26-Apr-2022 11:04:36.794 INFO [main] org.apache.catalina.core.StandardServer.await A valid shutdown command was received via the shutdown port. Stopping the Server instance.
26-Apr-2022 11:04:36.795 INFO [main] org.apache.coyote.AbstractProtocol.pause Pausing ProtocolHandler ["http-nio-8686"]
26-Apr-2022 11:04:36.818 INFO [main] org.apache.catalina.core.StandardService.stopInternal Stopping service [Catalina]
26-Apr-2022 11:04:36.828 INFO [main] org.apache.coyote.AbstractProtocol.stop Stopping ProtocolHandler ["http-nio-8686"]
26-Apr-2022 11:04:36.830 INFO [main] org.apache.coyote.AbstractProtocol.destroy Destroying ProtocolHandler ["http-nio-8686"]
26-Apr-2022 11:04:50.624 INFO [main] org.apache.catalina.startup.VersionLoggerListener.log Server version name:   Apache Tomcat/10.0.18
26-Apr-2022 11:04:50.626 INFO [main] org.apache.catalina.startup.VersionLoggerListener.log Server built:          Mar 9 2022 14:30:15 UTC
26-Apr-2022 11:04:50.626 INFO [main] org.apache.catalina.startup.VersionLoggerListener.log Server version number: 10.0.18.0
26-Apr-2022 11:04:50.627 INFO [main] org.apache.catalina.startup.VersionLoggerListener.log OS Name:               Windows 10
26-Apr-2022 11:04:50.627 INFO [main] org.apache.catalina.startup.VersionLoggerListener.log OS Version:            10.0
26-Apr-2022 11:04:50.627 INFO [main] org.apache.catalina.startup.VersionLoggerListener.log Architecture:          amd64
26-Apr-2022 11:04:50.627 INFO [main] org.apache.catalina.startup.VersionLoggerListener.log Java Home:             C:\Program Files\Java\jdk-17.0.2
26-Apr-2022 11:04:50.627 INFO [main] org.apache.catalina.startup.VersionLoggerListener.log JVM Version:           17.0.2+8-LTS-86
26-Apr-2022 11:04:50.627 INFO [main] org.apache.catalina.startup.VersionLoggerListener.log JVM Vendor:            Oracle Corporation
26-Apr-2022 11:04:50.627 INFO [main] org.apache.catalina.startup.VersionLoggerListener.log CATALINA_BASE:         C:\Users\User\Everything\Suli\Adatb_2\Push\Adatbre_2_allaskereso\Tomcat_10
26-Apr-2022 11:04:50.628 INFO [main] org.apache.catalina.startup.VersionLoggerListener.log CATALINA_HOME:         C:\Users\User\Everything\Suli\Adatb_2\Push\Adatbre_2_allaskereso\Tomcat_10
26-Apr-2022 11:04:50.637 INFO [main] org.apache.catalina.startup.VersionLoggerListener.log Command line argument: --add-opens=java.base/java.lang=ALL-UNNAMED
26-Apr-2022 11:04:50.637 INFO [main] org.apache.catalina.startup.VersionLoggerListener.log Command line argument: --add-opens=java.base/java.io=ALL-UNNAMED
26-Apr-2022 11:04:50.638 INFO [main] org.apache.catalina.startup.VersionLoggerListener.log Command line argument: --add-opens=java.base/java.util=ALL-UNNAMED
26-Apr-2022 11:04:50.638 INFO [main] org.apache.catalina.startup.VersionLoggerListener.log Command line argument: --add-opens=java.base/java.util.concurrent=ALL-UNNAMED
26-Apr-2022 11:04:50.638 INFO [main] org.apache.catalina.startup.VersionLoggerListener.log Command line argument: --add-opens=java.rmi/sun.rmi.transport=ALL-UNNAMED
26-Apr-2022 11:04:50.638 INFO [main] org.apache.catalina.startup.VersionLoggerListener.log Command line argument: -Djava.util.logging.config.file=C:\Users\User\Everything\Suli\Adatb_2\Push\Adatbre_2_allaskereso\Tomcat_10\conf\logging.properties
26-Apr-2022 11:04:50.638 INFO [main] org.apache.catalina.startup.VersionLoggerListener.log Command line argument: -Djava.util.logging.manager=org.apache.juli.ClassLoaderLogManager
26-Apr-2022 11:04:50.638 INFO [main] org.apache.catalina.startup.VersionLoggerListener.log Command line argument: -Djdk.tls.ephemeralDHKeySize=2048
26-Apr-2022 11:04:50.638 INFO [main] org.apache.catalina.startup.VersionLoggerListener.log Command line argument: -Djava.protocol.handler.pkgs=org.apache.catalina.webresources
26-Apr-2022 11:04:50.639 INFO [main] org.apache.catalina.startup.VersionLoggerListener.log Command line argument: -Dignore.endorsed.dirs=
26-Apr-2022 11:04:50.639 INFO [main] org.apache.catalina.startup.VersionLoggerListener.log Command line argument: -Dcatalina.base=C:\Users\User\Everything\Suli\Adatb_2\Push\Adatbre_2_allaskereso\Tomcat_10
26-Apr-2022 11:04:50.639 INFO [main] org.apache.catalina.startup.VersionLoggerListener.log Command line argument: -Dcatalina.home=C:\Users\User\Everything\Suli\Adatb_2\Push\Adatbre_2_allaskereso\Tomcat_10
26-Apr-2022 11:04:50.639 INFO [main] org.apache.catalina.startup.VersionLoggerListener.log Command line argument: -Djava.io.tmpdir=C:\Users\User\Everything\Suli\Adatb_2\Push\Adatbre_2_allaskereso\Tomcat_10\temp
26-Apr-2022 11:04:50.644 INFO [main] org.apache.catalina.core.AprLifecycleListener.lifecycleEvent Loaded Apache Tomcat Native library [1.2.31] using APR version [1.7.0].
26-Apr-2022 11:04:50.644 INFO [main] org.apache.catalina.core.AprLifecycleListener.lifecycleEvent APR capabilities: IPv6 [true], sendfile [true], accept filters [false], random [true], UDS [true].
26-Apr-2022 11:04:50.653 INFO [main] org.apache.catalina.core.AprLifecycleListener.initializeSSL OpenSSL successfully initialized [OpenSSL 1.1.1l  24 Aug 2021]
26-Apr-2022 11:04:50.847 INFO [main] org.apache.coyote.AbstractProtocol.init Initializing ProtocolHandler ["http-nio-8686"]
26-Apr-2022 11:04:50.872 INFO [main] org.apache.catalina.startup.Catalina.load Server initialization in [456] milliseconds
26-Apr-2022 11:04:50.909 INFO [main] org.apache.catalina.core.StandardService.startInternal Starting service [Catalina]
26-Apr-2022 11:04:50.909 INFO [main] org.apache.catalina.core.StandardEngine.startInternal Starting Servlet engine: [Apache Tomcat/10.0.18]
26-Apr-2022 11:04:52.866 INFO [main] org.apache.jasper.servlet.TldScanner.scanJars At least one JAR was scanned for TLDs yet contained no TLDs. Enable debug logging for this logger for a complete list of JARs that were scanned but no TLDs were found in them. Skipping unneeded JARs during scanning can improve startup time and JSP compilation time.
26-Apr-2022 11:04:52.982 INFO [main] org.apache.catalina.startup.HostConfig.deployDirectory Deploying web application directory [C:\Users\User\Everything\Suli\Adatb_2\Push\Adatbre_2_allaskereso\Tomcat_10\webapps\tomcat_control]
26-Apr-2022 11:04:53.031 INFO [main] org.apache.catalina.startup.HostConfig.deployDirectory Deployment of web application directory [C:\Users\User\Everything\Suli\Adatb_2\Push\Adatbre_2_allaskereso\Tomcat_10\webapps\tomcat_control] has finished in [48] ms
26-Apr-2022 11:04:53.031 INFO [main] org.apache.catalina.startup.HostConfig.deployDirectory Deploying web application directory [C:\Users\User\Everything\Suli\Adatb_2\Push\Adatbre_2_allaskereso\Tomcat_10\webapps\Webapp_2]
26-Apr-2022 11:04:53.082 INFO [main] org.apache.catalina.startup.HostConfig.deployDirectory Deployment of web application directory [C:\Users\User\Everything\Suli\Adatb_2\Push\Adatbre_2_allaskereso\Tomcat_10\webapps\Webapp_2] has finished in [51] ms
26-Apr-2022 11:04:53.085 INFO [main] org.apache.coyote.AbstractProtocol.start Starting ProtocolHandler ["http-nio-8686"]
26-Apr-2022 11:04:53.163 INFO [main] org.apache.catalina.startup.Catalina.start Server startup in [2289] milliseconds
26-Apr-2022 11:05:19.980 INFO [main] org.apache.catalina.core.StandardServer.await A valid shutdown command was received via the shutdown port. Stopping the Server instance.
26-Apr-2022 11:05:19.981 INFO [main] org.apache.coyote.AbstractProtocol.pause Pausing ProtocolHandler ["http-nio-8686"]
26-Apr-2022 11:05:20.005 INFO [main] org.apache.catalina.core.StandardService.stopInternal Stopping service [Catalina]
26-Apr-2022 11:05:20.035 WARNING [main] org.apache.catalina.loader.WebappClassLoaderBase.clearReferencesJdbc The web application [ROOT] registered the JDBC driver [oracle.jdbc.OracleDriver] but failed to unregister it when the web application was stopped. To prevent a memory leak, the JDBC Driver has been forcibly unregistered.
26-Apr-2022 11:05:20.043 INFO [main] org.apache.coyote.AbstractProtocol.stop Stopping ProtocolHandler ["http-nio-8686"]
26-Apr-2022 11:05:20.052 INFO [main] org.apache.coyote.AbstractProtocol.destroy Destroying ProtocolHandler ["http-nio-8686"]
26-Apr-2022 14:25:01.643 INFO [main] org.apache.catalina.startup.VersionLoggerListener.log Server version name:   Apache Tomcat/10.0.18
26-Apr-2022 14:25:01.646 INFO [main] org.apache.catalina.startup.VersionLoggerListener.log Server built:          Mar 9 2022 14:30:15 UTC
26-Apr-2022 14:25:01.646 INFO [main] org.apache.catalina.startup.VersionLoggerListener.log Server version number: 10.0.18.0
26-Apr-2022 14:25:01.646 INFO [main] org.apache.catalina.startup.VersionLoggerListener.log OS Name:               Windows 10
26-Apr-2022 14:25:01.646 INFO [main] org.apache.catalina.startup.VersionLoggerListener.log OS Version:            10.0
26-Apr-2022 14:25:01.647 INFO [main] org.apache.catalina.startup.VersionLoggerListener.log Architecture:          amd64
26-Apr-2022 14:25:01.647 INFO [main] org.apache.catalina.startup.VersionLoggerListener.log Java Home:             C:\Program Files\Java\jdk-17.0.2
26-Apr-2022 14:25:01.647 INFO [main] org.apache.catalina.startup.VersionLoggerListener.log JVM Version:           17.0.2+8-LTS-86
26-Apr-2022 14:25:01.647 INFO [main] org.apache.catalina.startup.VersionLoggerListener.log JVM Vendor:            Oracle Corporation
26-Apr-2022 14:25:01.647 INFO [main] org.apache.catalina.startup.VersionLoggerListener.log CATALINA_BASE:         C:\Users\User\Everything\Suli\Adatb_2\Push\Adatbre_2_allaskereso\Tomcat_10
26-Apr-2022 14:25:01.647 INFO [main] org.apache.catalina.startup.VersionLoggerListener.log CATALINA_HOME:         C:\Users\User\Everything\Suli\Adatb_2\Push\Adatbre_2_allaskereso\Tomcat_10
26-Apr-2022 14:25:01.656 INFO [main] org.apache.catalina.startup.VersionLoggerListener.log Command line argument: --add-opens=java.base/java.lang=ALL-UNNAMED
26-Apr-2022 14:25:01.656 INFO [main] org.apache.catalina.startup.VersionLoggerListener.log Command line argument: --add-opens=java.base/java.io=ALL-UNNAMED
26-Apr-2022 14:25:01.656 INFO [main] org.apache.catalina.startup.VersionLoggerListener.log Command line argument: --add-opens=java.base/java.util=ALL-UNNAMED
26-Apr-2022 14:25:01.656 INFO [main] org.apache.catalina.startup.VersionLoggerListener.log Command line argument: --add-opens=java.base/java.util.concurrent=ALL-UNNAMED
26-Apr-2022 14:25:01.656 INFO [main] org.apache.catalina.startup.VersionLoggerListener.log Command line argument: --add-opens=java.rmi/sun.rmi.transport=ALL-UNNAMED
26-Apr-2022 14:25:01.656 INFO [main] org.apache.catalina.startup.VersionLoggerListener.log Command line argument: -Djava.util.logging.config.file=C:\Users\User\Everything\Suli\Adatb_2\Push\Adatbre_2_allaskereso\Tomcat_10\conf\logging.properties
26-Apr-2022 14:25:01.657 INFO [main] org.apache.catalina.startup.VersionLoggerListener.log Command line argument: -Djava.util.logging.manager=org.apache.juli.ClassLoaderLogManager
26-Apr-2022 14:25:01.657 INFO [main] org.apache.catalina.startup.VersionLoggerListener.log Command line argument: -Djdk.tls.ephemeralDHKeySize=2048
26-Apr-2022 14:25:01.657 INFO [main] org.apache.catalina.startup.VersionLoggerListener.log Command line argument: -Djava.protocol.handler.pkgs=org.apache.catalina.webresources
26-Apr-2022 14:25:01.657 INFO [main] org.apache.catalina.startup.VersionLoggerListener.log Command line argument: -Dignore.endorsed.dirs=
26-Apr-2022 14:25:01.657 INFO [main] org.apache.catalina.startup.VersionLoggerListener.log Command line argument: -Dcatalina.base=C:\Users\User\Everything\Suli\Adatb_2\Push\Adatbre_2_allaskereso\Tomcat_10
26-Apr-2022 14:25:01.657 INFO [main] org.apache.catalina.startup.VersionLoggerListener.log Command line argument: -Dcatalina.home=C:\Users\User\Everything\Suli\Adatb_2\Push\Adatbre_2_allaskereso\Tomcat_10
26-Apr-2022 14:25:01.657 INFO [main] org.apache.catalina.startup.VersionLoggerListener.log Command line argument: -Djava.io.tmpdir=C:\Users\User\Everything\Suli\Adatb_2\Push\Adatbre_2_allaskereso\Tomcat_10\temp
26-Apr-2022 14:25:01.663 INFO [main] org.apache.catalina.core.AprLifecycleListener.lifecycleEvent Loaded Apache Tomcat Native library [1.2.31] using APR version [1.7.0].
26-Apr-2022 14:25:01.663 INFO [main] org.apache.catalina.core.AprLifecycleListener.lifecycleEvent APR capabilities: IPv6 [true], sendfile [true], accept filters [false], random [true], UDS [true].
26-Apr-2022 14:25:01.671 INFO [main] org.apache.catalina.core.AprLifecycleListener.initializeSSL OpenSSL successfully initialized [OpenSSL 1.1.1l  24 Aug 2021]
26-Apr-2022 14:25:01.903 INFO [main] org.apache.coyote.AbstractProtocol.init Initializing ProtocolHandler ["http-nio-8686"]
26-Apr-2022 14:25:01.927 INFO [main] org.apache.catalina.startup.Catalina.load Server initialization in [484] milliseconds
26-Apr-2022 14:25:01.969 INFO [main] org.apache.catalina.core.StandardService.startInternal Starting service [Catalina]
26-Apr-2022 14:25:01.969 INFO [main] org.apache.catalina.core.StandardEngine.startInternal Starting Servlet engine: [Apache Tomcat/10.0.18]
26-Apr-2022 14:25:03.832 INFO [main] org.apache.jasper.servlet.TldScanner.scanJars At least one JAR was scanned for TLDs yet contained no TLDs. Enable debug logging for this logger for a complete list of JARs that were scanned but no TLDs were found in them. Skipping unneeded JARs during scanning can improve startup time and JSP compilation time.
26-Apr-2022 14:25:03.961 INFO [main] org.apache.catalina.startup.HostConfig.deployDirectory Deploying web application directory [C:\Users\User\Everything\Suli\Adatb_2\Push\Adatbre_2_allaskereso\Tomcat_10\webapps\tomcat_control]
26-Apr-2022 14:25:04.007 INFO [main] org.apache.catalina.startup.HostConfig.deployDirectory Deployment of web application directory [C:\Users\User\Everything\Suli\Adatb_2\Push\Adatbre_2_allaskereso\Tomcat_10\webapps\tomcat_control] has finished in [45] ms
26-Apr-2022 14:25:04.007 INFO [main] org.apache.catalina.startup.HostConfig.deployDirectory Deploying web application directory [C:\Users\User\Everything\Suli\Adatb_2\Push\Adatbre_2_allaskereso\Tomcat_10\webapps\Webapp_2]
26-Apr-2022 14:25:04.046 INFO [main] org.apache.catalina.startup.HostConfig.deployDirectory Deployment of web application directory [C:\Users\User\Everything\Suli\Adatb_2\Push\Adatbre_2_allaskereso\Tomcat_10\webapps\Webapp_2] has finished in [39] ms
26-Apr-2022 14:25:04.049 INFO [main] org.apache.coyote.AbstractProtocol.start Starting ProtocolHandler ["http-nio-8686"]
26-Apr-2022 14:25:04.129 INFO [main] org.apache.catalina.startup.Catalina.start Server startup in [2201] milliseconds
26-Apr-2022 14:28:49.544 INFO [main] org.apache.catalina.core.StandardServer.await A valid shutdown command was received via the shutdown port. Stopping the Server instance.
26-Apr-2022 14:28:49.544 INFO [main] org.apache.coyote.AbstractProtocol.pause Pausing ProtocolHandler ["http-nio-8686"]
26-Apr-2022 14:28:49.569 INFO [main] org.apache.catalina.core.StandardService.stopInternal Stopping service [Catalina]
26-Apr-2022 14:28:49.604 WARNING [main] org.apache.catalina.loader.WebappClassLoaderBase.clearReferencesJdbc The web application [ROOT] registered the JDBC driver [oracle.jdbc.OracleDriver] but failed to unregister it when the web application was stopped. To prevent a memory leak, the JDBC Driver has been forcibly unregistered.
26-Apr-2022 14:28:49.613 INFO [main] org.apache.coyote.AbstractProtocol.stop Stopping ProtocolHandler ["http-nio-8686"]
26-Apr-2022 14:28:49.630 INFO [main] org.apache.coyote.AbstractProtocol.destroy Destroying ProtocolHandler ["http-nio-8686"]
26-Apr-2022 14:29:04.889 INFO [main] org.apache.catalina.startup.VersionLoggerListener.log Server version name:   Apache Tomcat/10.0.18
26-Apr-2022 14:29:04.891 INFO [main] org.apache.catalina.startup.VersionLoggerListener.log Server built:          Mar 9 2022 14:30:15 UTC
26-Apr-2022 14:29:04.891 INFO [main] org.apache.catalina.startup.VersionLoggerListener.log Server version number: 10.0.18.0
26-Apr-2022 14:29:04.892 INFO [main] org.apache.catalina.startup.VersionLoggerListener.log OS Name:               Windows 10
26-Apr-2022 14:29:04.892 INFO [main] org.apache.catalina.startup.VersionLoggerListener.log OS Version:            10.0
26-Apr-2022 14:29:04.892 INFO [main] org.apache.catalina.startup.VersionLoggerListener.log Architecture:          amd64
26-Apr-2022 14:29:04.892 INFO [main] org.apache.catalina.startup.VersionLoggerListener.log Java Home:             C:\Program Files\Java\jdk-17.0.2
26-Apr-2022 14:29:04.892 INFO [main] org.apache.catalina.startup.VersionLoggerListener.log JVM Version:           17.0.2+8-LTS-86
26-Apr-2022 14:29:04.892 INFO [main] org.apache.catalina.startup.VersionLoggerListener.log JVM Vendor:            Oracle Corporation
26-Apr-2022 14:29:04.892 INFO [main] org.apache.catalina.startup.VersionLoggerListener.log CATALINA_BASE:         C:\Users\User\Everything\Suli\Adatb_2\Push\Adatbre_2_allaskereso\Tomcat_10
26-Apr-2022 14:29:04.892 INFO [main] org.apache.catalina.startup.VersionLoggerListener.log CATALINA_HOME:         C:\Users\User\Everything\Suli\Adatb_2\Push\Adatbre_2_allaskereso\Tomcat_10
26-Apr-2022 14:29:04.902 INFO [main] org.apache.catalina.startup.VersionLoggerListener.log Command line argument: --add-opens=java.base/java.lang=ALL-UNNAMED
26-Apr-2022 14:29:04.902 INFO [main] org.apache.catalina.startup.VersionLoggerListener.log Command line argument: --add-opens=java.base/java.io=ALL-UNNAMED
26-Apr-2022 14:29:04.903 INFO [main] org.apache.catalina.startup.VersionLoggerListener.log Command line argument: --add-opens=java.base/java.util=ALL-UNNAMED
26-Apr-2022 14:29:04.903 INFO [main] org.apache.catalina.startup.VersionLoggerListener.log Command line argument: --add-opens=java.base/java.util.concurrent=ALL-UNNAMED
26-Apr-2022 14:29:04.903 INFO [main] org.apache.catalina.startup.VersionLoggerListener.log Command line argument: --add-opens=java.rmi/sun.rmi.transport=ALL-UNNAMED
26-Apr-2022 14:29:04.903 INFO [main] org.apache.catalina.startup.VersionLoggerListener.log Command line argument: -Djava.util.logging.config.file=C:\Users\User\Everything\Suli\Adatb_2\Push\Adatbre_2_allaskereso\Tomcat_10\conf\logging.properties
26-Apr-2022 14:29:04.903 INFO [main] org.apache.catalina.startup.VersionLoggerListener.log Command line argument: -Djava.util.logging.manager=org.apache.juli.ClassLoaderLogManager
26-Apr-2022 14:29:04.903 INFO [main] org.apache.catalina.startup.VersionLoggerListener.log Command line argument: -Djdk.tls.ephemeralDHKeySize=2048
26-Apr-2022 14:29:04.903 INFO [main] org.apache.catalina.startup.VersionLoggerListener.log Command line argument: -Djava.protocol.handler.pkgs=org.apache.catalina.webresources
26-Apr-2022 14:29:04.903 INFO [main] org.apache.catalina.startup.VersionLoggerListener.log Command line argument: -Dignore.endorsed.dirs=
26-Apr-2022 14:29:04.903 INFO [main] org.apache.catalina.startup.VersionLoggerListener.log Command line argument: -Dcatalina.base=C:\Users\User\Everything\Suli\Adatb_2\Push\Adatbre_2_allaskereso\Tomcat_10
26-Apr-2022 14:29:04.903 INFO [main] org.apache.catalina.startup.VersionLoggerListener.log Command line argument: -Dcatalina.home=C:\Users\User\Everything\Suli\Adatb_2\Push\Adatbre_2_allaskereso\Tomcat_10
26-Apr-2022 14:29:04.904 INFO [main] org.apache.catalina.startup.VersionLoggerListener.log Command line argument: -Djava.io.tmpdir=C:\Users\User\Everything\Suli\Adatb_2\Push\Adatbre_2_allaskereso\Tomcat_10\temp
26-Apr-2022 14:29:04.908 INFO [main] org.apache.catalina.core.AprLifecycleListener.lifecycleEvent Loaded Apache Tomcat Native library [1.2.31] using APR version [1.7.0].
26-Apr-2022 14:29:04.908 INFO [main] org.apache.catalina.core.AprLifecycleListener.lifecycleEvent APR capabilities: IPv6 [true], sendfile [true], accept filters [false], random [true], UDS [true].
26-Apr-2022 14:29:04.916 INFO [main] org.apache.catalina.core.AprLifecycleListener.initializeSSL OpenSSL successfully initialized [OpenSSL 1.1.1l  24 Aug 2021]
26-Apr-2022 14:29:05.141 INFO [main] org.apache.coyote.AbstractProtocol.init Initializing ProtocolHandler ["http-nio-8686"]
26-Apr-2022 14:29:05.168 INFO [main] org.apache.catalina.startup.Catalina.load Server initialization in [473] milliseconds
26-Apr-2022 14:29:05.221 INFO [main] org.apache.catalina.core.StandardService.startInternal Starting service [Catalina]
26-Apr-2022 14:29:05.221 INFO [main] org.apache.catalina.core.StandardEngine.startInternal Starting Servlet engine: [Apache Tomcat/10.0.18]
26-Apr-2022 14:29:07.484 INFO [main] org.apache.jasper.servlet.TldScanner.scanJars At least one JAR was scanned for TLDs yet contained no TLDs. Enable debug logging for this logger for a complete list of JARs that were scanned but no TLDs were found in them. Skipping unneeded JARs during scanning can improve startup time and JSP compilation time.
26-Apr-2022 14:29:07.619 INFO [main] org.apache.catalina.startup.HostConfig.deployDirectory Deploying web application directory [C:\Users\User\Everything\Suli\Adatb_2\Push\Adatbre_2_allaskereso\Tomcat_10\webapps\tomcat_control]
26-Apr-2022 14:29:07.663 INFO [main] org.apache.catalina.startup.HostConfig.deployDirectory Deployment of web application directory [C:\Users\User\Everything\Suli\Adatb_2\Push\Adatbre_2_allaskereso\Tomcat_10\webapps\tomcat_control] has finished in [44] ms
26-Apr-2022 14:29:07.663 INFO [main] org.apache.catalina.startup.HostConfig.deployDirectory Deploying web application directory [C:\Users\User\Everything\Suli\Adatb_2\Push\Adatbre_2_allaskereso\Tomcat_10\webapps\Webapp_2]
26-Apr-2022 14:29:07.708 INFO [main] org.apache.catalina.startup.HostConfig.deployDirectory Deployment of web application directory [C:\Users\User\Everything\Suli\Adatb_2\Push\Adatbre_2_allaskereso\Tomcat_10\webapps\Webapp_2] has finished in [45] ms
26-Apr-2022 14:29:07.711 INFO [main] org.apache.coyote.AbstractProtocol.start Starting ProtocolHandler ["http-nio-8686"]
26-Apr-2022 14:29:07.800 INFO [main] org.apache.catalina.startup.Catalina.start Server startup in [2631] milliseconds
26-Apr-2022 14:30:44.273 INFO [main] org.apache.catalina.core.StandardServer.await A valid shutdown command was received via the shutdown port. Stopping the Server instance.
26-Apr-2022 14:30:44.274 INFO [main] org.apache.coyote.AbstractProtocol.pause Pausing ProtocolHandler ["http-nio-8686"]
26-Apr-2022 14:30:44.298 INFO [main] org.apache.catalina.core.StandardService.stopInternal Stopping service [Catalina]
26-Apr-2022 14:30:44.331 WARNING [main] org.apache.catalina.loader.WebappClassLoaderBase.clearReferencesJdbc The web application [ROOT] registered the JDBC driver [oracle.jdbc.OracleDriver] but failed to unregister it when the web application was stopped. To prevent a memory leak, the JDBC Driver has been forcibly unregistered.
26-Apr-2022 14:30:44.339 INFO [main] org.apache.coyote.AbstractProtocol.stop Stopping ProtocolHandler ["http-nio-8686"]
26-Apr-2022 14:30:44.356 INFO [main] org.apache.coyote.AbstractProtocol.destroy Destroying ProtocolHandler ["http-nio-8686"]
26-Apr-2022 14:31:25.101 INFO [main] org.apache.catalina.startup.VersionLoggerListener.log Server version name:   Apache Tomcat/10.0.18
26-Apr-2022 14:31:25.104 INFO [main] org.apache.catalina.startup.VersionLoggerListener.log Server built:          Mar 9 2022 14:30:15 UTC
26-Apr-2022 14:31:25.104 INFO [main] org.apache.catalina.startup.VersionLoggerListener.log Server version number: 10.0.18.0
26-Apr-2022 14:31:25.104 INFO [main] org.apache.catalina.startup.VersionLoggerListener.log OS Name:               Windows 10
26-Apr-2022 14:31:25.104 INFO [main] org.apache.catalina.startup.VersionLoggerListener.log OS Version:            10.0
26-Apr-2022 14:31:25.105 INFO [main] org.apache.catalina.startup.VersionLoggerListener.log Architecture:          amd64
26-Apr-2022 14:31:25.105 INFO [main] org.apache.catalina.startup.VersionLoggerListener.log Java Home:             C:\Program Files\Java\jdk-17.0.2
26-Apr-2022 14:31:25.105 INFO [main] org.apache.catalina.startup.VersionLoggerListener.log JVM Version:           17.0.2+8-LTS-86
26-Apr-2022 14:31:25.105 INFO [main] org.apache.catalina.startup.VersionLoggerListener.log JVM Vendor:            Oracle Corporation
26-Apr-2022 14:31:25.105 INFO [main] org.apache.catalina.startup.VersionLoggerListener.log CATALINA_BASE:         C:\Users\User\Everything\Suli\Adatb_2\Push\Adatbre_2_allaskereso\Tomcat_10
26-Apr-2022 14:31:25.105 INFO [main] org.apache.catalina.startup.VersionLoggerListener.log CATALINA_HOME:         C:\Users\User\Everything\Suli\Adatb_2\Push\Adatbre_2_allaskereso\Tomcat_10
26-Apr-2022 14:31:25.116 INFO [main] org.apache.catalina.startup.VersionLoggerListener.log Command line argument: --add-opens=java.base/java.lang=ALL-UNNAMED
26-Apr-2022 14:31:25.116 INFO [main] org.apache.catalina.startup.VersionLoggerListener.log Command line argument: --add-opens=java.base/java.io=ALL-UNNAMED
26-Apr-2022 14:31:25.116 INFO [main] org.apache.catalina.startup.VersionLoggerListener.log Command line argument: --add-opens=java.base/java.util=ALL-UNNAMED
26-Apr-2022 14:31:25.116 INFO [main] org.apache.catalina.startup.VersionLoggerListener.log Command line argument: --add-opens=java.base/java.util.concurrent=ALL-UNNAMED
26-Apr-2022 14:31:25.116 INFO [main] org.apache.catalina.startup.VersionLoggerListener.log Command line argument: --add-opens=java.rmi/sun.rmi.transport=ALL-UNNAMED
26-Apr-2022 14:31:25.116 INFO [main] org.apache.catalina.startup.VersionLoggerListener.log Command line argument: -Djava.util.logging.config.file=C:\Users\User\Everything\Suli\Adatb_2\Push\Adatbre_2_allaskereso\Tomcat_10\conf\logging.properties
26-Apr-2022 14:31:25.116 INFO [main] org.apache.catalina.startup.VersionLoggerListener.log Command line argument: -Djava.util.logging.manager=org.apache.juli.ClassLoaderLogManager
26-Apr-2022 14:31:25.117 INFO [main] org.apache.catalina.startup.VersionLoggerListener.log Command line argument: -Djdk.tls.ephemeralDHKeySize=2048
26-Apr-2022 14:31:25.118 INFO [main] org.apache.catalina.startup.VersionLoggerListener.log Command line argument: -Djava.protocol.handler.pkgs=org.apache.catalina.webresources
26-Apr-2022 14:31:25.118 INFO [main] org.apache.catalina.startup.VersionLoggerListener.log Command line argument: -Dignore.endorsed.dirs=
26-Apr-2022 14:31:25.119 INFO [main] org.apache.catalina.startup.VersionLoggerListener.log Command line argument: -Dcatalina.base=C:\Users\User\Everything\Suli\Adatb_2\Push\Adatbre_2_allaskereso\Tomcat_10
26-Apr-2022 14:31:25.119 INFO [main] org.apache.catalina.startup.VersionLoggerListener.log Command line argument: -Dcatalina.home=C:\Users\User\Everything\Suli\Adatb_2\Push\Adatbre_2_allaskereso\Tomcat_10
26-Apr-2022 14:31:25.119 INFO [main] org.apache.catalina.startup.VersionLoggerListener.log Command line argument: -Djava.io.tmpdir=C:\Users\User\Everything\Suli\Adatb_2\Push\Adatbre_2_allaskereso\Tomcat_10\temp
26-Apr-2022 14:31:25.124 INFO [main] org.apache.catalina.core.AprLifecycleListener.lifecycleEvent Loaded Apache Tomcat Native library [1.2.31] using APR version [1.7.0].
26-Apr-2022 14:31:25.124 INFO [main] org.apache.catalina.core.AprLifecycleListener.lifecycleEvent APR capabilities: IPv6 [true], sendfile [true], accept filters [false], random [true], UDS [true].
26-Apr-2022 14:31:25.131 INFO [main] org.apache.catalina.core.AprLifecycleListener.initializeSSL OpenSSL successfully initialized [OpenSSL 1.1.1l  24 Aug 2021]
26-Apr-2022 14:31:25.396 INFO [main] org.apache.coyote.AbstractProtocol.init Initializing ProtocolHandler ["http-nio-8686"]
26-Apr-2022 14:31:25.422 INFO [main] org.apache.catalina.startup.Catalina.load Server initialization in [520] milliseconds
26-Apr-2022 14:31:25.465 INFO [main] org.apache.catalina.core.StandardService.startInternal Starting service [Catalina]
26-Apr-2022 14:31:25.465 INFO [main] org.apache.catalina.core.StandardEngine.startInternal Starting Servlet engine: [Apache Tomcat/10.0.18]
26-Apr-2022 14:31:27.671 INFO [main] org.apache.jasper.servlet.TldScanner.scanJars At least one JAR was scanned for TLDs yet contained no TLDs. Enable debug logging for this logger for a complete list of JARs that were scanned but no TLDs were found in them. Skipping unneeded JARs during scanning can improve startup time and JSP compilation time.
26-Apr-2022 14:31:27.802 INFO [main] org.apache.catalina.startup.HostConfig.deployDirectory Deploying web application directory [C:\Users\User\Everything\Suli\Adatb_2\Push\Adatbre_2_allaskereso\Tomcat_10\webapps\tomcat_control]
26-Apr-2022 14:31:27.858 INFO [main] org.apache.catalina.startup.HostConfig.deployDirectory Deployment of web application directory [C:\Users\User\Everything\Suli\Adatb_2\Push\Adatbre_2_allaskereso\Tomcat_10\webapps\tomcat_control] has finished in [55] ms
26-Apr-2022 14:31:27.858 INFO [main] org.apache.catalina.startup.HostConfig.deployDirectory Deploying web application directory [C:\Users\User\Everything\Suli\Adatb_2\Push\Adatbre_2_allaskereso\Tomcat_10\webapps\Webapp_2]
26-Apr-2022 14:31:27.907 INFO [main] org.apache.catalina.startup.HostConfig.deployDirectory Deployment of web application directory [C:\Users\User\Everything\Suli\Adatb_2\Push\Adatbre_2_allaskereso\Tomcat_10\webapps\Webapp_2] has finished in [49] ms
26-Apr-2022 14:31:27.910 INFO [main] org.apache.coyote.AbstractProtocol.start Starting ProtocolHandler ["http-nio-8686"]
26-Apr-2022 14:31:27.994 INFO [main] org.apache.catalina.startup.Catalina.start Server startup in [2571] milliseconds
