01-Apr-2022 12:28:28.524 INFO [main] org.apache.catalina.startup.VersionLoggerListener.log Server version name:   Apache Tomcat/10.0.18
01-Apr-2022 12:28:28.530 INFO [main] org.apache.catalina.startup.VersionLoggerListener.log Server built:          Mar 9 2022 14:30:15 UTC
01-Apr-2022 12:28:28.531 INFO [main] org.apache.catalina.startup.VersionLoggerListener.log Server version number: 10.0.18.0
01-Apr-2022 12:28:28.531 INFO [main] org.apache.catalina.startup.VersionLoggerListener.log OS Name:               Windows 10
01-Apr-2022 12:28:28.531 INFO [main] org.apache.catalina.startup.VersionLoggerListener.log OS Version:            10.0
01-Apr-2022 12:28:28.532 INFO [main] org.apache.catalina.startup.VersionLoggerListener.log Architecture:          amd64
01-Apr-2022 12:28:28.532 INFO [main] org.apache.catalina.startup.VersionLoggerListener.log Java Home:             C:\Program Files\Java\jdk-17.0.2
01-Apr-2022 12:28:28.532 INFO [main] org.apache.catalina.startup.VersionLoggerListener.log JVM Version:           17.0.2+8-LTS-86
01-Apr-2022 12:28:28.533 INFO [main] org.apache.catalina.startup.VersionLoggerListener.log JVM Vendor:            Oracle Corporation
01-Apr-2022 12:28:28.533 INFO [main] org.apache.catalina.startup.VersionLoggerListener.log CATALINA_BASE:         C:\Users\User\Everything\Suli\Adatb_2\Push\Adatbre_2_allaskereso\Tomcat_10
01-Apr-2022 12:28:28.533 INFO [main] org.apache.catalina.startup.VersionLoggerListener.log CATALINA_HOME:         C:\Users\User\Everything\Suli\Adatb_2\Push\Adatbre_2_allaskereso\Tomcat_10
01-Apr-2022 12:28:28.570 INFO [main] org.apache.catalina.startup.VersionLoggerListener.log Command line argument: --add-opens=java.base/java.lang=ALL-UNNAMED
01-Apr-2022 12:28:28.571 INFO [main] org.apache.catalina.startup.VersionLoggerListener.log Command line argument: --add-opens=java.base/java.io=ALL-UNNAMED
01-Apr-2022 12:28:28.571 INFO [main] org.apache.catalina.startup.VersionLoggerListener.log Command line argument: --add-opens=java.base/java.util=ALL-UNNAMED
01-Apr-2022 12:28:28.571 INFO [main] org.apache.catalina.startup.VersionLoggerListener.log Command line argument: --add-opens=java.base/java.util.concurrent=ALL-UNNAMED
01-Apr-2022 12:28:28.572 INFO [main] org.apache.catalina.startup.VersionLoggerListener.log Command line argument: --add-opens=java.rmi/sun.rmi.transport=ALL-UNNAMED
01-Apr-2022 12:28:28.573 INFO [main] org.apache.catalina.startup.VersionLoggerListener.log Command line argument: -Djava.util.logging.config.file=C:\Users\User\Everything\Suli\Adatb_2\Push\Adatbre_2_allaskereso\Tomcat_10\conf\logging.properties
01-Apr-2022 12:28:28.573 INFO [main] org.apache.catalina.startup.VersionLoggerListener.log Command line argument: -Djava.util.logging.manager=org.apache.juli.ClassLoaderLogManager
01-Apr-2022 12:28:28.574 INFO [main] org.apache.catalina.startup.VersionLoggerListener.log Command line argument: -Djdk.tls.ephemeralDHKeySize=2048
01-Apr-2022 12:28:28.574 INFO [main] org.apache.catalina.startup.VersionLoggerListener.log Command line argument: -Djava.protocol.handler.pkgs=org.apache.catalina.webresources
01-Apr-2022 12:28:28.575 INFO [main] org.apache.catalina.startup.VersionLoggerListener.log Command line argument: -Dignore.endorsed.dirs=
01-Apr-2022 12:28:28.575 INFO [main] org.apache.catalina.startup.VersionLoggerListener.log Command line argument: -Dcatalina.base=C:\Users\User\Everything\Suli\Adatb_2\Push\Adatbre_2_allaskereso\Tomcat_10
01-Apr-2022 12:28:28.576 INFO [main] org.apache.catalina.startup.VersionLoggerListener.log Command line argument: -Dcatalina.home=C:\Users\User\Everything\Suli\Adatb_2\Push\Adatbre_2_allaskereso\Tomcat_10
01-Apr-2022 12:28:28.576 INFO [main] org.apache.catalina.startup.VersionLoggerListener.log Command line argument: -Djava.io.tmpdir=C:\Users\User\Everything\Suli\Adatb_2\Push\Adatbre_2_allaskereso\Tomcat_10\temp
01-Apr-2022 12:28:28.598 INFO [main] org.apache.catalina.core.AprLifecycleListener.lifecycleEvent Loaded Apache Tomcat Native library [1.2.31] using APR version [1.7.0].
01-Apr-2022 12:28:28.598 INFO [main] org.apache.catalina.core.AprLifecycleListener.lifecycleEvent APR capabilities: IPv6 [true], sendfile [true], accept filters [false], random [true], UDS [true].
01-Apr-2022 12:28:28.622 INFO [main] org.apache.catalina.core.AprLifecycleListener.initializeSSL OpenSSL successfully initialized [OpenSSL 1.1.1l  24 Aug 2021]
01-Apr-2022 12:28:29.121 INFO [main] org.apache.coyote.AbstractProtocol.init Initializing ProtocolHandler ["http-nio-8080"]
01-Apr-2022 12:28:29.167 INFO [main] org.apache.catalina.startup.Catalina.load Server initialization in [1008] milliseconds
01-Apr-2022 12:28:29.253 INFO [main] org.apache.catalina.core.StandardService.startInternal Starting service [Catalina]
01-Apr-2022 12:28:29.253 INFO [main] org.apache.catalina.core.StandardEngine.startInternal Starting Servlet engine: [Apache Tomcat/10.0.18]
01-Apr-2022 12:28:29.297 INFO [main] org.apache.catalina.startup.HostConfig.deployWAR Deploying web application archive [C:\Users\User\Everything\Suli\Adatb_2\Push\Adatbre_2_allaskereso\Tomcat_10\webapps\Webapp_2\target\allaskereso.war]
01-Apr-2022 12:28:44.899 INFO [main] org.apache.jasper.servlet.TldScanner.scanJars At least one JAR was scanned for TLDs yet contained no TLDs. Enable debug logging for this logger for a complete list of JARs that were scanned but no TLDs were found in them. Skipping unneeded JARs during scanning can improve startup time and JSP compilation time.
01-Apr-2022 12:28:45.057 INFO [main] org.apache.catalina.startup.HostConfig.deployWAR Deployment of web application archive [C:\Users\User\Everything\Suli\Adatb_2\Push\Adatbre_2_allaskereso\Tomcat_10\webapps\Webapp_2\target\allaskereso.war] has finished in [15,760] ms
01-Apr-2022 12:28:45.062 INFO [main] org.apache.catalina.startup.HostConfig.deployDirectory Deploying web application directory [C:\Users\User\Everything\Suli\Adatb_2\Push\Adatbre_2_allaskereso\Tomcat_10\webapps\Webapp_2\target\classes]
01-Apr-2022 12:28:45.145 INFO [main] org.apache.catalina.startup.HostConfig.deployDirectory Deployment of web application directory [C:\Users\User\Everything\Suli\Adatb_2\Push\Adatbre_2_allaskereso\Tomcat_10\webapps\Webapp_2\target\classes] has finished in [82] ms
01-Apr-2022 12:28:45.146 INFO [main] org.apache.catalina.startup.HostConfig.deployDirectory Deploying web application directory [C:\Users\User\Everything\Suli\Adatb_2\Push\Adatbre_2_allaskereso\Tomcat_10\webapps\Webapp_2\target\generated-sources]
01-Apr-2022 12:28:45.224 INFO [main] org.apache.catalina.startup.HostConfig.deployDirectory Deployment of web application directory [C:\Users\User\Everything\Suli\Adatb_2\Push\Adatbre_2_allaskereso\Tomcat_10\webapps\Webapp_2\target\generated-sources] has finished in [78] ms
01-Apr-2022 12:28:45.227 INFO [main] org.apache.catalina.startup.HostConfig.deployDirectory Deploying web application directory [C:\Users\User\Everything\Suli\Adatb_2\Push\Adatbre_2_allaskereso\Tomcat_10\webapps\Webapp_2\target\maven-archiver]
01-Apr-2022 12:28:45.302 INFO [main] org.apache.catalina.startup.HostConfig.deployDirectory Deployment of web application directory [C:\Users\User\Everything\Suli\Adatb_2\Push\Adatbre_2_allaskereso\Tomcat_10\webapps\Webapp_2\target\maven-archiver] has finished in [75] ms
01-Apr-2022 12:28:45.305 INFO [main] org.apache.catalina.startup.HostConfig.deployDirectory Deploying web application directory [C:\Users\User\Everything\Suli\Adatb_2\Push\Adatbre_2_allaskereso\Tomcat_10\webapps\Webapp_2\target\maven-status]
01-Apr-2022 12:28:45.381 INFO [main] org.apache.catalina.startup.HostConfig.deployDirectory Deployment of web application directory [C:\Users\User\Everything\Suli\Adatb_2\Push\Adatbre_2_allaskereso\Tomcat_10\webapps\Webapp_2\target\maven-status] has finished in [76] ms
01-Apr-2022 12:28:45.386 INFO [main] org.apache.coyote.AbstractProtocol.start Starting ProtocolHandler ["http-nio-8080"]
01-Apr-2022 12:28:45.520 INFO [main] org.apache.catalina.startup.Catalina.start Server startup in [16352] milliseconds
01-Apr-2022 12:32:25.782 INFO [main] org.apache.catalina.core.StandardServer.await A valid shutdown command was received via the shutdown port. Stopping the Server instance.
01-Apr-2022 12:32:25.783 INFO [main] org.apache.coyote.AbstractProtocol.pause Pausing ProtocolHandler ["http-nio-8080"]
01-Apr-2022 12:32:25.814 INFO [main] org.apache.catalina.core.StandardService.stopInternal Stopping service [Catalina]
01-Apr-2022 12:32:25.904 WARNING [main] org.apache.catalina.loader.WebappClassLoaderBase.clearReferencesJdbc The web application [allaskereso] registered the JDBC driver [oracle.jdbc.OracleDriver] but failed to unregister it when the web application was stopped. To prevent a memory leak, the JDBC Driver has been forcibly unregistered.
01-Apr-2022 12:32:25.915 INFO [main] org.apache.coyote.AbstractProtocol.stop Stopping ProtocolHandler ["http-nio-8080"]
01-Apr-2022 12:32:25.927 INFO [main] org.apache.coyote.AbstractProtocol.destroy Destroying ProtocolHandler ["http-nio-8080"]
