27-Apr-2022 00:23:55.696 INFO [main] org.apache.catalina.core.StandardServer.await A valid shutdown command was received via the shutdown port. Stopping the Server instance.
27-Apr-2022 00:23:55.697 INFO [main] org.apache.coyote.AbstractProtocol.pause Pausing ProtocolHandler ["http-nio-8686"]
27-Apr-2022 00:23:55.730 INFO [main] org.apache.catalina.core.StandardService.stopInternal Stopping service [Catalina]
27-Apr-2022 00:23:55.770 WARNING [main] org.apache.catalina.loader.WebappClassLoaderBase.clearReferencesJdbc The web application [ROOT] registered the JDBC driver [oracle.jdbc.OracleDriver] but failed to unregister it when the web application was stopped. To prevent a memory leak, the JDBC Driver has been forcibly unregistered.
27-Apr-2022 00:23:55.782 INFO [main] org.apache.coyote.AbstractProtocol.stop Stopping ProtocolHandler ["http-nio-8686"]
27-Apr-2022 00:23:55.788 INFO [main] org.apache.coyote.AbstractProtocol.destroy Destroying ProtocolHandler ["http-nio-8686"]
27-Apr-2022 00:37:38.704 INFO [main] org.apache.catalina.startup.VersionLoggerListener.log Server version name:   Apache Tomcat/10.0.18
27-Apr-2022 00:37:38.707 INFO [main] org.apache.catalina.startup.VersionLoggerListener.log Server built:          Mar 9 2022 14:30:15 UTC
27-Apr-2022 00:37:38.707 INFO [main] org.apache.catalina.startup.VersionLoggerListener.log Server version number: 10.0.18.0
27-Apr-2022 00:37:38.707 INFO [main] org.apache.catalina.startup.VersionLoggerListener.log OS Name:               Windows 10
27-Apr-2022 00:37:38.707 INFO [main] org.apache.catalina.startup.VersionLoggerListener.log OS Version:            10.0
27-Apr-2022 00:37:38.708 INFO [main] org.apache.catalina.startup.VersionLoggerListener.log Architecture:          amd64
27-Apr-2022 00:37:38.708 INFO [main] org.apache.catalina.startup.VersionLoggerListener.log Java Home:             C:\Program Files\Java\jdk-17.0.2
27-Apr-2022 00:37:38.708 INFO [main] org.apache.catalina.startup.VersionLoggerListener.log JVM Version:           17.0.2+8-LTS-86
27-Apr-2022 00:37:38.708 INFO [main] org.apache.catalina.startup.VersionLoggerListener.log JVM Vendor:            Oracle Corporation
27-Apr-2022 00:37:38.708 INFO [main] org.apache.catalina.startup.VersionLoggerListener.log CATALINA_BASE:         C:\Users\User\Everything\Suli\Adatb_2\Push\Adatbre_2_allaskereso\Tomcat_10
27-Apr-2022 00:37:38.708 INFO [main] org.apache.catalina.startup.VersionLoggerListener.log CATALINA_HOME:         C:\Users\User\Everything\Suli\Adatb_2\Push\Adatbre_2_allaskereso\Tomcat_10
27-Apr-2022 00:37:38.719 INFO [main] org.apache.catalina.startup.VersionLoggerListener.log Command line argument: --add-opens=java.base/java.lang=ALL-UNNAMED
27-Apr-2022 00:37:38.719 INFO [main] org.apache.catalina.startup.VersionLoggerListener.log Command line argument: --add-opens=java.base/java.io=ALL-UNNAMED
27-Apr-2022 00:37:38.719 INFO [main] org.apache.catalina.startup.VersionLoggerListener.log Command line argument: --add-opens=java.base/java.util=ALL-UNNAMED
27-Apr-2022 00:37:38.720 INFO [main] org.apache.catalina.startup.VersionLoggerListener.log Command line argument: --add-opens=java.base/java.util.concurrent=ALL-UNNAMED
27-Apr-2022 00:37:38.720 INFO [main] org.apache.catalina.startup.VersionLoggerListener.log Command line argument: --add-opens=java.rmi/sun.rmi.transport=ALL-UNNAMED
27-Apr-2022 00:37:38.720 INFO [main] org.apache.catalina.startup.VersionLoggerListener.log Command line argument: -Djava.util.logging.config.file=C:\Users\User\Everything\Suli\Adatb_2\Push\Adatbre_2_allaskereso\Tomcat_10\conf\logging.properties
27-Apr-2022 00:37:38.720 INFO [main] org.apache.catalina.startup.VersionLoggerListener.log Command line argument: -Djava.util.logging.manager=org.apache.juli.ClassLoaderLogManager
27-Apr-2022 00:37:38.720 INFO [main] org.apache.catalina.startup.VersionLoggerListener.log Command line argument: -Djdk.tls.ephemeralDHKeySize=2048
27-Apr-2022 00:37:38.720 INFO [main] org.apache.catalina.startup.VersionLoggerListener.log Command line argument: -Djava.protocol.handler.pkgs=org.apache.catalina.webresources
27-Apr-2022 00:37:38.720 INFO [main] org.apache.catalina.startup.VersionLoggerListener.log Command line argument: -Dignore.endorsed.dirs=
27-Apr-2022 00:37:38.721 INFO [main] org.apache.catalina.startup.VersionLoggerListener.log Command line argument: -Dcatalina.base=C:\Users\User\Everything\Suli\Adatb_2\Push\Adatbre_2_allaskereso\Tomcat_10
27-Apr-2022 00:37:38.721 INFO [main] org.apache.catalina.startup.VersionLoggerListener.log Command line argument: -Dcatalina.home=C:\Users\User\Everything\Suli\Adatb_2\Push\Adatbre_2_allaskereso\Tomcat_10
27-Apr-2022 00:37:38.721 INFO [main] org.apache.catalina.startup.VersionLoggerListener.log Command line argument: -Djava.io.tmpdir=C:\Users\User\Everything\Suli\Adatb_2\Push\Adatbre_2_allaskereso\Tomcat_10\temp
27-Apr-2022 00:37:38.727 INFO [main] org.apache.catalina.core.AprLifecycleListener.lifecycleEvent Loaded Apache Tomcat Native library [1.2.31] using APR version [1.7.0].
27-Apr-2022 00:37:38.730 INFO [main] org.apache.catalina.core.AprLifecycleListener.lifecycleEvent APR capabilities: IPv6 [true], sendfile [true], accept filters [false], random [true], UDS [true].
27-Apr-2022 00:37:38.736 INFO [main] org.apache.catalina.core.AprLifecycleListener.initializeSSL OpenSSL successfully initialized [OpenSSL 1.1.1l  24 Aug 2021]
27-Apr-2022 00:37:38.959 INFO [main] org.apache.coyote.AbstractProtocol.init Initializing ProtocolHandler ["http-nio-8686"]
27-Apr-2022 00:37:38.984 INFO [main] org.apache.catalina.startup.Catalina.load Server initialization in [466] milliseconds
27-Apr-2022 00:37:39.026 INFO [main] org.apache.catalina.core.StandardService.startInternal Starting service [Catalina]
27-Apr-2022 00:37:39.027 INFO [main] org.apache.catalina.core.StandardEngine.startInternal Starting Servlet engine: [Apache Tomcat/10.0.18]
27-Apr-2022 00:37:40.824 INFO [main] org.apache.jasper.servlet.TldScanner.scanJars At least one JAR was scanned for TLDs yet contained no TLDs. Enable debug logging for this logger for a complete list of JARs that were scanned but no TLDs were found in them. Skipping unneeded JARs during scanning can improve startup time and JSP compilation time.
27-Apr-2022 00:37:40.951 INFO [main] org.apache.catalina.startup.HostConfig.deployDirectory Deploying web application directory [C:\Users\User\Everything\Suli\Adatb_2\Push\Adatbre_2_allaskereso\Tomcat_10\webapps\tomcat_control]
27-Apr-2022 00:37:41.005 INFO [main] org.apache.catalina.startup.HostConfig.deployDirectory Deployment of web application directory [C:\Users\User\Everything\Suli\Adatb_2\Push\Adatbre_2_allaskereso\Tomcat_10\webapps\tomcat_control] has finished in [53] ms
27-Apr-2022 00:37:41.005 INFO [main] org.apache.catalina.startup.HostConfig.deployDirectory Deploying web application directory [C:\Users\User\Everything\Suli\Adatb_2\Push\Adatbre_2_allaskereso\Tomcat_10\webapps\Webapp_2]
27-Apr-2022 00:37:41.057 INFO [main] org.apache.catalina.startup.HostConfig.deployDirectory Deployment of web application directory [C:\Users\User\Everything\Suli\Adatb_2\Push\Adatbre_2_allaskereso\Tomcat_10\webapps\Webapp_2] has finished in [52] ms
27-Apr-2022 00:37:41.060 INFO [main] org.apache.coyote.AbstractProtocol.start Starting ProtocolHandler ["http-nio-8686"]
27-Apr-2022 00:37:41.146 INFO [main] org.apache.catalina.startup.Catalina.start Server startup in [2161] milliseconds
27-Apr-2022 00:50:59.624 INFO [main] org.apache.catalina.core.StandardServer.await A valid shutdown command was received via the shutdown port. Stopping the Server instance.
27-Apr-2022 00:51:01.951 INFO [main] org.apache.coyote.AbstractProtocol.pause Pausing ProtocolHandler ["http-nio-8686"]
27-Apr-2022 00:51:01.984 INFO [main] org.apache.catalina.core.StandardService.stopInternal Stopping service [Catalina]
27-Apr-2022 00:51:02.013 WARNING [main] org.apache.catalina.loader.WebappClassLoaderBase.clearReferencesJdbc The web application [ROOT] registered the JDBC driver [oracle.jdbc.OracleDriver] but failed to unregister it when the web application was stopped. To prevent a memory leak, the JDBC Driver has been forcibly unregistered.
27-Apr-2022 00:51:02.026 INFO [main] org.apache.coyote.AbstractProtocol.stop Stopping ProtocolHandler ["http-nio-8686"]
27-Apr-2022 00:51:02.033 INFO [main] org.apache.coyote.AbstractProtocol.destroy Destroying ProtocolHandler ["http-nio-8686"]
27-Apr-2022 00:51:16.920 INFO [main] org.apache.catalina.startup.VersionLoggerListener.log Server version name:   Apache Tomcat/10.0.18
27-Apr-2022 00:51:16.923 INFO [main] org.apache.catalina.startup.VersionLoggerListener.log Server built:          Mar 9 2022 14:30:15 UTC
27-Apr-2022 00:51:16.923 INFO [main] org.apache.catalina.startup.VersionLoggerListener.log Server version number: 10.0.18.0
27-Apr-2022 00:51:16.924 INFO [main] org.apache.catalina.startup.VersionLoggerListener.log OS Name:               Windows 10
27-Apr-2022 00:51:16.924 INFO [main] org.apache.catalina.startup.VersionLoggerListener.log OS Version:            10.0
27-Apr-2022 00:51:16.924 INFO [main] org.apache.catalina.startup.VersionLoggerListener.log Architecture:          amd64
27-Apr-2022 00:51:16.924 INFO [main] org.apache.catalina.startup.VersionLoggerListener.log Java Home:             C:\Program Files\Java\jdk-17.0.2
27-Apr-2022 00:51:16.924 INFO [main] org.apache.catalina.startup.VersionLoggerListener.log JVM Version:           17.0.2+8-LTS-86
27-Apr-2022 00:51:16.924 INFO [main] org.apache.catalina.startup.VersionLoggerListener.log JVM Vendor:            Oracle Corporation
27-Apr-2022 00:51:16.924 INFO [main] org.apache.catalina.startup.VersionLoggerListener.log CATALINA_BASE:         C:\Users\User\Everything\Suli\Adatb_2\Push\Adatbre_2_allaskereso\Tomcat_10
27-Apr-2022 00:51:16.925 INFO [main] org.apache.catalina.startup.VersionLoggerListener.log CATALINA_HOME:         C:\Users\User\Everything\Suli\Adatb_2\Push\Adatbre_2_allaskereso\Tomcat_10
27-Apr-2022 00:51:16.938 INFO [main] org.apache.catalina.startup.VersionLoggerListener.log Command line argument: --add-opens=java.base/java.lang=ALL-UNNAMED
27-Apr-2022 00:51:16.938 INFO [main] org.apache.catalina.startup.VersionLoggerListener.log Command line argument: --add-opens=java.base/java.io=ALL-UNNAMED
27-Apr-2022 00:51:16.938 INFO [main] org.apache.catalina.startup.VersionLoggerListener.log Command line argument: --add-opens=java.base/java.util=ALL-UNNAMED
27-Apr-2022 00:51:16.939 INFO [main] org.apache.catalina.startup.VersionLoggerListener.log Command line argument: --add-opens=java.base/java.util.concurrent=ALL-UNNAMED
27-Apr-2022 00:51:16.939 INFO [main] org.apache.catalina.startup.VersionLoggerListener.log Command line argument: --add-opens=java.rmi/sun.rmi.transport=ALL-UNNAMED
27-Apr-2022 00:51:16.939 INFO [main] org.apache.catalina.startup.VersionLoggerListener.log Command line argument: -Djava.util.logging.config.file=C:\Users\User\Everything\Suli\Adatb_2\Push\Adatbre_2_allaskereso\Tomcat_10\conf\logging.properties
27-Apr-2022 00:51:16.939 INFO [main] org.apache.catalina.startup.VersionLoggerListener.log Command line argument: -Djava.util.logging.manager=org.apache.juli.ClassLoaderLogManager
27-Apr-2022 00:51:16.939 INFO [main] org.apache.catalina.startup.VersionLoggerListener.log Command line argument: -Djdk.tls.ephemeralDHKeySize=2048
27-Apr-2022 00:51:16.939 INFO [main] org.apache.catalina.startup.VersionLoggerListener.log Command line argument: -Djava.protocol.handler.pkgs=org.apache.catalina.webresources
27-Apr-2022 00:51:16.939 INFO [main] org.apache.catalina.startup.VersionLoggerListener.log Command line argument: -Dignore.endorsed.dirs=
27-Apr-2022 00:51:16.940 INFO [main] org.apache.catalina.startup.VersionLoggerListener.log Command line argument: -Dcatalina.base=C:\Users\User\Everything\Suli\Adatb_2\Push\Adatbre_2_allaskereso\Tomcat_10
27-Apr-2022 00:51:16.940 INFO [main] org.apache.catalina.startup.VersionLoggerListener.log Command line argument: -Dcatalina.home=C:\Users\User\Everything\Suli\Adatb_2\Push\Adatbre_2_allaskereso\Tomcat_10
27-Apr-2022 00:51:16.940 INFO [main] org.apache.catalina.startup.VersionLoggerListener.log Command line argument: -Djava.io.tmpdir=C:\Users\User\Everything\Suli\Adatb_2\Push\Adatbre_2_allaskereso\Tomcat_10\temp
27-Apr-2022 00:51:16.945 INFO [main] org.apache.catalina.core.AprLifecycleListener.lifecycleEvent Loaded Apache Tomcat Native library [1.2.31] using APR version [1.7.0].
27-Apr-2022 00:51:16.946 INFO [main] org.apache.catalina.core.AprLifecycleListener.lifecycleEvent APR capabilities: IPv6 [true], sendfile [true], accept filters [false], random [true], UDS [true].
27-Apr-2022 00:51:16.955 INFO [main] org.apache.catalina.core.AprLifecycleListener.initializeSSL OpenSSL successfully initialized [OpenSSL 1.1.1l  24 Aug 2021]
27-Apr-2022 00:51:17.209 INFO [main] org.apache.coyote.AbstractProtocol.init Initializing ProtocolHandler ["http-nio-8686"]
27-Apr-2022 00:51:17.237 INFO [main] org.apache.catalina.startup.Catalina.load Server initialization in [501] milliseconds
27-Apr-2022 00:51:17.286 INFO [main] org.apache.catalina.core.StandardService.startInternal Starting service [Catalina]
27-Apr-2022 00:51:17.287 INFO [main] org.apache.catalina.core.StandardEngine.startInternal Starting Servlet engine: [Apache Tomcat/10.0.18]
27-Apr-2022 00:51:19.095 INFO [main] org.apache.jasper.servlet.TldScanner.scanJars At least one JAR was scanned for TLDs yet contained no TLDs. Enable debug logging for this logger for a complete list of JARs that were scanned but no TLDs were found in them. Skipping unneeded JARs during scanning can improve startup time and JSP compilation time.
27-Apr-2022 00:51:19.238 INFO [main] org.apache.catalina.startup.HostConfig.deployDirectory Deploying web application directory [C:\Users\User\Everything\Suli\Adatb_2\Push\Adatbre_2_allaskereso\Tomcat_10\webapps\tomcat_control]
27-Apr-2022 00:51:19.297 INFO [main] org.apache.catalina.startup.HostConfig.deployDirectory Deployment of web application directory [C:\Users\User\Everything\Suli\Adatb_2\Push\Adatbre_2_allaskereso\Tomcat_10\webapps\tomcat_control] has finished in [58] ms
27-Apr-2022 00:51:19.297 INFO [main] org.apache.catalina.startup.HostConfig.deployDirectory Deploying web application directory [C:\Users\User\Everything\Suli\Adatb_2\Push\Adatbre_2_allaskereso\Tomcat_10\webapps\Webapp_2]
27-Apr-2022 00:51:19.352 INFO [main] org.apache.catalina.startup.HostConfig.deployDirectory Deployment of web application directory [C:\Users\User\Everything\Suli\Adatb_2\Push\Adatbre_2_allaskereso\Tomcat_10\webapps\Webapp_2] has finished in [55] ms
27-Apr-2022 00:51:19.355 INFO [main] org.apache.coyote.AbstractProtocol.start Starting ProtocolHandler ["http-nio-8686"]
27-Apr-2022 00:51:19.446 INFO [main] org.apache.catalina.startup.Catalina.start Server startup in [2207] milliseconds
27-Apr-2022 00:53:31.076 INFO [main] org.apache.catalina.core.StandardServer.await A valid shutdown command was received via the shutdown port. Stopping the Server instance.
27-Apr-2022 00:53:31.077 INFO [main] org.apache.coyote.AbstractProtocol.pause Pausing ProtocolHandler ["http-nio-8686"]
27-Apr-2022 00:53:31.112 INFO [main] org.apache.catalina.core.StandardService.stopInternal Stopping service [Catalina]
27-Apr-2022 00:53:31.142 WARNING [main] org.apache.catalina.loader.WebappClassLoaderBase.clearReferencesJdbc The web application [ROOT] registered the JDBC driver [oracle.jdbc.OracleDriver] but failed to unregister it when the web application was stopped. To prevent a memory leak, the JDBC Driver has been forcibly unregistered.
27-Apr-2022 00:53:31.150 INFO [main] org.apache.coyote.AbstractProtocol.stop Stopping ProtocolHandler ["http-nio-8686"]
27-Apr-2022 00:53:31.154 INFO [main] org.apache.coyote.AbstractProtocol.destroy Destroying ProtocolHandler ["http-nio-8686"]
27-Apr-2022 01:00:26.489 INFO [main] org.apache.catalina.startup.VersionLoggerListener.log Server version name:   Apache Tomcat/10.0.18
27-Apr-2022 01:00:26.492 INFO [main] org.apache.catalina.startup.VersionLoggerListener.log Server built:          Mar 9 2022 14:30:15 UTC
27-Apr-2022 01:00:26.493 INFO [main] org.apache.catalina.startup.VersionLoggerListener.log Server version number: 10.0.18.0
27-Apr-2022 01:00:26.493 INFO [main] org.apache.catalina.startup.VersionLoggerListener.log OS Name:               Windows 10
27-Apr-2022 01:00:26.493 INFO [main] org.apache.catalina.startup.VersionLoggerListener.log OS Version:            10.0
27-Apr-2022 01:00:26.493 INFO [main] org.apache.catalina.startup.VersionLoggerListener.log Architecture:          amd64
27-Apr-2022 01:00:26.493 INFO [main] org.apache.catalina.startup.VersionLoggerListener.log Java Home:             C:\Program Files\Java\jdk-17.0.2
27-Apr-2022 01:00:26.493 INFO [main] org.apache.catalina.startup.VersionLoggerListener.log JVM Version:           17.0.2+8-LTS-86
27-Apr-2022 01:00:26.494 INFO [main] org.apache.catalina.startup.VersionLoggerListener.log JVM Vendor:            Oracle Corporation
27-Apr-2022 01:00:26.494 INFO [main] org.apache.catalina.startup.VersionLoggerListener.log CATALINA_BASE:         C:\Users\User\Everything\Suli\Adatb_2\Push\Adatbre_2_allaskereso\Tomcat_10
27-Apr-2022 01:00:26.494 INFO [main] org.apache.catalina.startup.VersionLoggerListener.log CATALINA_HOME:         C:\Users\User\Everything\Suli\Adatb_2\Push\Adatbre_2_allaskereso\Tomcat_10
27-Apr-2022 01:00:26.505 INFO [main] org.apache.catalina.startup.VersionLoggerListener.log Command line argument: --add-opens=java.base/java.lang=ALL-UNNAMED
27-Apr-2022 01:00:26.505 INFO [main] org.apache.catalina.startup.VersionLoggerListener.log Command line argument: --add-opens=java.base/java.io=ALL-UNNAMED
27-Apr-2022 01:00:26.505 INFO [main] org.apache.catalina.startup.VersionLoggerListener.log Command line argument: --add-opens=java.base/java.util=ALL-UNNAMED
27-Apr-2022 01:00:26.505 INFO [main] org.apache.catalina.startup.VersionLoggerListener.log Command line argument: --add-opens=java.base/java.util.concurrent=ALL-UNNAMED
27-Apr-2022 01:00:26.506 INFO [main] org.apache.catalina.startup.VersionLoggerListener.log Command line argument: --add-opens=java.rmi/sun.rmi.transport=ALL-UNNAMED
27-Apr-2022 01:00:26.507 INFO [main] org.apache.catalina.startup.VersionLoggerListener.log Command line argument: -Djava.util.logging.config.file=C:\Users\User\Everything\Suli\Adatb_2\Push\Adatbre_2_allaskereso\Tomcat_10\conf\logging.properties
27-Apr-2022 01:00:26.508 INFO [main] org.apache.catalina.startup.VersionLoggerListener.log Command line argument: -Djava.util.logging.manager=org.apache.juli.ClassLoaderLogManager
27-Apr-2022 01:00:26.508 INFO [main] org.apache.catalina.startup.VersionLoggerListener.log Command line argument: -Djdk.tls.ephemeralDHKeySize=2048
27-Apr-2022 01:00:26.508 INFO [main] org.apache.catalina.startup.VersionLoggerListener.log Command line argument: -Djava.protocol.handler.pkgs=org.apache.catalina.webresources
27-Apr-2022 01:00:26.508 INFO [main] org.apache.catalina.startup.VersionLoggerListener.log Command line argument: -Dignore.endorsed.dirs=
27-Apr-2022 01:00:26.508 INFO [main] org.apache.catalina.startup.VersionLoggerListener.log Command line argument: -Dcatalina.base=C:\Users\User\Everything\Suli\Adatb_2\Push\Adatbre_2_allaskereso\Tomcat_10
27-Apr-2022 01:00:26.508 INFO [main] org.apache.catalina.startup.VersionLoggerListener.log Command line argument: -Dcatalina.home=C:\Users\User\Everything\Suli\Adatb_2\Push\Adatbre_2_allaskereso\Tomcat_10
27-Apr-2022 01:00:26.508 INFO [main] org.apache.catalina.startup.VersionLoggerListener.log Command line argument: -Djava.io.tmpdir=C:\Users\User\Everything\Suli\Adatb_2\Push\Adatbre_2_allaskereso\Tomcat_10\temp
27-Apr-2022 01:00:26.514 INFO [main] org.apache.catalina.core.AprLifecycleListener.lifecycleEvent Loaded Apache Tomcat Native library [1.2.31] using APR version [1.7.0].
27-Apr-2022 01:00:26.514 INFO [main] org.apache.catalina.core.AprLifecycleListener.lifecycleEvent APR capabilities: IPv6 [true], sendfile [true], accept filters [false], random [true], UDS [true].
27-Apr-2022 01:00:26.523 INFO [main] org.apache.catalina.core.AprLifecycleListener.initializeSSL OpenSSL successfully initialized [OpenSSL 1.1.1l  24 Aug 2021]
27-Apr-2022 01:00:26.783 INFO [main] org.apache.coyote.AbstractProtocol.init Initializing ProtocolHandler ["http-nio-8686"]
27-Apr-2022 01:00:26.810 INFO [main] org.apache.catalina.startup.Catalina.load Server initialization in [563] milliseconds
27-Apr-2022 01:00:26.858 INFO [main] org.apache.catalina.core.StandardService.startInternal Starting service [Catalina]
27-Apr-2022 01:00:26.858 INFO [main] org.apache.catalina.core.StandardEngine.startInternal Starting Servlet engine: [Apache Tomcat/10.0.18]
27-Apr-2022 01:00:28.771 INFO [main] org.apache.jasper.servlet.TldScanner.scanJars At least one JAR was scanned for TLDs yet contained no TLDs. Enable debug logging for this logger for a complete list of JARs that were scanned but no TLDs were found in them. Skipping unneeded JARs during scanning can improve startup time and JSP compilation time.
27-Apr-2022 01:00:28.878 INFO [main] org.apache.catalina.startup.HostConfig.deployDirectory Deploying web application directory [C:\Users\User\Everything\Suli\Adatb_2\Push\Adatbre_2_allaskereso\Tomcat_10\webapps\tomcat_control]
27-Apr-2022 01:00:28.921 INFO [main] org.apache.catalina.startup.HostConfig.deployDirectory Deployment of web application directory [C:\Users\User\Everything\Suli\Adatb_2\Push\Adatbre_2_allaskereso\Tomcat_10\webapps\tomcat_control] has finished in [44] ms
27-Apr-2022 01:00:28.921 INFO [main] org.apache.catalina.startup.HostConfig.deployDirectory Deploying web application directory [C:\Users\User\Everything\Suli\Adatb_2\Push\Adatbre_2_allaskereso\Tomcat_10\webapps\Webapp_2]
27-Apr-2022 01:00:28.965 INFO [main] org.apache.catalina.startup.HostConfig.deployDirectory Deployment of web application directory [C:\Users\User\Everything\Suli\Adatb_2\Push\Adatbre_2_allaskereso\Tomcat_10\webapps\Webapp_2] has finished in [44] ms
27-Apr-2022 01:00:28.968 INFO [main] org.apache.coyote.AbstractProtocol.start Starting ProtocolHandler ["http-nio-8686"]
27-Apr-2022 01:00:29.056 INFO [main] org.apache.catalina.startup.Catalina.start Server startup in [2245] milliseconds
27-Apr-2022 01:02:03.017 INFO [main] org.apache.catalina.core.StandardServer.await A valid shutdown command was received via the shutdown port. Stopping the Server instance.
27-Apr-2022 01:02:03.018 INFO [main] org.apache.coyote.AbstractProtocol.pause Pausing ProtocolHandler ["http-nio-8686"]
27-Apr-2022 01:02:03.040 INFO [main] org.apache.catalina.core.StandardService.stopInternal Stopping service [Catalina]
27-Apr-2022 01:02:03.072 WARNING [main] org.apache.catalina.loader.WebappClassLoaderBase.clearReferencesJdbc The web application [ROOT] registered the JDBC driver [oracle.jdbc.OracleDriver] but failed to unregister it when the web application was stopped. To prevent a memory leak, the JDBC Driver has been forcibly unregistered.
27-Apr-2022 01:02:03.081 INFO [main] org.apache.coyote.AbstractProtocol.stop Stopping ProtocolHandler ["http-nio-8686"]
27-Apr-2022 01:02:03.086 INFO [main] org.apache.coyote.AbstractProtocol.destroy Destroying ProtocolHandler ["http-nio-8686"]
27-Apr-2022 01:02:38.301 INFO [main] org.apache.catalina.startup.VersionLoggerListener.log Server version name:   Apache Tomcat/10.0.18
27-Apr-2022 01:02:38.304 INFO [main] org.apache.catalina.startup.VersionLoggerListener.log Server built:          Mar 9 2022 14:30:15 UTC
27-Apr-2022 01:02:38.305 INFO [main] org.apache.catalina.startup.VersionLoggerListener.log Server version number: 10.0.18.0
27-Apr-2022 01:02:38.305 INFO [main] org.apache.catalina.startup.VersionLoggerListener.log OS Name:               Windows 10
27-Apr-2022 01:02:38.305 INFO [main] org.apache.catalina.startup.VersionLoggerListener.log OS Version:            10.0
27-Apr-2022 01:02:38.305 INFO [main] org.apache.catalina.startup.VersionLoggerListener.log Architecture:          amd64
27-Apr-2022 01:02:38.305 INFO [main] org.apache.catalina.startup.VersionLoggerListener.log Java Home:             C:\Program Files\Java\jdk-17.0.2
27-Apr-2022 01:02:38.305 INFO [main] org.apache.catalina.startup.VersionLoggerListener.log JVM Version:           17.0.2+8-LTS-86
27-Apr-2022 01:02:38.305 INFO [main] org.apache.catalina.startup.VersionLoggerListener.log JVM Vendor:            Oracle Corporation
27-Apr-2022 01:02:38.306 INFO [main] org.apache.catalina.startup.VersionLoggerListener.log CATALINA_BASE:         C:\Users\User\Everything\Suli\Adatb_2\Push\Adatbre_2_allaskereso\Tomcat_10
27-Apr-2022 01:02:38.306 INFO [main] org.apache.catalina.startup.VersionLoggerListener.log CATALINA_HOME:         C:\Users\User\Everything\Suli\Adatb_2\Push\Adatbre_2_allaskereso\Tomcat_10
27-Apr-2022 01:02:38.315 INFO [main] org.apache.catalina.startup.VersionLoggerListener.log Command line argument: --add-opens=java.base/java.lang=ALL-UNNAMED
27-Apr-2022 01:02:38.316 INFO [main] org.apache.catalina.startup.VersionLoggerListener.log Command line argument: --add-opens=java.base/java.io=ALL-UNNAMED
27-Apr-2022 01:02:38.316 INFO [main] org.apache.catalina.startup.VersionLoggerListener.log Command line argument: --add-opens=java.base/java.util=ALL-UNNAMED
27-Apr-2022 01:02:38.316 INFO [main] org.apache.catalina.startup.VersionLoggerListener.log Command line argument: --add-opens=java.base/java.util.concurrent=ALL-UNNAMED
27-Apr-2022 01:02:38.317 INFO [main] org.apache.catalina.startup.VersionLoggerListener.log Command line argument: --add-opens=java.rmi/sun.rmi.transport=ALL-UNNAMED
27-Apr-2022 01:02:38.317 INFO [main] org.apache.catalina.startup.VersionLoggerListener.log Command line argument: -Djava.util.logging.config.file=C:\Users\User\Everything\Suli\Adatb_2\Push\Adatbre_2_allaskereso\Tomcat_10\conf\logging.properties
27-Apr-2022 01:02:38.317 INFO [main] org.apache.catalina.startup.VersionLoggerListener.log Command line argument: -Djava.util.logging.manager=org.apache.juli.ClassLoaderLogManager
27-Apr-2022 01:02:38.317 INFO [main] org.apache.catalina.startup.VersionLoggerListener.log Command line argument: -Djdk.tls.ephemeralDHKeySize=2048
27-Apr-2022 01:02:38.317 INFO [main] org.apache.catalina.startup.VersionLoggerListener.log Command line argument: -Djava.protocol.handler.pkgs=org.apache.catalina.webresources
27-Apr-2022 01:02:38.317 INFO [main] org.apache.catalina.startup.VersionLoggerListener.log Command line argument: -Dignore.endorsed.dirs=
27-Apr-2022 01:02:38.317 INFO [main] org.apache.catalina.startup.VersionLoggerListener.log Command line argument: -Dcatalina.base=C:\Users\User\Everything\Suli\Adatb_2\Push\Adatbre_2_allaskereso\Tomcat_10
27-Apr-2022 01:02:38.317 INFO [main] org.apache.catalina.startup.VersionLoggerListener.log Command line argument: -Dcatalina.home=C:\Users\User\Everything\Suli\Adatb_2\Push\Adatbre_2_allaskereso\Tomcat_10
27-Apr-2022 01:02:38.317 INFO [main] org.apache.catalina.startup.VersionLoggerListener.log Command line argument: -Djava.io.tmpdir=C:\Users\User\Everything\Suli\Adatb_2\Push\Adatbre_2_allaskereso\Tomcat_10\temp
27-Apr-2022 01:02:38.323 INFO [main] org.apache.catalina.core.AprLifecycleListener.lifecycleEvent Loaded Apache Tomcat Native library [1.2.31] using APR version [1.7.0].
27-Apr-2022 01:02:38.323 INFO [main] org.apache.catalina.core.AprLifecycleListener.lifecycleEvent APR capabilities: IPv6 [true], sendfile [true], accept filters [false], random [true], UDS [true].
27-Apr-2022 01:02:38.332 INFO [main] org.apache.catalina.core.AprLifecycleListener.initializeSSL OpenSSL successfully initialized [OpenSSL 1.1.1l  24 Aug 2021]
27-Apr-2022 01:02:38.574 INFO [main] org.apache.coyote.AbstractProtocol.init Initializing ProtocolHandler ["http-nio-8686"]
27-Apr-2022 01:02:38.602 INFO [main] org.apache.catalina.startup.Catalina.load Server initialization in [508] milliseconds
27-Apr-2022 01:02:38.649 INFO [main] org.apache.catalina.core.StandardService.startInternal Starting service [Catalina]
27-Apr-2022 01:02:38.649 INFO [main] org.apache.catalina.core.StandardEngine.startInternal Starting Servlet engine: [Apache Tomcat/10.0.18]
27-Apr-2022 01:02:40.627 INFO [main] org.apache.jasper.servlet.TldScanner.scanJars At least one JAR was scanned for TLDs yet contained no TLDs. Enable debug logging for this logger for a complete list of JARs that were scanned but no TLDs were found in them. Skipping unneeded JARs during scanning can improve startup time and JSP compilation time.
27-Apr-2022 01:02:40.756 INFO [main] org.apache.catalina.startup.HostConfig.deployDirectory Deploying web application directory [C:\Users\User\Everything\Suli\Adatb_2\Push\Adatbre_2_allaskereso\Tomcat_10\webapps\tomcat_control]
27-Apr-2022 01:02:40.811 INFO [main] org.apache.catalina.startup.HostConfig.deployDirectory Deployment of web application directory [C:\Users\User\Everything\Suli\Adatb_2\Push\Adatbre_2_allaskereso\Tomcat_10\webapps\tomcat_control] has finished in [54] ms
27-Apr-2022 01:02:40.811 INFO [main] org.apache.catalina.startup.HostConfig.deployDirectory Deploying web application directory [C:\Users\User\Everything\Suli\Adatb_2\Push\Adatbre_2_allaskereso\Tomcat_10\webapps\Webapp_2]
27-Apr-2022 01:02:40.859 INFO [main] org.apache.catalina.startup.HostConfig.deployDirectory Deployment of web application directory [C:\Users\User\Everything\Suli\Adatb_2\Push\Adatbre_2_allaskereso\Tomcat_10\webapps\Webapp_2] has finished in [47] ms
27-Apr-2022 01:02:40.862 INFO [main] org.apache.coyote.AbstractProtocol.start Starting ProtocolHandler ["http-nio-8686"]
27-Apr-2022 01:02:40.939 INFO [main] org.apache.catalina.startup.Catalina.start Server startup in [2336] milliseconds
27-Apr-2022 01:04:12.746 INFO [main] org.apache.catalina.core.StandardServer.await A valid shutdown command was received via the shutdown port. Stopping the Server instance.
27-Apr-2022 01:04:12.746 INFO [main] org.apache.coyote.AbstractProtocol.pause Pausing ProtocolHandler ["http-nio-8686"]
27-Apr-2022 01:04:12.770 INFO [main] org.apache.catalina.core.StandardService.stopInternal Stopping service [Catalina]
27-Apr-2022 01:04:12.798 WARNING [main] org.apache.catalina.loader.WebappClassLoaderBase.clearReferencesJdbc The web application [ROOT] registered the JDBC driver [oracle.jdbc.OracleDriver] but failed to unregister it when the web application was stopped. To prevent a memory leak, the JDBC Driver has been forcibly unregistered.
27-Apr-2022 01:04:12.808 INFO [main] org.apache.coyote.AbstractProtocol.stop Stopping ProtocolHandler ["http-nio-8686"]
27-Apr-2022 01:04:12.823 INFO [main] org.apache.coyote.AbstractProtocol.destroy Destroying ProtocolHandler ["http-nio-8686"]
27-Apr-2022 01:04:30.643 INFO [main] org.apache.catalina.startup.VersionLoggerListener.log Server version name:   Apache Tomcat/10.0.18
27-Apr-2022 01:04:30.645 INFO [main] org.apache.catalina.startup.VersionLoggerListener.log Server built:          Mar 9 2022 14:30:15 UTC
27-Apr-2022 01:04:30.646 INFO [main] org.apache.catalina.startup.VersionLoggerListener.log Server version number: 10.0.18.0
27-Apr-2022 01:04:30.646 INFO [main] org.apache.catalina.startup.VersionLoggerListener.log OS Name:               Windows 10
27-Apr-2022 01:04:30.646 INFO [main] org.apache.catalina.startup.VersionLoggerListener.log OS Version:            10.0
27-Apr-2022 01:04:30.646 INFO [main] org.apache.catalina.startup.VersionLoggerListener.log Architecture:          amd64
27-Apr-2022 01:04:30.646 INFO [main] org.apache.catalina.startup.VersionLoggerListener.log Java Home:             C:\Program Files\Java\jdk-17.0.2
27-Apr-2022 01:04:30.646 INFO [main] org.apache.catalina.startup.VersionLoggerListener.log JVM Version:           17.0.2+8-LTS-86
27-Apr-2022 01:04:30.647 INFO [main] org.apache.catalina.startup.VersionLoggerListener.log JVM Vendor:            Oracle Corporation
27-Apr-2022 01:04:30.647 INFO [main] org.apache.catalina.startup.VersionLoggerListener.log CATALINA_BASE:         C:\Users\User\Everything\Suli\Adatb_2\Push\Adatbre_2_allaskereso\Tomcat_10
27-Apr-2022 01:04:30.647 INFO [main] org.apache.catalina.startup.VersionLoggerListener.log CATALINA_HOME:         C:\Users\User\Everything\Suli\Adatb_2\Push\Adatbre_2_allaskereso\Tomcat_10
27-Apr-2022 01:04:30.658 INFO [main] org.apache.catalina.startup.VersionLoggerListener.log Command line argument: --add-opens=java.base/java.lang=ALL-UNNAMED
27-Apr-2022 01:04:30.658 INFO [main] org.apache.catalina.startup.VersionLoggerListener.log Command line argument: --add-opens=java.base/java.io=ALL-UNNAMED
27-Apr-2022 01:04:30.658 INFO [main] org.apache.catalina.startup.VersionLoggerListener.log Command line argument: --add-opens=java.base/java.util=ALL-UNNAMED
27-Apr-2022 01:04:30.658 INFO [main] org.apache.catalina.startup.VersionLoggerListener.log Command line argument: --add-opens=java.base/java.util.concurrent=ALL-UNNAMED
27-Apr-2022 01:04:30.658 INFO [main] org.apache.catalina.startup.VersionLoggerListener.log Command line argument: --add-opens=java.rmi/sun.rmi.transport=ALL-UNNAMED
27-Apr-2022 01:04:30.658 INFO [main] org.apache.catalina.startup.VersionLoggerListener.log Command line argument: -Djava.util.logging.config.file=C:\Users\User\Everything\Suli\Adatb_2\Push\Adatbre_2_allaskereso\Tomcat_10\conf\logging.properties
27-Apr-2022 01:04:30.659 INFO [main] org.apache.catalina.startup.VersionLoggerListener.log Command line argument: -Djava.util.logging.manager=org.apache.juli.ClassLoaderLogManager
27-Apr-2022 01:04:30.659 INFO [main] org.apache.catalina.startup.VersionLoggerListener.log Command line argument: -Djdk.tls.ephemeralDHKeySize=2048
27-Apr-2022 01:04:30.659 INFO [main] org.apache.catalina.startup.VersionLoggerListener.log Command line argument: -Djava.protocol.handler.pkgs=org.apache.catalina.webresources
27-Apr-2022 01:04:30.659 INFO [main] org.apache.catalina.startup.VersionLoggerListener.log Command line argument: -Dignore.endorsed.dirs=
27-Apr-2022 01:04:30.659 INFO [main] org.apache.catalina.startup.VersionLoggerListener.log Command line argument: -Dcatalina.base=C:\Users\User\Everything\Suli\Adatb_2\Push\Adatbre_2_allaskereso\Tomcat_10
27-Apr-2022 01:04:30.659 INFO [main] org.apache.catalina.startup.VersionLoggerListener.log Command line argument: -Dcatalina.home=C:\Users\User\Everything\Suli\Adatb_2\Push\Adatbre_2_allaskereso\Tomcat_10
27-Apr-2022 01:04:30.659 INFO [main] org.apache.catalina.startup.VersionLoggerListener.log Command line argument: -Djava.io.tmpdir=C:\Users\User\Everything\Suli\Adatb_2\Push\Adatbre_2_allaskereso\Tomcat_10\temp
27-Apr-2022 01:04:30.665 INFO [main] org.apache.catalina.core.AprLifecycleListener.lifecycleEvent Loaded Apache Tomcat Native library [1.2.31] using APR version [1.7.0].
27-Apr-2022 01:04:30.666 INFO [main] org.apache.catalina.core.AprLifecycleListener.lifecycleEvent APR capabilities: IPv6 [true], sendfile [true], accept filters [false], random [true], UDS [true].
27-Apr-2022 01:04:30.675 INFO [main] org.apache.catalina.core.AprLifecycleListener.initializeSSL OpenSSL successfully initialized [OpenSSL 1.1.1l  24 Aug 2021]
27-Apr-2022 01:04:30.893 INFO [main] org.apache.coyote.AbstractProtocol.init Initializing ProtocolHandler ["http-nio-8686"]
27-Apr-2022 01:04:30.917 INFO [main] org.apache.catalina.startup.Catalina.load Server initialization in [504] milliseconds
27-Apr-2022 01:04:30.959 INFO [main] org.apache.catalina.core.StandardService.startInternal Starting service [Catalina]
27-Apr-2022 01:04:30.959 INFO [main] org.apache.catalina.core.StandardEngine.startInternal Starting Servlet engine: [Apache Tomcat/10.0.18]
27-Apr-2022 01:04:32.700 INFO [main] org.apache.jasper.servlet.TldScanner.scanJars At least one JAR was scanned for TLDs yet contained no TLDs. Enable debug logging for this logger for a complete list of JARs that were scanned but no TLDs were found in them. Skipping unneeded JARs during scanning can improve startup time and JSP compilation time.
27-Apr-2022 01:04:32.826 INFO [main] org.apache.catalina.startup.HostConfig.deployDirectory Deploying web application directory [C:\Users\User\Everything\Suli\Adatb_2\Push\Adatbre_2_allaskereso\Tomcat_10\webapps\tomcat_control]
27-Apr-2022 01:04:32.879 INFO [main] org.apache.catalina.startup.HostConfig.deployDirectory Deployment of web application directory [C:\Users\User\Everything\Suli\Adatb_2\Push\Adatbre_2_allaskereso\Tomcat_10\webapps\tomcat_control] has finished in [52] ms
27-Apr-2022 01:04:32.879 INFO [main] org.apache.catalina.startup.HostConfig.deployDirectory Deploying web application directory [C:\Users\User\Everything\Suli\Adatb_2\Push\Adatbre_2_allaskereso\Tomcat_10\webapps\Webapp_2]
27-Apr-2022 01:04:32.933 INFO [main] org.apache.catalina.startup.HostConfig.deployDirectory Deployment of web application directory [C:\Users\User\Everything\Suli\Adatb_2\Push\Adatbre_2_allaskereso\Tomcat_10\webapps\Webapp_2] has finished in [54] ms
27-Apr-2022 01:04:32.937 INFO [main] org.apache.coyote.AbstractProtocol.start Starting ProtocolHandler ["http-nio-8686"]
27-Apr-2022 01:04:33.027 INFO [main] org.apache.catalina.startup.Catalina.start Server startup in [2109] milliseconds
27-Apr-2022 01:07:14.767 INFO [main] org.apache.catalina.core.StandardServer.await A valid shutdown command was received via the shutdown port. Stopping the Server instance.
27-Apr-2022 01:07:14.769 INFO [main] org.apache.coyote.AbstractProtocol.pause Pausing ProtocolHandler ["http-nio-8686"]
27-Apr-2022 01:07:14.801 INFO [main] org.apache.catalina.core.StandardService.stopInternal Stopping service [Catalina]
27-Apr-2022 01:07:14.842 WARNING [main] org.apache.catalina.loader.WebappClassLoaderBase.clearReferencesJdbc The web application [ROOT] registered the JDBC driver [oracle.jdbc.OracleDriver] but failed to unregister it when the web application was stopped. To prevent a memory leak, the JDBC Driver has been forcibly unregistered.
27-Apr-2022 01:07:14.855 INFO [main] org.apache.coyote.AbstractProtocol.stop Stopping ProtocolHandler ["http-nio-8686"]
27-Apr-2022 01:07:14.863 INFO [main] org.apache.coyote.AbstractProtocol.destroy Destroying ProtocolHandler ["http-nio-8686"]
27-Apr-2022 01:07:30.123 INFO [main] org.apache.catalina.startup.VersionLoggerListener.log Server version name:   Apache Tomcat/10.0.18
27-Apr-2022 01:07:30.126 INFO [main] org.apache.catalina.startup.VersionLoggerListener.log Server built:          Mar 9 2022 14:30:15 UTC
27-Apr-2022 01:07:30.127 INFO [main] org.apache.catalina.startup.VersionLoggerListener.log Server version number: 10.0.18.0
27-Apr-2022 01:07:30.127 INFO [main] org.apache.catalina.startup.VersionLoggerListener.log OS Name:               Windows 10
27-Apr-2022 01:07:30.127 INFO [main] org.apache.catalina.startup.VersionLoggerListener.log OS Version:            10.0
27-Apr-2022 01:07:30.127 INFO [main] org.apache.catalina.startup.VersionLoggerListener.log Architecture:          amd64
27-Apr-2022 01:07:30.127 INFO [main] org.apache.catalina.startup.VersionLoggerListener.log Java Home:             C:\Program Files\Java\jdk-17.0.2
27-Apr-2022 01:07:30.127 INFO [main] org.apache.catalina.startup.VersionLoggerListener.log JVM Version:           17.0.2+8-LTS-86
27-Apr-2022 01:07:30.127 INFO [main] org.apache.catalina.startup.VersionLoggerListener.log JVM Vendor:            Oracle Corporation
27-Apr-2022 01:07:30.127 INFO [main] org.apache.catalina.startup.VersionLoggerListener.log CATALINA_BASE:         C:\Users\User\Everything\Suli\Adatb_2\Push\Adatbre_2_allaskereso\Tomcat_10
27-Apr-2022 01:07:30.128 INFO [main] org.apache.catalina.startup.VersionLoggerListener.log CATALINA_HOME:         C:\Users\User\Everything\Suli\Adatb_2\Push\Adatbre_2_allaskereso\Tomcat_10
27-Apr-2022 01:07:30.141 INFO [main] org.apache.catalina.startup.VersionLoggerListener.log Command line argument: --add-opens=java.base/java.lang=ALL-UNNAMED
27-Apr-2022 01:07:30.141 INFO [main] org.apache.catalina.startup.VersionLoggerListener.log Command line argument: --add-opens=java.base/java.io=ALL-UNNAMED
27-Apr-2022 01:07:30.141 INFO [main] org.apache.catalina.startup.VersionLoggerListener.log Command line argument: --add-opens=java.base/java.util=ALL-UNNAMED
27-Apr-2022 01:07:30.141 INFO [main] org.apache.catalina.startup.VersionLoggerListener.log Command line argument: --add-opens=java.base/java.util.concurrent=ALL-UNNAMED
27-Apr-2022 01:07:30.142 INFO [main] org.apache.catalina.startup.VersionLoggerListener.log Command line argument: --add-opens=java.rmi/sun.rmi.transport=ALL-UNNAMED
27-Apr-2022 01:07:30.142 INFO [main] org.apache.catalina.startup.VersionLoggerListener.log Command line argument: -Djava.util.logging.config.file=C:\Users\User\Everything\Suli\Adatb_2\Push\Adatbre_2_allaskereso\Tomcat_10\conf\logging.properties
27-Apr-2022 01:07:30.142 INFO [main] org.apache.catalina.startup.VersionLoggerListener.log Command line argument: -Djava.util.logging.manager=org.apache.juli.ClassLoaderLogManager
27-Apr-2022 01:07:30.142 INFO [main] org.apache.catalina.startup.VersionLoggerListener.log Command line argument: -Djdk.tls.ephemeralDHKeySize=2048
27-Apr-2022 01:07:30.142 INFO [main] org.apache.catalina.startup.VersionLoggerListener.log Command line argument: -Djava.protocol.handler.pkgs=org.apache.catalina.webresources
27-Apr-2022 01:07:30.142 INFO [main] org.apache.catalina.startup.VersionLoggerListener.log Command line argument: -Dignore.endorsed.dirs=
27-Apr-2022 01:07:30.142 INFO [main] org.apache.catalina.startup.VersionLoggerListener.log Command line argument: -Dcatalina.base=C:\Users\User\Everything\Suli\Adatb_2\Push\Adatbre_2_allaskereso\Tomcat_10
27-Apr-2022 01:07:30.143 INFO [main] org.apache.catalina.startup.VersionLoggerListener.log Command line argument: -Dcatalina.home=C:\Users\User\Everything\Suli\Adatb_2\Push\Adatbre_2_allaskereso\Tomcat_10
27-Apr-2022 01:07:30.143 INFO [main] org.apache.catalina.startup.VersionLoggerListener.log Command line argument: -Djava.io.tmpdir=C:\Users\User\Everything\Suli\Adatb_2\Push\Adatbre_2_allaskereso\Tomcat_10\temp
27-Apr-2022 01:07:30.148 INFO [main] org.apache.catalina.core.AprLifecycleListener.lifecycleEvent Loaded Apache Tomcat Native library [1.2.31] using APR version [1.7.0].
27-Apr-2022 01:07:30.149 INFO [main] org.apache.catalina.core.AprLifecycleListener.lifecycleEvent APR capabilities: IPv6 [true], sendfile [true], accept filters [false], random [true], UDS [true].
27-Apr-2022 01:07:30.157 INFO [main] org.apache.catalina.core.AprLifecycleListener.initializeSSL OpenSSL successfully initialized [OpenSSL 1.1.1l  24 Aug 2021]
27-Apr-2022 01:07:30.386 INFO [main] org.apache.coyote.AbstractProtocol.init Initializing ProtocolHandler ["http-nio-8686"]
27-Apr-2022 01:07:30.407 INFO [main] org.apache.catalina.startup.Catalina.load Server initialization in [518] milliseconds
27-Apr-2022 01:07:30.443 INFO [main] org.apache.catalina.core.StandardService.startInternal Starting service [Catalina]
27-Apr-2022 01:07:30.443 INFO [main] org.apache.catalina.core.StandardEngine.startInternal Starting Servlet engine: [Apache Tomcat/10.0.18]
27-Apr-2022 01:07:32.215 INFO [main] org.apache.jasper.servlet.TldScanner.scanJars At least one JAR was scanned for TLDs yet contained no TLDs. Enable debug logging for this logger for a complete list of JARs that were scanned but no TLDs were found in them. Skipping unneeded JARs during scanning can improve startup time and JSP compilation time.
27-Apr-2022 01:07:32.356 INFO [main] org.apache.catalina.startup.HostConfig.deployDirectory Deploying web application directory [C:\Users\User\Everything\Suli\Adatb_2\Push\Adatbre_2_allaskereso\Tomcat_10\webapps\tomcat_control]
27-Apr-2022 01:07:32.421 INFO [main] org.apache.catalina.startup.HostConfig.deployDirectory Deployment of web application directory [C:\Users\User\Everything\Suli\Adatb_2\Push\Adatbre_2_allaskereso\Tomcat_10\webapps\tomcat_control] has finished in [64] ms
27-Apr-2022 01:07:32.421 INFO [main] org.apache.catalina.startup.HostConfig.deployDirectory Deploying web application directory [C:\Users\User\Everything\Suli\Adatb_2\Push\Adatbre_2_allaskereso\Tomcat_10\webapps\Webapp_2]
27-Apr-2022 01:07:32.472 INFO [main] org.apache.catalina.startup.HostConfig.deployDirectory Deployment of web application directory [C:\Users\User\Everything\Suli\Adatb_2\Push\Adatbre_2_allaskereso\Tomcat_10\webapps\Webapp_2] has finished in [51] ms
27-Apr-2022 01:07:32.475 INFO [main] org.apache.coyote.AbstractProtocol.start Starting ProtocolHandler ["http-nio-8686"]
27-Apr-2022 01:07:32.565 INFO [main] org.apache.catalina.startup.Catalina.start Server startup in [2158] milliseconds
27-Apr-2022 01:15:01.692 INFO [main] org.apache.catalina.core.StandardServer.await A valid shutdown command was received via the shutdown port. Stopping the Server instance.
27-Apr-2022 01:15:01.693 INFO [main] org.apache.coyote.AbstractProtocol.pause Pausing ProtocolHandler ["http-nio-8686"]
27-Apr-2022 01:15:01.717 INFO [main] org.apache.catalina.core.StandardService.stopInternal Stopping service [Catalina]
27-Apr-2022 01:15:01.746 WARNING [main] org.apache.catalina.loader.WebappClassLoaderBase.clearReferencesJdbc The web application [ROOT] registered the JDBC driver [oracle.jdbc.OracleDriver] but failed to unregister it when the web application was stopped. To prevent a memory leak, the JDBC Driver has been forcibly unregistered.
27-Apr-2022 01:15:01.755 INFO [main] org.apache.coyote.AbstractProtocol.stop Stopping ProtocolHandler ["http-nio-8686"]
27-Apr-2022 01:15:01.766 INFO [main] org.apache.coyote.AbstractProtocol.destroy Destroying ProtocolHandler ["http-nio-8686"]
27-Apr-2022 01:15:14.269 INFO [main] org.apache.catalina.startup.VersionLoggerListener.log Server version name:   Apache Tomcat/10.0.18
27-Apr-2022 01:15:14.271 INFO [main] org.apache.catalina.startup.VersionLoggerListener.log Server built:          Mar 9 2022 14:30:15 UTC
27-Apr-2022 01:15:14.272 INFO [main] org.apache.catalina.startup.VersionLoggerListener.log Server version number: 10.0.18.0
27-Apr-2022 01:15:14.272 INFO [main] org.apache.catalina.startup.VersionLoggerListener.log OS Name:               Windows 10
27-Apr-2022 01:15:14.272 INFO [main] org.apache.catalina.startup.VersionLoggerListener.log OS Version:            10.0
27-Apr-2022 01:15:14.272 INFO [main] org.apache.catalina.startup.VersionLoggerListener.log Architecture:          amd64
27-Apr-2022 01:15:14.272 INFO [main] org.apache.catalina.startup.VersionLoggerListener.log Java Home:             C:\Program Files\Java\jdk-17.0.2
27-Apr-2022 01:15:14.272 INFO [main] org.apache.catalina.startup.VersionLoggerListener.log JVM Version:           17.0.2+8-LTS-86
27-Apr-2022 01:15:14.272 INFO [main] org.apache.catalina.startup.VersionLoggerListener.log JVM Vendor:            Oracle Corporation
27-Apr-2022 01:15:14.272 INFO [main] org.apache.catalina.startup.VersionLoggerListener.log CATALINA_BASE:         C:\Users\User\Everything\Suli\Adatb_2\Push\Adatbre_2_allaskereso\Tomcat_10
27-Apr-2022 01:15:14.273 INFO [main] org.apache.catalina.startup.VersionLoggerListener.log CATALINA_HOME:         C:\Users\User\Everything\Suli\Adatb_2\Push\Adatbre_2_allaskereso\Tomcat_10
27-Apr-2022 01:15:14.284 INFO [main] org.apache.catalina.startup.VersionLoggerListener.log Command line argument: --add-opens=java.base/java.lang=ALL-UNNAMED
27-Apr-2022 01:15:14.284 INFO [main] org.apache.catalina.startup.VersionLoggerListener.log Command line argument: --add-opens=java.base/java.io=ALL-UNNAMED
27-Apr-2022 01:15:14.284 INFO [main] org.apache.catalina.startup.VersionLoggerListener.log Command line argument: --add-opens=java.base/java.util=ALL-UNNAMED
27-Apr-2022 01:15:14.284 INFO [main] org.apache.catalina.startup.VersionLoggerListener.log Command line argument: --add-opens=java.base/java.util.concurrent=ALL-UNNAMED
27-Apr-2022 01:15:14.284 INFO [main] org.apache.catalina.startup.VersionLoggerListener.log Command line argument: --add-opens=java.rmi/sun.rmi.transport=ALL-UNNAMED
27-Apr-2022 01:15:14.284 INFO [main] org.apache.catalina.startup.VersionLoggerListener.log Command line argument: -Djava.util.logging.config.file=C:\Users\User\Everything\Suli\Adatb_2\Push\Adatbre_2_allaskereso\Tomcat_10\conf\logging.properties
27-Apr-2022 01:15:14.284 INFO [main] org.apache.catalina.startup.VersionLoggerListener.log Command line argument: -Djava.util.logging.manager=org.apache.juli.ClassLoaderLogManager
27-Apr-2022 01:15:14.284 INFO [main] org.apache.catalina.startup.VersionLoggerListener.log Command line argument: -Djdk.tls.ephemeralDHKeySize=2048
27-Apr-2022 01:15:14.285 INFO [main] org.apache.catalina.startup.VersionLoggerListener.log Command line argument: -Djava.protocol.handler.pkgs=org.apache.catalina.webresources
27-Apr-2022 01:15:14.285 INFO [main] org.apache.catalina.startup.VersionLoggerListener.log Command line argument: -Dignore.endorsed.dirs=
27-Apr-2022 01:15:14.285 INFO [main] org.apache.catalina.startup.VersionLoggerListener.log Command line argument: -Dcatalina.base=C:\Users\User\Everything\Suli\Adatb_2\Push\Adatbre_2_allaskereso\Tomcat_10
27-Apr-2022 01:15:14.285 INFO [main] org.apache.catalina.startup.VersionLoggerListener.log Command line argument: -Dcatalina.home=C:\Users\User\Everything\Suli\Adatb_2\Push\Adatbre_2_allaskereso\Tomcat_10
27-Apr-2022 01:15:14.285 INFO [main] org.apache.catalina.startup.VersionLoggerListener.log Command line argument: -Djava.io.tmpdir=C:\Users\User\Everything\Suli\Adatb_2\Push\Adatbre_2_allaskereso\Tomcat_10\temp
27-Apr-2022 01:15:14.290 INFO [main] org.apache.catalina.core.AprLifecycleListener.lifecycleEvent Loaded Apache Tomcat Native library [1.2.31] using APR version [1.7.0].
27-Apr-2022 01:15:14.290 INFO [main] org.apache.catalina.core.AprLifecycleListener.lifecycleEvent APR capabilities: IPv6 [true], sendfile [true], accept filters [false], random [true], UDS [true].
27-Apr-2022 01:15:14.299 INFO [main] org.apache.catalina.core.AprLifecycleListener.initializeSSL OpenSSL successfully initialized [OpenSSL 1.1.1l  24 Aug 2021]
27-Apr-2022 01:15:14.514 INFO [main] org.apache.coyote.AbstractProtocol.init Initializing ProtocolHandler ["http-nio-8686"]
27-Apr-2022 01:15:14.538 INFO [main] org.apache.catalina.startup.Catalina.load Server initialization in [491] milliseconds
27-Apr-2022 01:15:14.579 INFO [main] org.apache.catalina.core.StandardService.startInternal Starting service [Catalina]
27-Apr-2022 01:15:14.579 INFO [main] org.apache.catalina.core.StandardEngine.startInternal Starting Servlet engine: [Apache Tomcat/10.0.18]
27-Apr-2022 01:15:16.351 INFO [main] org.apache.jasper.servlet.TldScanner.scanJars At least one JAR was scanned for TLDs yet contained no TLDs. Enable debug logging for this logger for a complete list of JARs that were scanned but no TLDs were found in them. Skipping unneeded JARs during scanning can improve startup time and JSP compilation time.
27-Apr-2022 01:15:16.473 INFO [main] org.apache.catalina.startup.HostConfig.deployDirectory Deploying web application directory [C:\Users\User\Everything\Suli\Adatb_2\Push\Adatbre_2_allaskereso\Tomcat_10\webapps\tomcat_control]
27-Apr-2022 01:15:16.527 INFO [main] org.apache.catalina.startup.HostConfig.deployDirectory Deployment of web application directory [C:\Users\User\Everything\Suli\Adatb_2\Push\Adatbre_2_allaskereso\Tomcat_10\webapps\tomcat_control] has finished in [54] ms
27-Apr-2022 01:15:16.528 INFO [main] org.apache.catalina.startup.HostConfig.deployDirectory Deploying web application directory [C:\Users\User\Everything\Suli\Adatb_2\Push\Adatbre_2_allaskereso\Tomcat_10\webapps\Webapp_2]
27-Apr-2022 01:15:16.573 INFO [main] org.apache.catalina.startup.HostConfig.deployDirectory Deployment of web application directory [C:\Users\User\Everything\Suli\Adatb_2\Push\Adatbre_2_allaskereso\Tomcat_10\webapps\Webapp_2] has finished in [45] ms
27-Apr-2022 01:15:16.576 INFO [main] org.apache.coyote.AbstractProtocol.start Starting ProtocolHandler ["http-nio-8686"]
27-Apr-2022 01:15:16.657 INFO [main] org.apache.catalina.startup.Catalina.start Server startup in [2118] milliseconds
27-Apr-2022 01:16:47.408 INFO [main] org.apache.catalina.core.StandardServer.await A valid shutdown command was received via the shutdown port. Stopping the Server instance.
27-Apr-2022 01:16:47.409 INFO [main] org.apache.coyote.AbstractProtocol.pause Pausing ProtocolHandler ["http-nio-8686"]
27-Apr-2022 01:16:47.439 INFO [main] org.apache.catalina.core.StandardService.stopInternal Stopping service [Catalina]
27-Apr-2022 01:16:47.478 WARNING [main] org.apache.catalina.loader.WebappClassLoaderBase.clearReferencesJdbc The web application [ROOT] registered the JDBC driver [oracle.jdbc.OracleDriver] but failed to unregister it when the web application was stopped. To prevent a memory leak, the JDBC Driver has been forcibly unregistered.
27-Apr-2022 01:16:47.489 INFO [main] org.apache.coyote.AbstractProtocol.stop Stopping ProtocolHandler ["http-nio-8686"]
27-Apr-2022 01:16:47.500 INFO [main] org.apache.coyote.AbstractProtocol.destroy Destroying ProtocolHandler ["http-nio-8686"]
27-Apr-2022 01:17:01.069 INFO [main] org.apache.catalina.startup.VersionLoggerListener.log Server version name:   Apache Tomcat/10.0.18
27-Apr-2022 01:17:01.072 INFO [main] org.apache.catalina.startup.VersionLoggerListener.log Server built:          Mar 9 2022 14:30:15 UTC
27-Apr-2022 01:17:01.078 INFO [main] org.apache.catalina.startup.VersionLoggerListener.log Server version number: 10.0.18.0
27-Apr-2022 01:17:01.079 INFO [main] org.apache.catalina.startup.VersionLoggerListener.log OS Name:               Windows 10
27-Apr-2022 01:17:01.080 INFO [main] org.apache.catalina.startup.VersionLoggerListener.log OS Version:            10.0
27-Apr-2022 01:17:01.080 INFO [main] org.apache.catalina.startup.VersionLoggerListener.log Architecture:          amd64
27-Apr-2022 01:17:01.080 INFO [main] org.apache.catalina.startup.VersionLoggerListener.log Java Home:             C:\Program Files\Java\jdk-17.0.2
27-Apr-2022 01:17:01.080 INFO [main] org.apache.catalina.startup.VersionLoggerListener.log JVM Version:           17.0.2+8-LTS-86
27-Apr-2022 01:17:01.080 INFO [main] org.apache.catalina.startup.VersionLoggerListener.log JVM Vendor:            Oracle Corporation
27-Apr-2022 01:17:01.082 INFO [main] org.apache.catalina.startup.VersionLoggerListener.log CATALINA_BASE:         C:\Users\User\Everything\Suli\Adatb_2\Push\Adatbre_2_allaskereso\Tomcat_10
27-Apr-2022 01:17:01.083 INFO [main] org.apache.catalina.startup.VersionLoggerListener.log CATALINA_HOME:         C:\Users\User\Everything\Suli\Adatb_2\Push\Adatbre_2_allaskereso\Tomcat_10
27-Apr-2022 01:17:01.089 INFO [main] org.apache.catalina.startup.VersionLoggerListener.log Command line argument: --add-opens=java.base/java.lang=ALL-UNNAMED
27-Apr-2022 01:17:01.089 INFO [main] org.apache.catalina.startup.VersionLoggerListener.log Command line argument: --add-opens=java.base/java.io=ALL-UNNAMED
27-Apr-2022 01:17:01.089 INFO [main] org.apache.catalina.startup.VersionLoggerListener.log Command line argument: --add-opens=java.base/java.util=ALL-UNNAMED
27-Apr-2022 01:17:01.090 INFO [main] org.apache.catalina.startup.VersionLoggerListener.log Command line argument: --add-opens=java.base/java.util.concurrent=ALL-UNNAMED
27-Apr-2022 01:17:01.090 INFO [main] org.apache.catalina.startup.VersionLoggerListener.log Command line argument: --add-opens=java.rmi/sun.rmi.transport=ALL-UNNAMED
27-Apr-2022 01:17:01.090 INFO [main] org.apache.catalina.startup.VersionLoggerListener.log Command line argument: -Djava.util.logging.config.file=C:\Users\User\Everything\Suli\Adatb_2\Push\Adatbre_2_allaskereso\Tomcat_10\conf\logging.properties
27-Apr-2022 01:17:01.090 INFO [main] org.apache.catalina.startup.VersionLoggerListener.log Command line argument: -Djava.util.logging.manager=org.apache.juli.ClassLoaderLogManager
27-Apr-2022 01:17:01.090 INFO [main] org.apache.catalina.startup.VersionLoggerListener.log Command line argument: -Djdk.tls.ephemeralDHKeySize=2048
27-Apr-2022 01:17:01.090 INFO [main] org.apache.catalina.startup.VersionLoggerListener.log Command line argument: -Djava.protocol.handler.pkgs=org.apache.catalina.webresources
27-Apr-2022 01:17:01.090 INFO [main] org.apache.catalina.startup.VersionLoggerListener.log Command line argument: -Dignore.endorsed.dirs=
27-Apr-2022 01:17:01.091 INFO [main] org.apache.catalina.startup.VersionLoggerListener.log Command line argument: -Dcatalina.base=C:\Users\User\Everything\Suli\Adatb_2\Push\Adatbre_2_allaskereso\Tomcat_10
27-Apr-2022 01:17:01.091 INFO [main] org.apache.catalina.startup.VersionLoggerListener.log Command line argument: -Dcatalina.home=C:\Users\User\Everything\Suli\Adatb_2\Push\Adatbre_2_allaskereso\Tomcat_10
27-Apr-2022 01:17:01.091 INFO [main] org.apache.catalina.startup.VersionLoggerListener.log Command line argument: -Djava.io.tmpdir=C:\Users\User\Everything\Suli\Adatb_2\Push\Adatbre_2_allaskereso\Tomcat_10\temp
27-Apr-2022 01:17:01.096 INFO [main] org.apache.catalina.core.AprLifecycleListener.lifecycleEvent Loaded Apache Tomcat Native library [1.2.31] using APR version [1.7.0].
27-Apr-2022 01:17:01.098 INFO [main] org.apache.catalina.core.AprLifecycleListener.lifecycleEvent APR capabilities: IPv6 [true], sendfile [true], accept filters [false], random [true], UDS [true].
27-Apr-2022 01:17:01.110 INFO [main] org.apache.catalina.core.AprLifecycleListener.initializeSSL OpenSSL successfully initialized [OpenSSL 1.1.1l  24 Aug 2021]
27-Apr-2022 01:17:01.523 INFO [main] org.apache.coyote.AbstractProtocol.init Initializing ProtocolHandler ["http-nio-8686"]
27-Apr-2022 01:17:01.551 INFO [main] org.apache.catalina.startup.Catalina.load Server initialization in [797] milliseconds
27-Apr-2022 01:17:01.605 INFO [main] org.apache.catalina.core.StandardService.startInternal Starting service [Catalina]
27-Apr-2022 01:17:01.606 INFO [main] org.apache.catalina.core.StandardEngine.startInternal Starting Servlet engine: [Apache Tomcat/10.0.18]
27-Apr-2022 01:17:04.007 INFO [main] org.apache.jasper.servlet.TldScanner.scanJars At least one JAR was scanned for TLDs yet contained no TLDs. Enable debug logging for this logger for a complete list of JARs that were scanned but no TLDs were found in them. Skipping unneeded JARs during scanning can improve startup time and JSP compilation time.
27-Apr-2022 01:17:04.157 INFO [main] org.apache.catalina.startup.HostConfig.deployDirectory Deploying web application directory [C:\Users\User\Everything\Suli\Adatb_2\Push\Adatbre_2_allaskereso\Tomcat_10\webapps\tomcat_control]
27-Apr-2022 01:17:04.220 INFO [main] org.apache.catalina.startup.HostConfig.deployDirectory Deployment of web application directory [C:\Users\User\Everything\Suli\Adatb_2\Push\Adatbre_2_allaskereso\Tomcat_10\webapps\tomcat_control] has finished in [62] ms
27-Apr-2022 01:17:04.221 INFO [main] org.apache.catalina.startup.HostConfig.deployDirectory Deploying web application directory [C:\Users\User\Everything\Suli\Adatb_2\Push\Adatbre_2_allaskereso\Tomcat_10\webapps\Webapp_2]
27-Apr-2022 01:17:04.280 INFO [main] org.apache.catalina.startup.HostConfig.deployDirectory Deployment of web application directory [C:\Users\User\Everything\Suli\Adatb_2\Push\Adatbre_2_allaskereso\Tomcat_10\webapps\Webapp_2] has finished in [59] ms
27-Apr-2022 01:17:04.285 INFO [main] org.apache.coyote.AbstractProtocol.start Starting ProtocolHandler ["http-nio-8686"]
27-Apr-2022 01:17:04.397 INFO [main] org.apache.catalina.startup.Catalina.start Server startup in [2845] milliseconds
27-Apr-2022 01:18:49.011 INFO [main] org.apache.catalina.core.StandardServer.await A valid shutdown command was received via the shutdown port. Stopping the Server instance.
27-Apr-2022 01:18:49.012 INFO [main] org.apache.coyote.AbstractProtocol.pause Pausing ProtocolHandler ["http-nio-8686"]
27-Apr-2022 01:18:49.040 INFO [main] org.apache.catalina.core.StandardService.stopInternal Stopping service [Catalina]
27-Apr-2022 01:18:49.081 WARNING [main] org.apache.catalina.loader.WebappClassLoaderBase.clearReferencesJdbc The web application [ROOT] registered the JDBC driver [oracle.jdbc.OracleDriver] but failed to unregister it when the web application was stopped. To prevent a memory leak, the JDBC Driver has been forcibly unregistered.
27-Apr-2022 01:18:49.092 INFO [main] org.apache.coyote.AbstractProtocol.stop Stopping ProtocolHandler ["http-nio-8686"]
27-Apr-2022 01:18:49.107 INFO [main] org.apache.coyote.AbstractProtocol.destroy Destroying ProtocolHandler ["http-nio-8686"]
27-Apr-2022 01:19:00.241 INFO [main] org.apache.catalina.startup.VersionLoggerListener.log Server version name:   Apache Tomcat/10.0.18
27-Apr-2022 01:19:00.244 INFO [main] org.apache.catalina.startup.VersionLoggerListener.log Server built:          Mar 9 2022 14:30:15 UTC
27-Apr-2022 01:19:00.245 INFO [main] org.apache.catalina.startup.VersionLoggerListener.log Server version number: 10.0.18.0
27-Apr-2022 01:19:00.245 INFO [main] org.apache.catalina.startup.VersionLoggerListener.log OS Name:               Windows 10
27-Apr-2022 01:19:00.245 INFO [main] org.apache.catalina.startup.VersionLoggerListener.log OS Version:            10.0
27-Apr-2022 01:19:00.245 INFO [main] org.apache.catalina.startup.VersionLoggerListener.log Architecture:          amd64
27-Apr-2022 01:19:00.245 INFO [main] org.apache.catalina.startup.VersionLoggerListener.log Java Home:             C:\Program Files\Java\jdk-17.0.2
27-Apr-2022 01:19:00.245 INFO [main] org.apache.catalina.startup.VersionLoggerListener.log JVM Version:           17.0.2+8-LTS-86
27-Apr-2022 01:19:00.245 INFO [main] org.apache.catalina.startup.VersionLoggerListener.log JVM Vendor:            Oracle Corporation
27-Apr-2022 01:19:00.246 INFO [main] org.apache.catalina.startup.VersionLoggerListener.log CATALINA_BASE:         C:\Users\User\Everything\Suli\Adatb_2\Push\Adatbre_2_allaskereso\Tomcat_10
27-Apr-2022 01:19:00.246 INFO [main] org.apache.catalina.startup.VersionLoggerListener.log CATALINA_HOME:         C:\Users\User\Everything\Suli\Adatb_2\Push\Adatbre_2_allaskereso\Tomcat_10
27-Apr-2022 01:19:00.257 INFO [main] org.apache.catalina.startup.VersionLoggerListener.log Command line argument: --add-opens=java.base/java.lang=ALL-UNNAMED
27-Apr-2022 01:19:00.258 INFO [main] org.apache.catalina.startup.VersionLoggerListener.log Command line argument: --add-opens=java.base/java.io=ALL-UNNAMED
27-Apr-2022 01:19:00.258 INFO [main] org.apache.catalina.startup.VersionLoggerListener.log Command line argument: --add-opens=java.base/java.util=ALL-UNNAMED
27-Apr-2022 01:19:00.258 INFO [main] org.apache.catalina.startup.VersionLoggerListener.log Command line argument: --add-opens=java.base/java.util.concurrent=ALL-UNNAMED
27-Apr-2022 01:19:00.258 INFO [main] org.apache.catalina.startup.VersionLoggerListener.log Command line argument: --add-opens=java.rmi/sun.rmi.transport=ALL-UNNAMED
27-Apr-2022 01:19:00.258 INFO [main] org.apache.catalina.startup.VersionLoggerListener.log Command line argument: -Djava.util.logging.config.file=C:\Users\User\Everything\Suli\Adatb_2\Push\Adatbre_2_allaskereso\Tomcat_10\conf\logging.properties
27-Apr-2022 01:19:00.258 INFO [main] org.apache.catalina.startup.VersionLoggerListener.log Command line argument: -Djava.util.logging.manager=org.apache.juli.ClassLoaderLogManager
27-Apr-2022 01:19:00.258 INFO [main] org.apache.catalina.startup.VersionLoggerListener.log Command line argument: -Djdk.tls.ephemeralDHKeySize=2048
27-Apr-2022 01:19:00.258 INFO [main] org.apache.catalina.startup.VersionLoggerListener.log Command line argument: -Djava.protocol.handler.pkgs=org.apache.catalina.webresources
27-Apr-2022 01:19:00.258 INFO [main] org.apache.catalina.startup.VersionLoggerListener.log Command line argument: -Dignore.endorsed.dirs=
27-Apr-2022 01:19:00.259 INFO [main] org.apache.catalina.startup.VersionLoggerListener.log Command line argument: -Dcatalina.base=C:\Users\User\Everything\Suli\Adatb_2\Push\Adatbre_2_allaskereso\Tomcat_10
27-Apr-2022 01:19:00.259 INFO [main] org.apache.catalina.startup.VersionLoggerListener.log Command line argument: -Dcatalina.home=C:\Users\User\Everything\Suli\Adatb_2\Push\Adatbre_2_allaskereso\Tomcat_10
27-Apr-2022 01:19:00.259 INFO [main] org.apache.catalina.startup.VersionLoggerListener.log Command line argument: -Djava.io.tmpdir=C:\Users\User\Everything\Suli\Adatb_2\Push\Adatbre_2_allaskereso\Tomcat_10\temp
27-Apr-2022 01:19:00.264 INFO [main] org.apache.catalina.core.AprLifecycleListener.lifecycleEvent Loaded Apache Tomcat Native library [1.2.31] using APR version [1.7.0].
27-Apr-2022 01:19:00.264 INFO [main] org.apache.catalina.core.AprLifecycleListener.lifecycleEvent APR capabilities: IPv6 [true], sendfile [true], accept filters [false], random [true], UDS [true].
27-Apr-2022 01:19:00.272 INFO [main] org.apache.catalina.core.AprLifecycleListener.initializeSSL OpenSSL successfully initialized [OpenSSL 1.1.1l  24 Aug 2021]
27-Apr-2022 01:19:00.529 INFO [main] org.apache.coyote.AbstractProtocol.init Initializing ProtocolHandler ["http-nio-8686"]
27-Apr-2022 01:19:00.561 INFO [main] org.apache.catalina.startup.Catalina.load Server initialization in [526] milliseconds
27-Apr-2022 01:19:00.611 INFO [main] org.apache.catalina.core.StandardService.startInternal Starting service [Catalina]
27-Apr-2022 01:19:00.611 INFO [main] org.apache.catalina.core.StandardEngine.startInternal Starting Servlet engine: [Apache Tomcat/10.0.18]
27-Apr-2022 01:19:02.528 INFO [main] org.apache.jasper.servlet.TldScanner.scanJars At least one JAR was scanned for TLDs yet contained no TLDs. Enable debug logging for this logger for a complete list of JARs that were scanned but no TLDs were found in them. Skipping unneeded JARs during scanning can improve startup time and JSP compilation time.
27-Apr-2022 01:19:02.684 INFO [main] org.apache.catalina.startup.HostConfig.deployDirectory Deploying web application directory [C:\Users\User\Everything\Suli\Adatb_2\Push\Adatbre_2_allaskereso\Tomcat_10\webapps\tomcat_control]
27-Apr-2022 01:19:02.750 INFO [main] org.apache.catalina.startup.HostConfig.deployDirectory Deployment of web application directory [C:\Users\User\Everything\Suli\Adatb_2\Push\Adatbre_2_allaskereso\Tomcat_10\webapps\tomcat_control] has finished in [65] ms
27-Apr-2022 01:19:02.751 INFO [main] org.apache.catalina.startup.HostConfig.deployDirectory Deploying web application directory [C:\Users\User\Everything\Suli\Adatb_2\Push\Adatbre_2_allaskereso\Tomcat_10\webapps\Webapp_2]
27-Apr-2022 01:19:02.807 INFO [main] org.apache.catalina.startup.HostConfig.deployDirectory Deployment of web application directory [C:\Users\User\Everything\Suli\Adatb_2\Push\Adatbre_2_allaskereso\Tomcat_10\webapps\Webapp_2] has finished in [56] ms
27-Apr-2022 01:19:02.810 INFO [main] org.apache.coyote.AbstractProtocol.start Starting ProtocolHandler ["http-nio-8686"]
27-Apr-2022 01:19:02.894 INFO [main] org.apache.catalina.startup.Catalina.start Server startup in [2333] milliseconds
27-Apr-2022 01:19:49.245 INFO [main] org.apache.catalina.core.StandardServer.await A valid shutdown command was received via the shutdown port. Stopping the Server instance.
27-Apr-2022 01:19:49.246 INFO [main] org.apache.coyote.AbstractProtocol.pause Pausing ProtocolHandler ["http-nio-8686"]
27-Apr-2022 01:19:49.283 INFO [main] org.apache.catalina.core.StandardService.stopInternal Stopping service [Catalina]
27-Apr-2022 01:19:49.322 WARNING [main] org.apache.catalina.loader.WebappClassLoaderBase.clearReferencesJdbc The web application [ROOT] registered the JDBC driver [oracle.jdbc.OracleDriver] but failed to unregister it when the web application was stopped. To prevent a memory leak, the JDBC Driver has been forcibly unregistered.
27-Apr-2022 01:19:49.335 INFO [main] org.apache.coyote.AbstractProtocol.stop Stopping ProtocolHandler ["http-nio-8686"]
27-Apr-2022 01:19:49.341 INFO [main] org.apache.coyote.AbstractProtocol.destroy Destroying ProtocolHandler ["http-nio-8686"]
27-Apr-2022 10:16:08.184 INFO [main] org.apache.catalina.startup.VersionLoggerListener.log Server version name:   Apache Tomcat/10.0.18
27-Apr-2022 10:16:08.187 INFO [main] org.apache.catalina.startup.VersionLoggerListener.log Server built:          Mar 9 2022 14:30:15 UTC
27-Apr-2022 10:16:08.187 INFO [main] org.apache.catalina.startup.VersionLoggerListener.log Server version number: 10.0.18.0
27-Apr-2022 10:16:08.187 INFO [main] org.apache.catalina.startup.VersionLoggerListener.log OS Name:               Windows 10
27-Apr-2022 10:16:08.187 INFO [main] org.apache.catalina.startup.VersionLoggerListener.log OS Version:            10.0
27-Apr-2022 10:16:08.187 INFO [main] org.apache.catalina.startup.VersionLoggerListener.log Architecture:          amd64
27-Apr-2022 10:16:08.188 INFO [main] org.apache.catalina.startup.VersionLoggerListener.log Java Home:             C:\Program Files\Java\jdk-17.0.2
27-Apr-2022 10:16:08.188 INFO [main] org.apache.catalina.startup.VersionLoggerListener.log JVM Version:           17.0.2+8-LTS-86
27-Apr-2022 10:16:08.188 INFO [main] org.apache.catalina.startup.VersionLoggerListener.log JVM Vendor:            Oracle Corporation
27-Apr-2022 10:16:08.188 INFO [main] org.apache.catalina.startup.VersionLoggerListener.log CATALINA_BASE:         C:\Users\User\Everything\Suli\Adatb_2\Push\Adatbre_2_allaskereso\Tomcat_10
27-Apr-2022 10:16:08.188 INFO [main] org.apache.catalina.startup.VersionLoggerListener.log CATALINA_HOME:         C:\Users\User\Everything\Suli\Adatb_2\Push\Adatbre_2_allaskereso\Tomcat_10
27-Apr-2022 10:16:08.228 INFO [main] org.apache.catalina.startup.VersionLoggerListener.log Command line argument: --add-opens=java.base/java.lang=ALL-UNNAMED
27-Apr-2022 10:16:08.228 INFO [main] org.apache.catalina.startup.VersionLoggerListener.log Command line argument: --add-opens=java.base/java.io=ALL-UNNAMED
27-Apr-2022 10:16:08.228 INFO [main] org.apache.catalina.startup.VersionLoggerListener.log Command line argument: --add-opens=java.base/java.util=ALL-UNNAMED
27-Apr-2022 10:16:08.228 INFO [main] org.apache.catalina.startup.VersionLoggerListener.log Command line argument: --add-opens=java.base/java.util.concurrent=ALL-UNNAMED
27-Apr-2022 10:16:08.228 INFO [main] org.apache.catalina.startup.VersionLoggerListener.log Command line argument: --add-opens=java.rmi/sun.rmi.transport=ALL-UNNAMED
27-Apr-2022 10:16:08.228 INFO [main] org.apache.catalina.startup.VersionLoggerListener.log Command line argument: -Djava.util.logging.config.file=C:\Users\User\Everything\Suli\Adatb_2\Push\Adatbre_2_allaskereso\Tomcat_10\conf\logging.properties
27-Apr-2022 10:16:08.228 INFO [main] org.apache.catalina.startup.VersionLoggerListener.log Command line argument: -Djava.util.logging.manager=org.apache.juli.ClassLoaderLogManager
27-Apr-2022 10:16:08.229 INFO [main] org.apache.catalina.startup.VersionLoggerListener.log Command line argument: -Djdk.tls.ephemeralDHKeySize=2048
27-Apr-2022 10:16:08.229 INFO [main] org.apache.catalina.startup.VersionLoggerListener.log Command line argument: -Djava.protocol.handler.pkgs=org.apache.catalina.webresources
27-Apr-2022 10:16:08.229 INFO [main] org.apache.catalina.startup.VersionLoggerListener.log Command line argument: -Dignore.endorsed.dirs=
27-Apr-2022 10:16:08.229 INFO [main] org.apache.catalina.startup.VersionLoggerListener.log Command line argument: -Dcatalina.base=C:\Users\User\Everything\Suli\Adatb_2\Push\Adatbre_2_allaskereso\Tomcat_10
27-Apr-2022 10:16:08.229 INFO [main] org.apache.catalina.startup.VersionLoggerListener.log Command line argument: -Dcatalina.home=C:\Users\User\Everything\Suli\Adatb_2\Push\Adatbre_2_allaskereso\Tomcat_10
27-Apr-2022 10:16:08.229 INFO [main] org.apache.catalina.startup.VersionLoggerListener.log Command line argument: -Djava.io.tmpdir=C:\Users\User\Everything\Suli\Adatb_2\Push\Adatbre_2_allaskereso\Tomcat_10\temp
27-Apr-2022 10:16:08.261 INFO [main] org.apache.catalina.core.AprLifecycleListener.lifecycleEvent Loaded Apache Tomcat Native library [1.2.31] using APR version [1.7.0].
27-Apr-2022 10:16:08.261 INFO [main] org.apache.catalina.core.AprLifecycleListener.lifecycleEvent APR capabilities: IPv6 [true], sendfile [true], accept filters [false], random [true], UDS [true].
27-Apr-2022 10:16:08.289 INFO [main] org.apache.catalina.core.AprLifecycleListener.initializeSSL OpenSSL successfully initialized [OpenSSL 1.1.1l  24 Aug 2021]
27-Apr-2022 10:16:08.526 INFO [main] org.apache.coyote.AbstractProtocol.init Initializing ProtocolHandler ["http-nio-8686"]
27-Apr-2022 10:16:08.549 INFO [main] org.apache.catalina.startup.Catalina.load Server initialization in [579] milliseconds
27-Apr-2022 10:16:08.611 INFO [main] org.apache.catalina.core.StandardService.startInternal Starting service [Catalina]
27-Apr-2022 10:16:08.611 INFO [main] org.apache.catalina.core.StandardEngine.startInternal Starting Servlet engine: [Apache Tomcat/10.0.18]
27-Apr-2022 10:16:10.767 INFO [main] org.apache.jasper.servlet.TldScanner.scanJars At least one JAR was scanned for TLDs yet contained no TLDs. Enable debug logging for this logger for a complete list of JARs that were scanned but no TLDs were found in them. Skipping unneeded JARs during scanning can improve startup time and JSP compilation time.
27-Apr-2022 10:16:10.896 INFO [main] org.apache.catalina.startup.HostConfig.deployDirectory Deploying web application directory [C:\Users\User\Everything\Suli\Adatb_2\Push\Adatbre_2_allaskereso\Tomcat_10\webapps\tomcat_control]
27-Apr-2022 10:16:10.943 INFO [main] org.apache.catalina.startup.HostConfig.deployDirectory Deployment of web application directory [C:\Users\User\Everything\Suli\Adatb_2\Push\Adatbre_2_allaskereso\Tomcat_10\webapps\tomcat_control] has finished in [46] ms
27-Apr-2022 10:16:10.943 INFO [main] org.apache.catalina.startup.HostConfig.deployDirectory Deploying web application directory [C:\Users\User\Everything\Suli\Adatb_2\Push\Adatbre_2_allaskereso\Tomcat_10\webapps\Webapp_2]
27-Apr-2022 10:16:10.992 INFO [main] org.apache.catalina.startup.HostConfig.deployDirectory Deployment of web application directory [C:\Users\User\Everything\Suli\Adatb_2\Push\Adatbre_2_allaskereso\Tomcat_10\webapps\Webapp_2] has finished in [49] ms
27-Apr-2022 10:16:10.995 INFO [main] org.apache.coyote.AbstractProtocol.start Starting ProtocolHandler ["http-nio-8686"]
27-Apr-2022 10:16:11.097 INFO [main] org.apache.catalina.startup.Catalina.start Server startup in [2546] milliseconds
27-Apr-2022 10:35:05.727 INFO [main] org.apache.catalina.core.StandardServer.await A valid shutdown command was received via the shutdown port. Stopping the Server instance.
27-Apr-2022 10:35:05.728 INFO [main] org.apache.coyote.AbstractProtocol.pause Pausing ProtocolHandler ["http-nio-8686"]
27-Apr-2022 10:35:05.754 INFO [main] org.apache.catalina.core.StandardService.stopInternal Stopping service [Catalina]
27-Apr-2022 10:35:05.793 WARNING [main] org.apache.catalina.loader.WebappClassLoaderBase.clearReferencesJdbc The web application [ROOT] registered the JDBC driver [oracle.jdbc.OracleDriver] but failed to unregister it when the web application was stopped. To prevent a memory leak, the JDBC Driver has been forcibly unregistered.
27-Apr-2022 10:35:05.805 INFO [main] org.apache.coyote.AbstractProtocol.stop Stopping ProtocolHandler ["http-nio-8686"]
27-Apr-2022 10:35:05.815 INFO [main] org.apache.coyote.AbstractProtocol.destroy Destroying ProtocolHandler ["http-nio-8686"]
27-Apr-2022 10:43:10.352 INFO [main] org.apache.catalina.startup.VersionLoggerListener.log Server version name:   Apache Tomcat/10.0.18
27-Apr-2022 10:43:10.354 INFO [main] org.apache.catalina.startup.VersionLoggerListener.log Server built:          Mar 9 2022 14:30:15 UTC
27-Apr-2022 10:43:10.355 INFO [main] org.apache.catalina.startup.VersionLoggerListener.log Server version number: 10.0.18.0
27-Apr-2022 10:43:10.355 INFO [main] org.apache.catalina.startup.VersionLoggerListener.log OS Name:               Windows 10
27-Apr-2022 10:43:10.355 INFO [main] org.apache.catalina.startup.VersionLoggerListener.log OS Version:            10.0
27-Apr-2022 10:43:10.355 INFO [main] org.apache.catalina.startup.VersionLoggerListener.log Architecture:          amd64
27-Apr-2022 10:43:10.355 INFO [main] org.apache.catalina.startup.VersionLoggerListener.log Java Home:             C:\Program Files\Java\jdk-17.0.2
27-Apr-2022 10:43:10.355 INFO [main] org.apache.catalina.startup.VersionLoggerListener.log JVM Version:           17.0.2+8-LTS-86
27-Apr-2022 10:43:10.355 INFO [main] org.apache.catalina.startup.VersionLoggerListener.log JVM Vendor:            Oracle Corporation
27-Apr-2022 10:43:10.355 INFO [main] org.apache.catalina.startup.VersionLoggerListener.log CATALINA_BASE:         C:\Users\User\Everything\Suli\Adatb_2\Push\Adatbre_2_allaskereso\Tomcat_10
27-Apr-2022 10:43:10.355 INFO [main] org.apache.catalina.startup.VersionLoggerListener.log CATALINA_HOME:         C:\Users\User\Everything\Suli\Adatb_2\Push\Adatbre_2_allaskereso\Tomcat_10
27-Apr-2022 10:43:10.365 INFO [main] org.apache.catalina.startup.VersionLoggerListener.log Command line argument: --add-opens=java.base/java.lang=ALL-UNNAMED
27-Apr-2022 10:43:10.366 INFO [main] org.apache.catalina.startup.VersionLoggerListener.log Command line argument: --add-opens=java.base/java.io=ALL-UNNAMED
27-Apr-2022 10:43:10.366 INFO [main] org.apache.catalina.startup.VersionLoggerListener.log Command line argument: --add-opens=java.base/java.util=ALL-UNNAMED
27-Apr-2022 10:43:10.366 INFO [main] org.apache.catalina.startup.VersionLoggerListener.log Command line argument: --add-opens=java.base/java.util.concurrent=ALL-UNNAMED
27-Apr-2022 10:43:10.366 INFO [main] org.apache.catalina.startup.VersionLoggerListener.log Command line argument: --add-opens=java.rmi/sun.rmi.transport=ALL-UNNAMED
27-Apr-2022 10:43:10.366 INFO [main] org.apache.catalina.startup.VersionLoggerListener.log Command line argument: -Djava.util.logging.config.file=C:\Users\User\Everything\Suli\Adatb_2\Push\Adatbre_2_allaskereso\Tomcat_10\conf\logging.properties
27-Apr-2022 10:43:10.366 INFO [main] org.apache.catalina.startup.VersionLoggerListener.log Command line argument: -Djava.util.logging.manager=org.apache.juli.ClassLoaderLogManager
27-Apr-2022 10:43:10.367 INFO [main] org.apache.catalina.startup.VersionLoggerListener.log Command line argument: -Djdk.tls.ephemeralDHKeySize=2048
27-Apr-2022 10:43:10.367 INFO [main] org.apache.catalina.startup.VersionLoggerListener.log Command line argument: -Djava.protocol.handler.pkgs=org.apache.catalina.webresources
27-Apr-2022 10:43:10.367 INFO [main] org.apache.catalina.startup.VersionLoggerListener.log Command line argument: -Dignore.endorsed.dirs=
27-Apr-2022 10:43:10.367 INFO [main] org.apache.catalina.startup.VersionLoggerListener.log Command line argument: -Dcatalina.base=C:\Users\User\Everything\Suli\Adatb_2\Push\Adatbre_2_allaskereso\Tomcat_10
27-Apr-2022 10:43:10.367 INFO [main] org.apache.catalina.startup.VersionLoggerListener.log Command line argument: -Dcatalina.home=C:\Users\User\Everything\Suli\Adatb_2\Push\Adatbre_2_allaskereso\Tomcat_10
27-Apr-2022 10:43:10.367 INFO [main] org.apache.catalina.startup.VersionLoggerListener.log Command line argument: -Djava.io.tmpdir=C:\Users\User\Everything\Suli\Adatb_2\Push\Adatbre_2_allaskereso\Tomcat_10\temp
27-Apr-2022 10:43:10.371 INFO [main] org.apache.catalina.core.AprLifecycleListener.lifecycleEvent Loaded Apache Tomcat Native library [1.2.31] using APR version [1.7.0].
27-Apr-2022 10:43:10.371 INFO [main] org.apache.catalina.core.AprLifecycleListener.lifecycleEvent APR capabilities: IPv6 [true], sendfile [true], accept filters [false], random [true], UDS [true].
27-Apr-2022 10:43:10.379 INFO [main] org.apache.catalina.core.AprLifecycleListener.initializeSSL OpenSSL successfully initialized [OpenSSL 1.1.1l  24 Aug 2021]
27-Apr-2022 10:43:10.601 INFO [main] org.apache.coyote.AbstractProtocol.init Initializing ProtocolHandler ["http-nio-8686"]
27-Apr-2022 10:43:10.624 INFO [main] org.apache.catalina.startup.Catalina.load Server initialization in [498] milliseconds
27-Apr-2022 10:43:10.667 INFO [main] org.apache.catalina.core.StandardService.startInternal Starting service [Catalina]
27-Apr-2022 10:43:10.667 INFO [main] org.apache.catalina.core.StandardEngine.startInternal Starting Servlet engine: [Apache Tomcat/10.0.18]
27-Apr-2022 10:43:12.386 INFO [main] org.apache.jasper.servlet.TldScanner.scanJars At least one JAR was scanned for TLDs yet contained no TLDs. Enable debug logging for this logger for a complete list of JARs that were scanned but no TLDs were found in them. Skipping unneeded JARs during scanning can improve startup time and JSP compilation time.
27-Apr-2022 10:43:12.523 INFO [main] org.apache.catalina.startup.HostConfig.deployDirectory Deploying web application directory [C:\Users\User\Everything\Suli\Adatb_2\Push\Adatbre_2_allaskereso\Tomcat_10\webapps\tomcat_control]
27-Apr-2022 10:43:12.578 INFO [main] org.apache.catalina.startup.HostConfig.deployDirectory Deployment of web application directory [C:\Users\User\Everything\Suli\Adatb_2\Push\Adatbre_2_allaskereso\Tomcat_10\webapps\tomcat_control] has finished in [54] ms
27-Apr-2022 10:43:12.578 INFO [main] org.apache.catalina.startup.HostConfig.deployDirectory Deploying web application directory [C:\Users\User\Everything\Suli\Adatb_2\Push\Adatbre_2_allaskereso\Tomcat_10\webapps\Webapp_2]
27-Apr-2022 10:43:12.640 INFO [main] org.apache.catalina.startup.HostConfig.deployDirectory Deployment of web application directory [C:\Users\User\Everything\Suli\Adatb_2\Push\Adatbre_2_allaskereso\Tomcat_10\webapps\Webapp_2] has finished in [62] ms
27-Apr-2022 10:43:12.644 INFO [main] org.apache.coyote.AbstractProtocol.start Starting ProtocolHandler ["http-nio-8686"]
27-Apr-2022 10:43:12.745 INFO [main] org.apache.catalina.startup.Catalina.start Server startup in [2119] milliseconds
27-Apr-2022 10:44:13.463 INFO [main] org.apache.catalina.core.StandardServer.await A valid shutdown command was received via the shutdown port. Stopping the Server instance.
27-Apr-2022 10:44:13.463 INFO [main] org.apache.coyote.AbstractProtocol.pause Pausing ProtocolHandler ["http-nio-8686"]
27-Apr-2022 10:44:13.487 INFO [main] org.apache.catalina.core.StandardService.stopInternal Stopping service [Catalina]
27-Apr-2022 10:44:13.513 WARNING [main] org.apache.catalina.loader.WebappClassLoaderBase.clearReferencesJdbc The web application [ROOT] registered the JDBC driver [oracle.jdbc.OracleDriver] but failed to unregister it when the web application was stopped. To prevent a memory leak, the JDBC Driver has been forcibly unregistered.
27-Apr-2022 10:44:13.523 INFO [main] org.apache.coyote.AbstractProtocol.stop Stopping ProtocolHandler ["http-nio-8686"]
27-Apr-2022 10:44:13.539 INFO [main] org.apache.coyote.AbstractProtocol.destroy Destroying ProtocolHandler ["http-nio-8686"]
27-Apr-2022 10:47:17.488 INFO [main] org.apache.catalina.startup.VersionLoggerListener.log Server version name:   Apache Tomcat/10.0.18
27-Apr-2022 10:47:17.491 INFO [main] org.apache.catalina.startup.VersionLoggerListener.log Server built:          Mar 9 2022 14:30:15 UTC
27-Apr-2022 10:47:17.491 INFO [main] org.apache.catalina.startup.VersionLoggerListener.log Server version number: 10.0.18.0
27-Apr-2022 10:47:17.491 INFO [main] org.apache.catalina.startup.VersionLoggerListener.log OS Name:               Windows 10
27-Apr-2022 10:47:17.492 INFO [main] org.apache.catalina.startup.VersionLoggerListener.log OS Version:            10.0
27-Apr-2022 10:47:17.492 INFO [main] org.apache.catalina.startup.VersionLoggerListener.log Architecture:          amd64
27-Apr-2022 10:47:17.492 INFO [main] org.apache.catalina.startup.VersionLoggerListener.log Java Home:             C:\Program Files\Java\jdk-17.0.2
27-Apr-2022 10:47:17.492 INFO [main] org.apache.catalina.startup.VersionLoggerListener.log JVM Version:           17.0.2+8-LTS-86
27-Apr-2022 10:47:17.492 INFO [main] org.apache.catalina.startup.VersionLoggerListener.log JVM Vendor:            Oracle Corporation
27-Apr-2022 10:47:17.492 INFO [main] org.apache.catalina.startup.VersionLoggerListener.log CATALINA_BASE:         C:\Users\User\Everything\Suli\Adatb_2\Push\Adatbre_2_allaskereso\Tomcat_10
27-Apr-2022 10:47:17.492 INFO [main] org.apache.catalina.startup.VersionLoggerListener.log CATALINA_HOME:         C:\Users\User\Everything\Suli\Adatb_2\Push\Adatbre_2_allaskereso\Tomcat_10
27-Apr-2022 10:47:17.504 INFO [main] org.apache.catalina.startup.VersionLoggerListener.log Command line argument: --add-opens=java.base/java.lang=ALL-UNNAMED
27-Apr-2022 10:47:17.504 INFO [main] org.apache.catalina.startup.VersionLoggerListener.log Command line argument: --add-opens=java.base/java.io=ALL-UNNAMED
27-Apr-2022 10:47:17.504 INFO [main] org.apache.catalina.startup.VersionLoggerListener.log Command line argument: --add-opens=java.base/java.util=ALL-UNNAMED
27-Apr-2022 10:47:17.505 INFO [main] org.apache.catalina.startup.VersionLoggerListener.log Command line argument: --add-opens=java.base/java.util.concurrent=ALL-UNNAMED
27-Apr-2022 10:47:17.505 INFO [main] org.apache.catalina.startup.VersionLoggerListener.log Command line argument: --add-opens=java.rmi/sun.rmi.transport=ALL-UNNAMED
27-Apr-2022 10:47:17.505 INFO [main] org.apache.catalina.startup.VersionLoggerListener.log Command line argument: -Djava.util.logging.config.file=C:\Users\User\Everything\Suli\Adatb_2\Push\Adatbre_2_allaskereso\Tomcat_10\conf\logging.properties
27-Apr-2022 10:47:17.505 INFO [main] org.apache.catalina.startup.VersionLoggerListener.log Command line argument: -Djava.util.logging.manager=org.apache.juli.ClassLoaderLogManager
27-Apr-2022 10:47:17.505 INFO [main] org.apache.catalina.startup.VersionLoggerListener.log Command line argument: -Djdk.tls.ephemeralDHKeySize=2048
27-Apr-2022 10:47:17.505 INFO [main] org.apache.catalina.startup.VersionLoggerListener.log Command line argument: -Djava.protocol.handler.pkgs=org.apache.catalina.webresources
27-Apr-2022 10:47:17.505 INFO [main] org.apache.catalina.startup.VersionLoggerListener.log Command line argument: -Dignore.endorsed.dirs=
27-Apr-2022 10:47:17.505 INFO [main] org.apache.catalina.startup.VersionLoggerListener.log Command line argument: -Dcatalina.base=C:\Users\User\Everything\Suli\Adatb_2\Push\Adatbre_2_allaskereso\Tomcat_10
27-Apr-2022 10:47:17.505 INFO [main] org.apache.catalina.startup.VersionLoggerListener.log Command line argument: -Dcatalina.home=C:\Users\User\Everything\Suli\Adatb_2\Push\Adatbre_2_allaskereso\Tomcat_10
27-Apr-2022 10:47:17.506 INFO [main] org.apache.catalina.startup.VersionLoggerListener.log Command line argument: -Djava.io.tmpdir=C:\Users\User\Everything\Suli\Adatb_2\Push\Adatbre_2_allaskereso\Tomcat_10\temp
27-Apr-2022 10:47:17.510 INFO [main] org.apache.catalina.core.AprLifecycleListener.lifecycleEvent Loaded Apache Tomcat Native library [1.2.31] using APR version [1.7.0].
27-Apr-2022 10:47:17.510 INFO [main] org.apache.catalina.core.AprLifecycleListener.lifecycleEvent APR capabilities: IPv6 [true], sendfile [true], accept filters [false], random [true], UDS [true].
27-Apr-2022 10:47:17.518 INFO [main] org.apache.catalina.core.AprLifecycleListener.initializeSSL OpenSSL successfully initialized [OpenSSL 1.1.1l  24 Aug 2021]
27-Apr-2022 10:47:17.803 INFO [main] org.apache.coyote.AbstractProtocol.init Initializing ProtocolHandler ["http-nio-8686"]
27-Apr-2022 10:47:17.829 INFO [main] org.apache.catalina.startup.Catalina.load Server initialization in [606] milliseconds
27-Apr-2022 10:47:17.875 INFO [main] org.apache.catalina.core.StandardService.startInternal Starting service [Catalina]
27-Apr-2022 10:47:17.876 INFO [main] org.apache.catalina.core.StandardEngine.startInternal Starting Servlet engine: [Apache Tomcat/10.0.18]
27-Apr-2022 10:47:20.255 INFO [main] org.apache.jasper.servlet.TldScanner.scanJars At least one JAR was scanned for TLDs yet contained no TLDs. Enable debug logging for this logger for a complete list of JARs that were scanned but no TLDs were found in them. Skipping unneeded JARs during scanning can improve startup time and JSP compilation time.
27-Apr-2022 10:47:20.416 INFO [main] org.apache.catalina.startup.HostConfig.deployDirectory Deploying web application directory [C:\Users\User\Everything\Suli\Adatb_2\Push\Adatbre_2_allaskereso\Tomcat_10\webapps\tomcat_control]
27-Apr-2022 10:47:20.485 INFO [main] org.apache.catalina.startup.HostConfig.deployDirectory Deployment of web application directory [C:\Users\User\Everything\Suli\Adatb_2\Push\Adatbre_2_allaskereso\Tomcat_10\webapps\tomcat_control] has finished in [68] ms
27-Apr-2022 10:47:20.486 INFO [main] org.apache.catalina.startup.HostConfig.deployDirectory Deploying web application directory [C:\Users\User\Everything\Suli\Adatb_2\Push\Adatbre_2_allaskereso\Tomcat_10\webapps\Webapp_2]
27-Apr-2022 10:47:20.547 INFO [main] org.apache.catalina.startup.HostConfig.deployDirectory Deployment of web application directory [C:\Users\User\Everything\Suli\Adatb_2\Push\Adatbre_2_allaskereso\Tomcat_10\webapps\Webapp_2] has finished in [62] ms
27-Apr-2022 10:47:20.550 INFO [main] org.apache.coyote.AbstractProtocol.start Starting ProtocolHandler ["http-nio-8686"]
27-Apr-2022 10:47:20.639 INFO [main] org.apache.catalina.startup.Catalina.start Server startup in [2809] milliseconds
27-Apr-2022 10:51:37.447 INFO [main] org.apache.catalina.core.StandardServer.await A valid shutdown command was received via the shutdown port. Stopping the Server instance.
27-Apr-2022 10:51:37.447 INFO [main] org.apache.coyote.AbstractProtocol.pause Pausing ProtocolHandler ["http-nio-8686"]
27-Apr-2022 10:51:37.474 INFO [main] org.apache.catalina.core.StandardService.stopInternal Stopping service [Catalina]
27-Apr-2022 10:51:37.504 WARNING [main] org.apache.catalina.loader.WebappClassLoaderBase.clearReferencesJdbc The web application [ROOT] registered the JDBC driver [oracle.jdbc.OracleDriver] but failed to unregister it when the web application was stopped. To prevent a memory leak, the JDBC Driver has been forcibly unregistered.
27-Apr-2022 10:51:37.514 INFO [main] org.apache.coyote.AbstractProtocol.stop Stopping ProtocolHandler ["http-nio-8686"]
27-Apr-2022 10:51:37.520 INFO [main] org.apache.coyote.AbstractProtocol.destroy Destroying ProtocolHandler ["http-nio-8686"]
27-Apr-2022 10:59:53.256 INFO [main] org.apache.catalina.startup.VersionLoggerListener.log Server version name:   Apache Tomcat/10.0.18
27-Apr-2022 10:59:53.259 INFO [main] org.apache.catalina.startup.VersionLoggerListener.log Server built:          Mar 9 2022 14:30:15 UTC
27-Apr-2022 10:59:53.260 INFO [main] org.apache.catalina.startup.VersionLoggerListener.log Server version number: 10.0.18.0
27-Apr-2022 10:59:53.260 INFO [main] org.apache.catalina.startup.VersionLoggerListener.log OS Name:               Windows 10
27-Apr-2022 10:59:53.260 INFO [main] org.apache.catalina.startup.VersionLoggerListener.log OS Version:            10.0
27-Apr-2022 10:59:53.260 INFO [main] org.apache.catalina.startup.VersionLoggerListener.log Architecture:          amd64
27-Apr-2022 10:59:53.260 INFO [main] org.apache.catalina.startup.VersionLoggerListener.log Java Home:             C:\Program Files\Java\jdk-17.0.2
27-Apr-2022 10:59:53.261 INFO [main] org.apache.catalina.startup.VersionLoggerListener.log JVM Version:           17.0.2+8-LTS-86
27-Apr-2022 10:59:53.261 INFO [main] org.apache.catalina.startup.VersionLoggerListener.log JVM Vendor:            Oracle Corporation
27-Apr-2022 10:59:53.261 INFO [main] org.apache.catalina.startup.VersionLoggerListener.log CATALINA_BASE:         C:\Users\User\Everything\Suli\Adatb_2\Push\Adatbre_2_allaskereso\Tomcat_10
27-Apr-2022 10:59:53.261 INFO [main] org.apache.catalina.startup.VersionLoggerListener.log CATALINA_HOME:         C:\Users\User\Everything\Suli\Adatb_2\Push\Adatbre_2_allaskereso\Tomcat_10
27-Apr-2022 10:59:53.270 INFO [main] org.apache.catalina.startup.VersionLoggerListener.log Command line argument: --add-opens=java.base/java.lang=ALL-UNNAMED
27-Apr-2022 10:59:53.270 INFO [main] org.apache.catalina.startup.VersionLoggerListener.log Command line argument: --add-opens=java.base/java.io=ALL-UNNAMED
27-Apr-2022 10:59:53.270 INFO [main] org.apache.catalina.startup.VersionLoggerListener.log Command line argument: --add-opens=java.base/java.util=ALL-UNNAMED
27-Apr-2022 10:59:53.270 INFO [main] org.apache.catalina.startup.VersionLoggerListener.log Command line argument: --add-opens=java.base/java.util.concurrent=ALL-UNNAMED
27-Apr-2022 10:59:53.270 INFO [main] org.apache.catalina.startup.VersionLoggerListener.log Command line argument: --add-opens=java.rmi/sun.rmi.transport=ALL-UNNAMED
27-Apr-2022 10:59:53.271 INFO [main] org.apache.catalina.startup.VersionLoggerListener.log Command line argument: -Djava.util.logging.config.file=C:\Users\User\Everything\Suli\Adatb_2\Push\Adatbre_2_allaskereso\Tomcat_10\conf\logging.properties
27-Apr-2022 10:59:53.271 INFO [main] org.apache.catalina.startup.VersionLoggerListener.log Command line argument: -Djava.util.logging.manager=org.apache.juli.ClassLoaderLogManager
27-Apr-2022 10:59:53.271 INFO [main] org.apache.catalina.startup.VersionLoggerListener.log Command line argument: -Djdk.tls.ephemeralDHKeySize=2048
27-Apr-2022 10:59:53.271 INFO [main] org.apache.catalina.startup.VersionLoggerListener.log Command line argument: -Djava.protocol.handler.pkgs=org.apache.catalina.webresources
27-Apr-2022 10:59:53.271 INFO [main] org.apache.catalina.startup.VersionLoggerListener.log Command line argument: -Dignore.endorsed.dirs=
27-Apr-2022 10:59:53.271 INFO [main] org.apache.catalina.startup.VersionLoggerListener.log Command line argument: -Dcatalina.base=C:\Users\User\Everything\Suli\Adatb_2\Push\Adatbre_2_allaskereso\Tomcat_10
27-Apr-2022 10:59:53.271 INFO [main] org.apache.catalina.startup.VersionLoggerListener.log Command line argument: -Dcatalina.home=C:\Users\User\Everything\Suli\Adatb_2\Push\Adatbre_2_allaskereso\Tomcat_10
27-Apr-2022 10:59:53.271 INFO [main] org.apache.catalina.startup.VersionLoggerListener.log Command line argument: -Djava.io.tmpdir=C:\Users\User\Everything\Suli\Adatb_2\Push\Adatbre_2_allaskereso\Tomcat_10\temp
27-Apr-2022 10:59:53.276 INFO [main] org.apache.catalina.core.AprLifecycleListener.lifecycleEvent Loaded Apache Tomcat Native library [1.2.31] using APR version [1.7.0].
27-Apr-2022 10:59:53.276 INFO [main] org.apache.catalina.core.AprLifecycleListener.lifecycleEvent APR capabilities: IPv6 [true], sendfile [true], accept filters [false], random [true], UDS [true].
27-Apr-2022 10:59:53.283 INFO [main] org.apache.catalina.core.AprLifecycleListener.initializeSSL OpenSSL successfully initialized [OpenSSL 1.1.1l  24 Aug 2021]
27-Apr-2022 10:59:53.480 INFO [main] org.apache.coyote.AbstractProtocol.init Initializing ProtocolHandler ["http-nio-8686"]
27-Apr-2022 10:59:53.501 INFO [main] org.apache.catalina.startup.Catalina.load Server initialization in [457] milliseconds
27-Apr-2022 10:59:53.538 INFO [main] org.apache.catalina.core.StandardService.startInternal Starting service [Catalina]
27-Apr-2022 10:59:53.538 INFO [main] org.apache.catalina.core.StandardEngine.startInternal Starting Servlet engine: [Apache Tomcat/10.0.18]
27-Apr-2022 10:59:55.287 INFO [main] org.apache.jasper.servlet.TldScanner.scanJars At least one JAR was scanned for TLDs yet contained no TLDs. Enable debug logging for this logger for a complete list of JARs that were scanned but no TLDs were found in them. Skipping unneeded JARs during scanning can improve startup time and JSP compilation time.
27-Apr-2022 10:59:55.394 INFO [main] org.apache.catalina.startup.HostConfig.deployDirectory Deploying web application directory [C:\Users\User\Everything\Suli\Adatb_2\Push\Adatbre_2_allaskereso\Tomcat_10\webapps\tomcat_control]
27-Apr-2022 10:59:55.443 INFO [main] org.apache.catalina.startup.HostConfig.deployDirectory Deployment of web application directory [C:\Users\User\Everything\Suli\Adatb_2\Push\Adatbre_2_allaskereso\Tomcat_10\webapps\tomcat_control] has finished in [48] ms
27-Apr-2022 10:59:55.443 INFO [main] org.apache.catalina.startup.HostConfig.deployDirectory Deploying web application directory [C:\Users\User\Everything\Suli\Adatb_2\Push\Adatbre_2_allaskereso\Tomcat_10\webapps\Webapp_2]
27-Apr-2022 10:59:55.493 INFO [main] org.apache.catalina.startup.HostConfig.deployDirectory Deployment of web application directory [C:\Users\User\Everything\Suli\Adatb_2\Push\Adatbre_2_allaskereso\Tomcat_10\webapps\Webapp_2] has finished in [50] ms
27-Apr-2022 10:59:55.496 INFO [main] org.apache.coyote.AbstractProtocol.start Starting ProtocolHandler ["http-nio-8686"]
27-Apr-2022 10:59:55.577 INFO [main] org.apache.catalina.startup.Catalina.start Server startup in [2075] milliseconds
27-Apr-2022 11:01:16.918 INFO [main] org.apache.catalina.core.StandardServer.await A valid shutdown command was received via the shutdown port. Stopping the Server instance.
27-Apr-2022 11:01:16.919 INFO [main] org.apache.coyote.AbstractProtocol.pause Pausing ProtocolHandler ["http-nio-8686"]
27-Apr-2022 11:01:16.951 INFO [main] org.apache.catalina.core.StandardService.stopInternal Stopping service [Catalina]
27-Apr-2022 11:01:16.987 WARNING [main] org.apache.catalina.loader.WebappClassLoaderBase.clearReferencesJdbc The web application [ROOT] registered the JDBC driver [oracle.jdbc.OracleDriver] but failed to unregister it when the web application was stopped. To prevent a memory leak, the JDBC Driver has been forcibly unregistered.
27-Apr-2022 11:01:17.000 INFO [main] org.apache.coyote.AbstractProtocol.stop Stopping ProtocolHandler ["http-nio-8686"]
27-Apr-2022 11:01:17.007 INFO [main] org.apache.coyote.AbstractProtocol.destroy Destroying ProtocolHandler ["http-nio-8686"]
