26-Apr-2022 10:43:58.255 INFO [main] org.apache.catalina.core.ApplicationContext.log default: DefaultServlet.init:  input buffer size=2048, output buffer size=2048
26-Apr-2022 11:01:16.591 INFO [main] org.apache.catalina.core.ApplicationContext.log default: DefaultServlet.init:  input buffer size=2048, output buffer size=2048
26-Apr-2022 11:01:26.142 SEVERE [http-nio-8686-exec-1] org.apache.catalina.core.StandardWrapperValve.invoke Servlet.service() for servlet [jsp] in context with path [] threw exception [Unable to compile class for JSP: 

An error occurred at line: [35] in the jsp file: [/index.jsp]
Controller cannot be resolved to a type
32: 
33:     <div class="tartalom">
34:         <%!
35:             Controller control = new Controller();
36:         %>
37: 
38:         <%


An error occurred at line: [35] in the jsp file: [/index.jsp]
Controller cannot be resolved to a type
32: 
33:     <div class="tartalom">
34:         <%!
35:             Controller control = new Controller();
36:         %>
37: 
38:         <%


An error occurred at line: [39] in the jsp file: [/index.jsp]
ArrayList cannot be resolved to a type
36:         %>
37: 
38:         <%
39:             ArrayList<String[]> database_results = control.customSQL("SELECT * FROM ALLAS"));
40:             for (i in database_results) {
41:                 out.println(i[1]);
42:             }


An error occurred at line: [39] in the jsp file: [/index.jsp]
control cannot be resolved
36:         %>
37: 
38:         <%
39:             ArrayList<String[]> database_results = control.customSQL("SELECT * FROM ALLAS"));
40:             for (i in database_results) {
41:                 out.println(i[1]);
42:             }


An error occurred at line: [39] in the jsp file: [/index.jsp]
Syntax error on token ")", delete this token
36:         %>
37: 
38:         <%
39:             ArrayList<String[]> database_results = control.customSQL("SELECT * FROM ALLAS"));
40:             for (i in database_results) {
41:                 out.println(i[1]);
42:             }


An error occurred at line: [40] in the jsp file: [/index.jsp]
i cannot be resolved to a type
37: 
38:         <%
39:             ArrayList<String[]> database_results = control.customSQL("SELECT * FROM ALLAS"));
40:             for (i in database_results) {
41:                 out.println(i[1]);
42:             }
43:         %>


An error occurred at line: [40] in the jsp file: [/index.jsp]
Syntax error on token "in", : expected after this token
37: 
38:         <%
39:             ArrayList<String[]> database_results = control.customSQL("SELECT * FROM ALLAS"));
40:             for (i in database_results) {
41:                 out.println(i[1]);
42:             }
43:         %>


An error occurred at line: [41] in the jsp file: [/index.jsp]
i cannot be resolved to a variable
38:         <%
39:             ArrayList<String[]> database_results = control.customSQL("SELECT * FROM ALLAS"));
40:             for (i in database_results) {
41:                 out.println(i[1]);
42:             }
43:         %>
44:     </div>


Stacktrace:] with root cause
	org.apache.jasper.JasperException: Unable to compile class for JSP: 

An error occurred at line: [35] in the jsp file: [/index.jsp]
Controller cannot be resolved to a type
32: 
33:     <div class="tartalom">
34:         <%!
35:             Controller control = new Controller();
36:         %>
37: 
38:         <%


An error occurred at line: [35] in the jsp file: [/index.jsp]
Controller cannot be resolved to a type
32: 
33:     <div class="tartalom">
34:         <%!
35:             Controller control = new Controller();
36:         %>
37: 
38:         <%


An error occurred at line: [39] in the jsp file: [/index.jsp]
ArrayList cannot be resolved to a type
36:         %>
37: 
38:         <%
39:             ArrayList<String[]> database_results = control.customSQL("SELECT * FROM ALLAS"));
40:             for (i in database_results) {
41:                 out.println(i[1]);
42:             }


An error occurred at line: [39] in the jsp file: [/index.jsp]
control cannot be resolved
36:         %>
37: 
38:         <%
39:             ArrayList<String[]> database_results = control.customSQL("SELECT * FROM ALLAS"));
40:             for (i in database_results) {
41:                 out.println(i[1]);
42:             }


An error occurred at line: [39] in the jsp file: [/index.jsp]
Syntax error on token ")", delete this token
36:         %>
37: 
38:         <%
39:             ArrayList<String[]> database_results = control.customSQL("SELECT * FROM ALLAS"));
40:             for (i in database_results) {
41:                 out.println(i[1]);
42:             }


An error occurred at line: [40] in the jsp file: [/index.jsp]
i cannot be resolved to a type
37: 
38:         <%
39:             ArrayList<String[]> database_results = control.customSQL("SELECT * FROM ALLAS"));
40:             for (i in database_results) {
41:                 out.println(i[1]);
42:             }
43:         %>


An error occurred at line: [40] in the jsp file: [/index.jsp]
Syntax error on token "in", : expected after this token
37: 
38:         <%
39:             ArrayList<String[]> database_results = control.customSQL("SELECT * FROM ALLAS"));
40:             for (i in database_results) {
41:                 out.println(i[1]);
42:             }
43:         %>


An error occurred at line: [41] in the jsp file: [/index.jsp]
i cannot be resolved to a variable
38:         <%
39:             ArrayList<String[]> database_results = control.customSQL("SELECT * FROM ALLAS"));
40:             for (i in database_results) {
41:                 out.println(i[1]);
42:             }
43:         %>
44:     </div>


Stacktrace:
		at org.apache.jasper.compiler.DefaultErrorHandler.javacError(DefaultErrorHandler.java:102)
		at org.apache.jasper.compiler.ErrorDispatcher.javacError(ErrorDispatcher.java:213)
		at org.apache.jasper.compiler.JDTCompiler.generateClass(JDTCompiler.java:498)
		at org.apache.jasper.compiler.Compiler.compile(Compiler.java:397)
		at org.apache.jasper.compiler.Compiler.compile(Compiler.java:367)
		at org.apache.jasper.compiler.Compiler.compile(Compiler.java:351)
		at org.apache.jasper.JspCompilationContext.compile(JspCompilationContext.java:603)
		at org.apache.jasper.servlet.JspServletWrapper.service(JspServletWrapper.java:399)
		at org.apache.jasper.servlet.JspServlet.serviceJspFile(JspServlet.java:380)
		at org.apache.jasper.servlet.JspServlet.service(JspServlet.java:328)
		at jakarta.servlet.http.HttpServlet.service(HttpServlet.java:777)
		at org.apache.catalina.core.ApplicationFilterChain.internalDoFilter(ApplicationFilterChain.java:223)
		at org.apache.catalina.core.ApplicationFilterChain.doFilter(ApplicationFilterChain.java:158)
		at org.apache.tomcat.websocket.server.WsFilter.doFilter(WsFilter.java:53)
		at org.apache.catalina.core.ApplicationFilterChain.internalDoFilter(ApplicationFilterChain.java:185)
		at org.apache.catalina.core.ApplicationFilterChain.doFilter(ApplicationFilterChain.java:158)
		at org.apache.catalina.core.StandardWrapperValve.invoke(StandardWrapperValve.java:197)
		at org.apache.catalina.core.StandardContextValve.invoke(StandardContextValve.java:97)
		at org.apache.catalina.authenticator.AuthenticatorBase.invoke(AuthenticatorBase.java:542)
		at org.apache.catalina.core.StandardHostValve.invoke(StandardHostValve.java:119)
		at org.apache.catalina.valves.ErrorReportValve.invoke(ErrorReportValve.java:92)
		at org.apache.catalina.valves.AbstractAccessLogValve.invoke(AbstractAccessLogValve.java:690)
		at org.apache.catalina.core.StandardEngineValve.invoke(StandardEngineValve.java:78)
		at org.apache.catalina.connector.CoyoteAdapter.service(CoyoteAdapter.java:356)
		at org.apache.coyote.http11.Http11Processor.service(Http11Processor.java:399)
		at org.apache.coyote.AbstractProcessorLight.process(AbstractProcessorLight.java:65)
		at org.apache.coyote.AbstractProtocol$ConnectionHandler.process(AbstractProtocol.java:866)
		at org.apache.tomcat.util.net.NioEndpoint$SocketProcessor.doRun(NioEndpoint.java:1716)
		at org.apache.tomcat.util.net.SocketProcessorBase.run(SocketProcessorBase.java:49)
		at org.apache.tomcat.util.threads.ThreadPoolExecutor.runWorker(ThreadPoolExecutor.java:1191)
		at org.apache.tomcat.util.threads.ThreadPoolExecutor$Worker.run(ThreadPoolExecutor.java:659)
		at org.apache.tomcat.util.threads.TaskThread$WrappingRunnable.run(TaskThread.java:61)
		at java.base/java.lang.Thread.run(Thread.java:833)
26-Apr-2022 11:01:26.694 INFO [http-nio-8686-exec-2] org.apache.catalina.core.ApplicationContext.log default: DefaultServlet.serveResource:  Serving resource '/favicon.ico' headers and data
26-Apr-2022 11:02:32.162 INFO [main] org.apache.catalina.core.ApplicationContext.log default: DefaultServlet.init:  input buffer size=2048, output buffer size=2048
26-Apr-2022 11:02:37.602 SEVERE [http-nio-8686-exec-1] org.apache.catalina.core.StandardWrapperValve.invoke Servlet.service() for servlet [jsp] in context with path [] threw exception [Unable to compile class for JSP: 

An error occurred at line: [40] in the jsp file: [/index.jsp]
ArrayList cannot be resolved to a type
37:         %>
38: 
39:         <%
40:             ArrayList<String[]> database_results = control.customSQL("SELECT * FROM ALLAS"));
41:             for (i in database_results) {
42:                 out.println(i[1]);
43:             }


An error occurred at line: [40] in the jsp file: [/index.jsp]
Syntax error on token ")", delete this token
37:         %>
38: 
39:         <%
40:             ArrayList<String[]> database_results = control.customSQL("SELECT * FROM ALLAS"));
41:             for (i in database_results) {
42:                 out.println(i[1]);
43:             }


An error occurred at line: [41] in the jsp file: [/index.jsp]
i cannot be resolved to a type
38: 
39:         <%
40:             ArrayList<String[]> database_results = control.customSQL("SELECT * FROM ALLAS"));
41:             for (i in database_results) {
42:                 out.println(i[1]);
43:             }
44:         %>


An error occurred at line: [41] in the jsp file: [/index.jsp]
Syntax error on token "in", : expected after this token
38: 
39:         <%
40:             ArrayList<String[]> database_results = control.customSQL("SELECT * FROM ALLAS"));
41:             for (i in database_results) {
42:                 out.println(i[1]);
43:             }
44:         %>


An error occurred at line: [42] in the jsp file: [/index.jsp]
i cannot be resolved to a variable
39:         <%
40:             ArrayList<String[]> database_results = control.customSQL("SELECT * FROM ALLAS"));
41:             for (i in database_results) {
42:                 out.println(i[1]);
43:             }
44:         %>
45:     </div>


Stacktrace:] with root cause
	org.apache.jasper.JasperException: Unable to compile class for JSP: 

An error occurred at line: [40] in the jsp file: [/index.jsp]
ArrayList cannot be resolved to a type
37:         %>
38: 
39:         <%
40:             ArrayList<String[]> database_results = control.customSQL("SELECT * FROM ALLAS"));
41:             for (i in database_results) {
42:                 out.println(i[1]);
43:             }


An error occurred at line: [40] in the jsp file: [/index.jsp]
Syntax error on token ")", delete this token
37:         %>
38: 
39:         <%
40:             ArrayList<String[]> database_results = control.customSQL("SELECT * FROM ALLAS"));
41:             for (i in database_results) {
42:                 out.println(i[1]);
43:             }


An error occurred at line: [41] in the jsp file: [/index.jsp]
i cannot be resolved to a type
38: 
39:         <%
40:             ArrayList<String[]> database_results = control.customSQL("SELECT * FROM ALLAS"));
41:             for (i in database_results) {
42:                 out.println(i[1]);
43:             }
44:         %>


An error occurred at line: [41] in the jsp file: [/index.jsp]
Syntax error on token "in", : expected after this token
38: 
39:         <%
40:             ArrayList<String[]> database_results = control.customSQL("SELECT * FROM ALLAS"));
41:             for (i in database_results) {
42:                 out.println(i[1]);
43:             }
44:         %>


An error occurred at line: [42] in the jsp file: [/index.jsp]
i cannot be resolved to a variable
39:         <%
40:             ArrayList<String[]> database_results = control.customSQL("SELECT * FROM ALLAS"));
41:             for (i in database_results) {
42:                 out.println(i[1]);
43:             }
44:         %>
45:     </div>


Stacktrace:
		at org.apache.jasper.compiler.DefaultErrorHandler.javacError(DefaultErrorHandler.java:102)
		at org.apache.jasper.compiler.ErrorDispatcher.javacError(ErrorDispatcher.java:213)
		at org.apache.jasper.compiler.JDTCompiler.generateClass(JDTCompiler.java:498)
		at org.apache.jasper.compiler.Compiler.compile(Compiler.java:397)
		at org.apache.jasper.compiler.Compiler.compile(Compiler.java:367)
		at org.apache.jasper.compiler.Compiler.compile(Compiler.java:351)
		at org.apache.jasper.JspCompilationContext.compile(JspCompilationContext.java:603)
		at org.apache.jasper.servlet.JspServletWrapper.service(JspServletWrapper.java:399)
		at org.apache.jasper.servlet.JspServlet.serviceJspFile(JspServlet.java:380)
		at org.apache.jasper.servlet.JspServlet.service(JspServlet.java:328)
		at jakarta.servlet.http.HttpServlet.service(HttpServlet.java:777)
		at org.apache.catalina.core.ApplicationFilterChain.internalDoFilter(ApplicationFilterChain.java:223)
		at org.apache.catalina.core.ApplicationFilterChain.doFilter(ApplicationFilterChain.java:158)
		at org.apache.tomcat.websocket.server.WsFilter.doFilter(WsFilter.java:53)
		at org.apache.catalina.core.ApplicationFilterChain.internalDoFilter(ApplicationFilterChain.java:185)
		at org.apache.catalina.core.ApplicationFilterChain.doFilter(ApplicationFilterChain.java:158)
		at org.apache.catalina.core.StandardWrapperValve.invoke(StandardWrapperValve.java:197)
		at org.apache.catalina.core.StandardContextValve.invoke(StandardContextValve.java:97)
		at org.apache.catalina.authenticator.AuthenticatorBase.invoke(AuthenticatorBase.java:542)
		at org.apache.catalina.core.StandardHostValve.invoke(StandardHostValve.java:119)
		at org.apache.catalina.valves.ErrorReportValve.invoke(ErrorReportValve.java:92)
		at org.apache.catalina.valves.AbstractAccessLogValve.invoke(AbstractAccessLogValve.java:690)
		at org.apache.catalina.core.StandardEngineValve.invoke(StandardEngineValve.java:78)
		at org.apache.catalina.connector.CoyoteAdapter.service(CoyoteAdapter.java:356)
		at org.apache.coyote.http11.Http11Processor.service(Http11Processor.java:399)
		at org.apache.coyote.AbstractProcessorLight.process(AbstractProcessorLight.java:65)
		at org.apache.coyote.AbstractProtocol$ConnectionHandler.process(AbstractProtocol.java:866)
		at org.apache.tomcat.util.net.NioEndpoint$SocketProcessor.doRun(NioEndpoint.java:1716)
		at org.apache.tomcat.util.net.SocketProcessorBase.run(SocketProcessorBase.java:49)
		at org.apache.tomcat.util.threads.ThreadPoolExecutor.runWorker(ThreadPoolExecutor.java:1191)
		at org.apache.tomcat.util.threads.ThreadPoolExecutor$Worker.run(ThreadPoolExecutor.java:659)
		at org.apache.tomcat.util.threads.TaskThread$WrappingRunnable.run(TaskThread.java:61)
		at java.base/java.lang.Thread.run(Thread.java:833)
26-Apr-2022 11:03:20.350 INFO [main] org.apache.catalina.core.ApplicationContext.log default: DefaultServlet.init:  input buffer size=2048, output buffer size=2048
26-Apr-2022 11:03:24.049 SEVERE [http-nio-8686-exec-1] org.apache.catalina.core.StandardWrapperValve.invoke Servlet.service() for servlet [jsp] in context with path [] threw exception [Unable to compile class for JSP: 

An error occurred at line: [40] in the jsp file: [/index.jsp]
Syntax error on token ")", delete this token
37:         %>
38: 
39:         <%
40:             ArrayList<String[]> database_results = control.customSQL("SELECT * FROM ALLAS"));
41:             for (i in database_results) {
42:                 out.println(i[1]);
43:             }


An error occurred at line: [41] in the jsp file: [/index.jsp]
i cannot be resolved to a type
38: 
39:         <%
40:             ArrayList<String[]> database_results = control.customSQL("SELECT * FROM ALLAS"));
41:             for (i in database_results) {
42:                 out.println(i[1]);
43:             }
44:         %>


An error occurred at line: [41] in the jsp file: [/index.jsp]
Syntax error on token "in", : expected after this token
38: 
39:         <%
40:             ArrayList<String[]> database_results = control.customSQL("SELECT * FROM ALLAS"));
41:             for (i in database_results) {
42:                 out.println(i[1]);
43:             }
44:         %>


An error occurred at line: [41] in the jsp file: [/index.jsp]
Type mismatch: cannot convert from element type String[] to i
38: 
39:         <%
40:             ArrayList<String[]> database_results = control.customSQL("SELECT * FROM ALLAS"));
41:             for (i in database_results) {
42:                 out.println(i[1]);
43:             }
44:         %>


An error occurred at line: [42] in the jsp file: [/index.jsp]
i cannot be resolved to a variable
39:         <%
40:             ArrayList<String[]> database_results = control.customSQL("SELECT * FROM ALLAS"));
41:             for (i in database_results) {
42:                 out.println(i[1]);
43:             }
44:         %>
45:     </div>


Stacktrace:] with root cause
	org.apache.jasper.JasperException: Unable to compile class for JSP: 

An error occurred at line: [40] in the jsp file: [/index.jsp]
Syntax error on token ")", delete this token
37:         %>
38: 
39:         <%
40:             ArrayList<String[]> database_results = control.customSQL("SELECT * FROM ALLAS"));
41:             for (i in database_results) {
42:                 out.println(i[1]);
43:             }


An error occurred at line: [41] in the jsp file: [/index.jsp]
i cannot be resolved to a type
38: 
39:         <%
40:             ArrayList<String[]> database_results = control.customSQL("SELECT * FROM ALLAS"));
41:             for (i in database_results) {
42:                 out.println(i[1]);
43:             }
44:         %>


An error occurred at line: [41] in the jsp file: [/index.jsp]
Syntax error on token "in", : expected after this token
38: 
39:         <%
40:             ArrayList<String[]> database_results = control.customSQL("SELECT * FROM ALLAS"));
41:             for (i in database_results) {
42:                 out.println(i[1]);
43:             }
44:         %>


An error occurred at line: [41] in the jsp file: [/index.jsp]
Type mismatch: cannot convert from element type String[] to i
38: 
39:         <%
40:             ArrayList<String[]> database_results = control.customSQL("SELECT * FROM ALLAS"));
41:             for (i in database_results) {
42:                 out.println(i[1]);
43:             }
44:         %>


An error occurred at line: [42] in the jsp file: [/index.jsp]
i cannot be resolved to a variable
39:         <%
40:             ArrayList<String[]> database_results = control.customSQL("SELECT * FROM ALLAS"));
41:             for (i in database_results) {
42:                 out.println(i[1]);
43:             }
44:         %>
45:     </div>


Stacktrace:
		at org.apache.jasper.compiler.DefaultErrorHandler.javacError(DefaultErrorHandler.java:102)
		at org.apache.jasper.compiler.ErrorDispatcher.javacError(ErrorDispatcher.java:213)
		at org.apache.jasper.compiler.JDTCompiler.generateClass(JDTCompiler.java:498)
		at org.apache.jasper.compiler.Compiler.compile(Compiler.java:397)
		at org.apache.jasper.compiler.Compiler.compile(Compiler.java:367)
		at org.apache.jasper.compiler.Compiler.compile(Compiler.java:351)
		at org.apache.jasper.JspCompilationContext.compile(JspCompilationContext.java:603)
		at org.apache.jasper.servlet.JspServletWrapper.service(JspServletWrapper.java:399)
		at org.apache.jasper.servlet.JspServlet.serviceJspFile(JspServlet.java:380)
		at org.apache.jasper.servlet.JspServlet.service(JspServlet.java:328)
		at jakarta.servlet.http.HttpServlet.service(HttpServlet.java:777)
		at org.apache.catalina.core.ApplicationFilterChain.internalDoFilter(ApplicationFilterChain.java:223)
		at org.apache.catalina.core.ApplicationFilterChain.doFilter(ApplicationFilterChain.java:158)
		at org.apache.tomcat.websocket.server.WsFilter.doFilter(WsFilter.java:53)
		at org.apache.catalina.core.ApplicationFilterChain.internalDoFilter(ApplicationFilterChain.java:185)
		at org.apache.catalina.core.ApplicationFilterChain.doFilter(ApplicationFilterChain.java:158)
		at org.apache.catalina.core.StandardWrapperValve.invoke(StandardWrapperValve.java:197)
		at org.apache.catalina.core.StandardContextValve.invoke(StandardContextValve.java:97)
		at org.apache.catalina.authenticator.AuthenticatorBase.invoke(AuthenticatorBase.java:542)
		at org.apache.catalina.core.StandardHostValve.invoke(StandardHostValve.java:119)
		at org.apache.catalina.valves.ErrorReportValve.invoke(ErrorReportValve.java:92)
		at org.apache.catalina.valves.AbstractAccessLogValve.invoke(AbstractAccessLogValve.java:690)
		at org.apache.catalina.core.StandardEngineValve.invoke(StandardEngineValve.java:78)
		at org.apache.catalina.connector.CoyoteAdapter.service(CoyoteAdapter.java:356)
		at org.apache.coyote.http11.Http11Processor.service(Http11Processor.java:399)
		at org.apache.coyote.AbstractProcessorLight.process(AbstractProcessorLight.java:65)
		at org.apache.coyote.AbstractProtocol$ConnectionHandler.process(AbstractProtocol.java:866)
		at org.apache.tomcat.util.net.NioEndpoint$SocketProcessor.doRun(NioEndpoint.java:1716)
		at org.apache.tomcat.util.net.SocketProcessorBase.run(SocketProcessorBase.java:49)
		at org.apache.tomcat.util.threads.ThreadPoolExecutor.runWorker(ThreadPoolExecutor.java:1191)
		at org.apache.tomcat.util.threads.ThreadPoolExecutor$Worker.run(ThreadPoolExecutor.java:659)
		at org.apache.tomcat.util.threads.TaskThread$WrappingRunnable.run(TaskThread.java:61)
		at java.base/java.lang.Thread.run(Thread.java:833)
26-Apr-2022 11:04:07.311 INFO [main] org.apache.catalina.core.ApplicationContext.log default: DefaultServlet.init:  input buffer size=2048, output buffer size=2048
26-Apr-2022 11:04:12.334 SEVERE [http-nio-8686-exec-1] org.apache.catalina.core.StandardWrapperValve.invoke Servlet.service() for servlet [jsp] in context with path [] threw exception [Unable to compile class for JSP: 

An error occurred at line: [41] in the jsp file: [/index.jsp]
i cannot be resolved to a type
38: 
39:         <%
40:             ArrayList<String[]> database_results = control.customSQL("SELECT * FROM ALLAS");
41:             for (i in database_results) {
42:                 out.println(i[1]);
43:             }
44:         %>


An error occurred at line: [41] in the jsp file: [/index.jsp]
Syntax error on token "in", : expected after this token
38: 
39:         <%
40:             ArrayList<String[]> database_results = control.customSQL("SELECT * FROM ALLAS");
41:             for (i in database_results) {
42:                 out.println(i[1]);
43:             }
44:         %>


An error occurred at line: [41] in the jsp file: [/index.jsp]
Type mismatch: cannot convert from element type String[] to i
38: 
39:         <%
40:             ArrayList<String[]> database_results = control.customSQL("SELECT * FROM ALLAS");
41:             for (i in database_results) {
42:                 out.println(i[1]);
43:             }
44:         %>


An error occurred at line: [42] in the jsp file: [/index.jsp]
i cannot be resolved to a variable
39:         <%
40:             ArrayList<String[]> database_results = control.customSQL("SELECT * FROM ALLAS");
41:             for (i in database_results) {
42:                 out.println(i[1]);
43:             }
44:         %>
45:     </div>


Stacktrace:] with root cause
	org.apache.jasper.JasperException: Unable to compile class for JSP: 

An error occurred at line: [41] in the jsp file: [/index.jsp]
i cannot be resolved to a type
38: 
39:         <%
40:             ArrayList<String[]> database_results = control.customSQL("SELECT * FROM ALLAS");
41:             for (i in database_results) {
42:                 out.println(i[1]);
43:             }
44:         %>


An error occurred at line: [41] in the jsp file: [/index.jsp]
Syntax error on token "in", : expected after this token
38: 
39:         <%
40:             ArrayList<String[]> database_results = control.customSQL("SELECT * FROM ALLAS");
41:             for (i in database_results) {
42:                 out.println(i[1]);
43:             }
44:         %>


An error occurred at line: [41] in the jsp file: [/index.jsp]
Type mismatch: cannot convert from element type String[] to i
38: 
39:         <%
40:             ArrayList<String[]> database_results = control.customSQL("SELECT * FROM ALLAS");
41:             for (i in database_results) {
42:                 out.println(i[1]);
43:             }
44:         %>


An error occurred at line: [42] in the jsp file: [/index.jsp]
i cannot be resolved to a variable
39:         <%
40:             ArrayList<String[]> database_results = control.customSQL("SELECT * FROM ALLAS");
41:             for (i in database_results) {
42:                 out.println(i[1]);
43:             }
44:         %>
45:     </div>


Stacktrace:
		at org.apache.jasper.compiler.DefaultErrorHandler.javacError(DefaultErrorHandler.java:102)
		at org.apache.jasper.compiler.ErrorDispatcher.javacError(ErrorDispatcher.java:213)
		at org.apache.jasper.compiler.JDTCompiler.generateClass(JDTCompiler.java:498)
		at org.apache.jasper.compiler.Compiler.compile(Compiler.java:397)
		at org.apache.jasper.compiler.Compiler.compile(Compiler.java:367)
		at org.apache.jasper.compiler.Compiler.compile(Compiler.java:351)
		at org.apache.jasper.JspCompilationContext.compile(JspCompilationContext.java:603)
		at org.apache.jasper.servlet.JspServletWrapper.service(JspServletWrapper.java:399)
		at org.apache.jasper.servlet.JspServlet.serviceJspFile(JspServlet.java:380)
		at org.apache.jasper.servlet.JspServlet.service(JspServlet.java:328)
		at jakarta.servlet.http.HttpServlet.service(HttpServlet.java:777)
		at org.apache.catalina.core.ApplicationFilterChain.internalDoFilter(ApplicationFilterChain.java:223)
		at org.apache.catalina.core.ApplicationFilterChain.doFilter(ApplicationFilterChain.java:158)
		at org.apache.tomcat.websocket.server.WsFilter.doFilter(WsFilter.java:53)
		at org.apache.catalina.core.ApplicationFilterChain.internalDoFilter(ApplicationFilterChain.java:185)
		at org.apache.catalina.core.ApplicationFilterChain.doFilter(ApplicationFilterChain.java:158)
		at org.apache.catalina.core.StandardWrapperValve.invoke(StandardWrapperValve.java:197)
		at org.apache.catalina.core.StandardContextValve.invoke(StandardContextValve.java:97)
		at org.apache.catalina.authenticator.AuthenticatorBase.invoke(AuthenticatorBase.java:542)
		at org.apache.catalina.core.StandardHostValve.invoke(StandardHostValve.java:119)
		at org.apache.catalina.valves.ErrorReportValve.invoke(ErrorReportValve.java:92)
		at org.apache.catalina.valves.AbstractAccessLogValve.invoke(AbstractAccessLogValve.java:690)
		at org.apache.catalina.core.StandardEngineValve.invoke(StandardEngineValve.java:78)
		at org.apache.catalina.connector.CoyoteAdapter.service(CoyoteAdapter.java:356)
		at org.apache.coyote.http11.Http11Processor.service(Http11Processor.java:399)
		at org.apache.coyote.AbstractProcessorLight.process(AbstractProcessorLight.java:65)
		at org.apache.coyote.AbstractProtocol$ConnectionHandler.process(AbstractProtocol.java:866)
		at org.apache.tomcat.util.net.NioEndpoint$SocketProcessor.doRun(NioEndpoint.java:1716)
		at org.apache.tomcat.util.net.SocketProcessorBase.run(SocketProcessorBase.java:49)
		at org.apache.tomcat.util.threads.ThreadPoolExecutor.runWorker(ThreadPoolExecutor.java:1191)
		at org.apache.tomcat.util.threads.ThreadPoolExecutor$Worker.run(ThreadPoolExecutor.java:659)
		at org.apache.tomcat.util.threads.TaskThread$WrappingRunnable.run(TaskThread.java:61)
		at java.base/java.lang.Thread.run(Thread.java:833)
26-Apr-2022 11:04:52.967 INFO [main] org.apache.catalina.core.ApplicationContext.log default: DefaultServlet.init:  input buffer size=2048, output buffer size=2048
26-Apr-2022 11:05:01.907 INFO [http-nio-8686-exec-2] org.apache.catalina.core.ApplicationContext.log default: DefaultServlet.serveResource:  Serving resource '/style/stylesheet.css' headers and data
